restart: 0
Iteration 85058
Current probability is -2333.5645600895527
Restart	Tree_ID	initialFP	initalFN	initGamma	initialSigma	imputedFP	imputedFN	imputedMiss	estimatedFP	estimatedFN	estimatedMiss	estimatedSigma	Prob	P_DG	P_MG	P_MC	P_alpha	P_beta	P_gamma	P_sigma	P_G
0	85058	85058	0.01	0.2	0.06069651741293532	0.05	0.01	0.2	0.06069651741293532	0.09961638765343522	0.07376847304966551	0.06251001834338421	0.05228463297184636	-2333.5645600895527	-1158.8460513693756	45.808603735619094	-1169.6928331412453	-23.216704569589496	-9.686353326480813	-8.628959842117771	-8.456622754191349	-0.8456388221709898
0 0 0 0 0 0 0 0 0 0 0 0 0 0 0 0 0 0 0 1 1 1 1 1 1 1 1 1 1 1
0 0 0 0 0 0 0 0 0 0 0 0 0 0 1 0 1 1 0 1 1 1 1 1 1 1 1 1 1 1
0 0 0 0 0 0 0 0 0 0 0 0 0 0 0 0 0 0 0 0 1 1 1 1 1 1 1 1 1 1
0 0 0 0 0 0 0 0 0 0 1 0 0 0 0 0 0 0 0 0 1 1 1 1 1 1 1 1 1 1
1 0 0 1 1 0 0 1 0 0 0 0 0 0 0 0 0 0 0 0 0 1 0 1 1 1 1 1 1 1
1 0 0 1 1 0 0 1 0 0 0 0 0 0 0 0 0 0 0 0 0 1 0 1 1 1 1 1 1 1
0 0 0 0 0 0 0 0 0 0 0 0 0 0 0 0 0 0 0 0 0 1 0 1 1 1 1 1 0 1
0 0 0 1 1 0 0 1 0 0 0 0 0 0 0 0 0 0 0 0 0 1 0 1 1 1 1 1 1 1
0 0 0 0 0 0 0 0 0 0 0 0 0 0 1 0 1 1 0 1 1 1 1 1 1 1 1 1 1 1
0 0 0 0 0 1 0 0 1 1 1 0 0 0 0 0 0 0 0 0 1 1 1 1 1 1 1 1 1 1
0 0 0 0 0 0 0 0 0 0 0 0 0 0 0 0 0 0 0 0 0 1 0 1 0 1 0 0 0 1
0 1 1 1 1 0 0 1 0 0 0 0 0 1 0 0 0 0 0 0 0 1 0 1 1 1 1 1 1 1
0 0 0 0 0 0 0 0 0 0 0 0 0 0 0 0 0 0 0 0 0 1 1 1 1 1 1 1 1 1
0 0 0 0 0 0 0 0 0 0 0 0 0 0 0 0 0 0 1 1 1 1 1 1 1 1 1 1 1 1
0 0 0 0 0 0 0 0 0 0 1 0 0 0 0 0 0 0 0 0 1 1 1 1 1 1 1 1 1 1
0 0 0 0 0 0 0 0 0 0 0 0 0 0 0 0 0 0 0 0 0 1 1 1 1 1 1 1 1 1
0 1 1 1 1 0 0 1 0 0 0 0 0 0 0 0 0 0 0 0 0 1 0 1 1 1 1 1 1 1
0 0 0 0 0 0 0 0 0 0 0 0 0 0 0 0 0 0 0 0 0 1 1 1 1 1 1 1 1 1
0 0 0 0 0 0 0 0 0 0 0 0 1 0 0 1 1 0 0 1 1 1 1 1 1 1 1 1 1 1
0 1 1 1 1 0 0 1 0 0 0 0 0 1 0 0 0 0 0 0 0 1 0 1 1 1 1 1 1 1
0 0 0 1 1 0 0 1 0 0 0 0 0 0 0 0 0 0 0 0 0 1 0 1 1 1 1 1 1 1
1 0 0 1 1 0 0 1 0 0 0 0 0 0 0 0 0 0 0 0 0 1 0 1 1 1 1 1 1 1
0 0 0 0 0 0 0 0 0 0 0 0 0 0 1 0 1 1 0 1 1 1 1 1 1 1 1 1 1 1
0 0 0 0 0 0 0 0 0 0 0 0 1 0 0 1 1 0 0 1 1 1 1 1 1 1 1 1 1 1
0 1 1 1 1 0 0 1 0 0 0 0 0 1 0 0 0 0 0 0 0 1 0 1 1 1 1 1 1 1
0 0 0 0 0 0 0 0 0 0 0 0 0 0 0 0 0 0 1 1 1 1 1 1 1 1 1 1 1 1
0 0 1 1 1 0 0 1 0 0 0 0 0 0 0 0 0 0 0 0 0 1 0 1 1 1 1 1 1 1
0 0 0 0 0 0 0 0 0 0 0 0 0 0 0 0 0 0 1 1 1 1 1 1 1 1 1 1 1 1
0 0 0 0 0 0 0 0 0 0 0 0 0 0 0 0 0 0 0 0 1 1 1 1 1 1 1 1 1 1
0 0 0 0 1 0 0 0 0 0 0 0 0 0 0 0 0 0 0 0 0 1 0 1 1 1 1 1 1 1
0 1 1 1 1 0 0 1 0 0 0 0 0 0 0 0 0 0 0 0 0 1 0 1 1 1 1 1 1 1
0 0 0 0 0 0 0 0 0 0 0 0 0 0 0 0 0 0 1 1 1 1 1 1 1 1 1 1 1 1
0 0 0 1 1 0 0 1 0 0 0 0 0 0 0 0 0 0 0 0 0 1 0 1 1 1 1 1 1 1
0 0 0 0 0 1 0 0 1 1 1 0 0 0 0 0 0 0 0 0 1 1 1 1 1 1 1 1 1 1
0 0 0 0 0 0 0 0 0 0 0 0 0 0 0 0 0 0 0 0 0 1 0 0 0 0 0 0 0 1
0 0 0 0 0 0 1 0 1 1 1 0 0 0 0 0 0 0 0 0 1 1 1 1 1 1 1 1 1 1
0 0 0 0 0 0 0 0 0 0 1 0 0 0 0 0 0 0 0 0 1 1 1 1 1 1 1 1 1 1
0 0 0 0 0 0 0 0 1 1 1 0 0 0 0 0 0 0 0 0 1 1 1 1 1 1 1 1 1 1
0 0 0 0 0 1 0 0 1 1 1 0 0 0 0 0 0 0 0 0 1 1 1 1 1 1 1 1 1 1
0 0 0 0 0 1 0 0 1 1 1 0 0 0 0 0 0 0 0 0 1 1 1 1 1 1 1 1 1 1
0 0 0 0 0 0 0 0 1 1 1 0 0 0 0 0 0 0 0 0 1 1 1 1 1 1 1 1 1 1
0 0 0 0 0 0 1 0 1 1 1 0 0 0 0 0 0 0 0 0 1 1 1 1 1 1 1 1 1 1
0 0 0 0 0 0 1 0 1 1 1 0 0 0 0 0 0 0 0 0 1 1 1 1 1 1 1 1 1 1
0 0 0 0 0 0 0 0 0 0 0 0 0 0 0 0 0 0 0 0 0 1 0 0 0 0 0 0 0 1
0 0 0 0 0 0 0 0 0 0 1 0 0 0 0 0 0 0 0 0 1 1 1 1 1 1 1 1 1 1
0 0 0 0 0 0 1 0 1 1 1 0 0 0 0 0 0 0 0 0 1 1 1 1 1 1 1 1 1 1
0 0 0 0 0 1 0 0 1 1 1 0 0 0 0 0 0 0 0 0 1 1 1 1 1 1 1 1 1 1
0 0 0 0 0 0 0 0 0 0 1 0 0 0 0 0 0 0 0 0 1 1 1 1 1 1 1 1 1 1
0 0 0 0 0 0 0 0 0 0 0 0 0 0 0 0 0 0 0 0 1 1 1 1 1 1 1 1 1 1
0 0 0 0 0 0 0 0 0 0 0 0 0 0 0 0 0 0 0 0 1 1 1 1 1 1 1 1 1 1
0 0 0 0 0 0 1 0 1 1 1 0 0 0 0 0 0 0 0 0 1 1 1 1 1 1 1 1 1 1
0 0 0 0 0 0 0 0 0 0 0 0 0 0 0 0 0 0 0 0 0 1 0 1 0 1 0 0 0 1
0 0 0 0 0 0 0 0 0 0 0 0 0 0 0 0 0 0 0 0 0 1 1 1 1 1 1 1 1 1
0 0 0 0 0 0 0 0 1 1 1 0 0 0 0 0 0 0 0 0 1 1 1 0 1 1 1 1 1 1
0 0 0 0 0 1 0 0 1 1 1 0 0 0 0 0 0 0 0 0 1 1 1 1 1 1 1 1 1 1
0 0 0 0 0 0 1 0 1 1 1 0 0 0 0 0 0 0 0 0 1 1 1 1 1 1 1 1 1 1
0 0 0 0 0 0 1 0 1 1 1 0 0 0 0 0 0 0 0 0 1 1 1 1 1 1 1 1 1 1
0 0 0 0 0 1 0 0 1 1 1 0 0 0 0 0 0 0 0 0 1 1 1 1 1 1 1 1 1 1
0 0 0 0 0 1 0 0 1 1 1 0 0 0 0 0 0 0 0 0 1 1 1 1 1 1 1 1 1 1
0 0 0 0 0 0 0 0 0 0 0 0 0 0 0 0 0 0 0 0 0 1 0 1 0 1 0 0 0 1
0 0 0 0 0 0 0 0 0 0 0 0 0 0 0 0 0 0 0 0 1 1 1 1 1 1 1 1 1 1
0 0 0 0 0 1 0 0 1 1 1 0 0 0 0 0 0 0 0 0 1 1 1 1 1 1 1 1 1 1
0 0 0 0 0 1 0 0 1 1 1 0 0 0 0 0 0 0 0 0 1 1 1 1 1 1 1 1 1 1
0 0 0 0 0 0 0 0 0 0 1 0 0 0 0 0 0 0 0 0 1 1 1 1 1 1 1 1 1 1
0 0 0 0 0 0 0 0 0 0 1 0 0 0 0 0 0 0 0 0 1 1 1 1 1 1 1 1 1 1
0 0 0 0 0 0 0 0 0 0 1 0 0 0 0 0 0 0 0 0 1 1 1 1 1 1 1 1 1 1
0 0 0 0 0 0 0 0 0 0 0 0 0 0 0 0 0 0 0 0 0 1 0 1 1 1 1 1 0 1
SNV placement
0,1,-1	1,33,-1	2,34,-1	3,36,-1	4,37,-1	5,22,-1	6,45,-1	7,36,-1	8,54,-1	9,54,-1	10,56,-1	11,30,-1	12,11,-1	13,6,-1	14,5,-1	15,11,-1	16,38,-1	17,5,-1	18,7,-1	19,40,-1	20,58,-1	21,63,-1	22,59,-1	23,62,18	24,61,-1	25,62,-1	26,61,-1	27,61,19	28,60,-1	29,63,-1	
(((((((((((((37|:0.25[&&NHX::N=PA1],9|33|38|54|46|39|57|61|62|58|:0.23[&&NHX::S=+5|:N=PA19]):0.13[&&NHX::N=53],(((((:0.16[&&NHX::S=+11|:N=PA6],:0.16[&&NHX::N=PA17]):0.11[&&NHX::N=48],(:0.17[&&NHX::N=PA3],:0.21[&&NHX::S=-27|:N=PA16]):0.12[&&NHX::N=47]):0.19[&&NHX::N=49],53|:0.19[&&NHX::S=-23|:N=PA14]):0.11[&&NHX::N=50],(((:0.13[&&NHX::N=PA8],:0.17[&&NHX::N=PA20]):0.11[&&NHX::N=44],(35|:0.14[&&NHX::N=PA5],56|55|50|42|41|45|:0.17[&&NHX::N=PA13]):0.15[&&NHX::N=43]):0.11[&&NHX::S=+6|:N=45],(:0.13[&&NHX::N=PA18],40|:0.12[&&NHX::N=PA10]):0.12[&&NHX::N=42],:0.17[&&NHX::N=PA2]):0.12[&&NHX::N=46]):0.12[&&NHX::N=51],:0.13[&&NHX::N=PA7]):0.12[&&NHX::N=52]):0.12[&&NHX::S=+8|9|:N=54],47|:0.12[&&NHX::N=PA23]):0.23[&&NHX::N=55],14|63|36|64|44|65|3|:0.62[&&NHX::N=PA24]):0.27[&&NHX::S=+10|:N=56],:0.15[&&NHX::N=PA11]):0.4[&&NHX::N=57],(((0|:0.18[&&NHX::N=MA61],25|31|13|27|:0.2[&&NHX::S=+18|:N=MA59]):0.13[&&NHX::N=39],(18|23|:0.27[&&NHX::S=+12|15|:N=MA65],8|1|22|:0.29[&&NHX::S=+17|14|:N=MA56]):0.19[&&NHX::S=+16|:N=38]):0.22[&&NHX::S=+19|:N=40],49|2|48|60|28|:0.21[&&NHX::N=MA52]):0.17[&&NHX::N=41]):0.19[&&NHX::S=+20|:N=58],17|12|15|52|:0.16[&&NHX::N=MA66]):0.19[&&NHX::S=+22|:N=59],(((((16|30|:0.28[&&NHX::N=MA72],24|19|11|:0.22[&&NHX::S=+13|:N=MA57]):0.27[&&NHX::S=+1|:N=33],26|:0.21[&&NHX::N=MA63]):0.23[&&NHX::S=+2|:N=34],20|7|32|:0.24[&&NHX::N=MA49]):0.24[&&NHX::N=35],4|21|5|:0.25[&&NHX::S=+0|:N=MA50]):0.3[&&NHX::S=+3|7|:N=36],29|:0.2[&&NHX::N=MA51]):0.37[&&NHX::S=+4|:N=37]):0.21[&&NHX::S=+28|:N=60],66|6|:0.23[&&NHX::N=MA62]):0.27[&&NHX::S=+26|27|24|:N=61],51|59|10|:0.19[&&NHX::N=MA54]):1.1[&&NHX::S=+23|25|:N=62],34|43|:0.42[&&NHX::N=PA12]):0[&&NHX::S=+29|21|:N=63]):0.35[&&NHX::N=64]):0.25[&&NHX::N=diploid];
restart: 1
Iteration 79737
Current probability is -2373.3079592146273
Restart	Tree_ID	initialFP	initalFN	initGamma	initialSigma	imputedFP	imputedFN	imputedMiss	estimatedFP	estimatedFN	estimatedMiss	estimatedSigma	Prob	P_DG	P_MG	P_MC	P_alpha	P_beta	P_gamma	P_sigma	P_G
1	79737	79737	0.01	0.2	0.06069651741293532	0.05	0.01	0.2	0.06069651741293532	0.09986801861409306	0.07625034216298206	0.06348834672855283	0.05034642903101401	-2373.3079592146273	-1179.83384602146	47.1175029027359	-1189.7441663460331	-23.269245934175334	-9.67204478389222	-8.64475349580672	-8.418804917125742	-0.8426006188707627
0 0 0 0 0 0 0 0 0 0 0 0 0 0 0 0 0 0 0 0 1 1 0 1 1 1 1 1 1 1
0 0 0 0 0 0 0 0 0 0 0 0 0 0 1 1 1 1 0 1 1 1 1 1 1 1 1 1 1 1
0 0 0 0 0 0 0 0 0 0 0 0 0 0 0 0 0 0 0 0 1 1 1 1 1 1 1 1 1 1
0 0 0 0 0 0 0 0 1 1 1 0 0 0 0 0 0 0 0 0 1 1 1 1 1 1 1 1 1 1
0 0 0 1 1 0 0 1 0 0 0 0 0 0 0 0 0 0 0 0 0 1 0 1 1 1 1 1 1 1
0 0 0 1 1 0 0 1 0 0 0 0 0 0 0 0 0 0 0 0 0 1 0 1 1 1 1 1 1 1
0 0 0 0 0 0 0 0 0 0 0 0 0 0 1 1 1 1 0 1 1 1 1 1 1 1 1 1 1 1
0 0 0 1 1 0 0 1 0 0 0 0 0 1 0 0 0 0 0 0 0 1 0 1 1 1 1 1 1 1
0 0 0 0 0 0 0 0 0 0 0 0 0 0 1 1 1 1 0 1 1 1 1 1 1 1 1 1 1 1
0 0 0 0 0 0 0 0 1 1 1 0 0 0 0 0 0 0 0 0 1 1 1 1 1 1 1 1 1 1
0 0 0 0 0 0 0 0 0 0 0 0 0 0 0 0 0 0 0 0 0 1 0 1 0 1 0 0 0 1
1 1 1 1 1 0 0 1 0 0 0 0 0 0 0 0 0 0 0 0 0 1 0 1 1 1 1 1 1 1
0 0 0 1 0 0 0 0 0 0 0 0 0 0 0 0 0 0 0 0 0 1 0 1 1 1 1 1 1 1
0 0 0 0 0 0 0 0 0 0 1 0 0 0 0 0 0 0 0 0 1 1 1 1 1 1 1 0 1 1
0 0 0 0 0 0 0 0 0 0 1 0 0 0 0 0 0 0 0 0 1 1 1 1 1 1 1 0 1 1
0 0 0 1 0 0 0 0 0 0 0 0 0 0 0 0 0 0 0 0 0 1 0 1 1 1 1 1 1 1
1 1 1 1 1 0 0 1 0 0 0 0 0 0 0 0 0 0 0 0 0 1 0 1 1 1 1 1 1 1
0 0 0 1 0 0 0 0 0 0 0 0 0 0 0 0 0 0 0 0 0 1 0 1 1 1 1 1 1 1
0 0 0 0 0 0 0 0 0 0 0 0 1 0 1 1 1 0 0 1 1 1 1 1 1 1 1 1 1 1
0 1 1 1 1 0 0 1 0 0 0 0 0 0 0 0 0 0 0 0 0 1 0 1 1 1 1 1 1 1
0 0 0 1 1 0 0 1 0 0 0 0 0 0 0 0 0 0 0 0 0 1 0 1 1 1 1 1 1 1
0 0 0 1 0 0 0 0 0 0 0 0 0 0 0 0 0 0 0 0 0 1 0 1 1 1 1 1 1 1
0 0 0 0 0 0 0 0 0 0 0 0 0 0 1 1 1 1 0 1 1 1 1 1 1 1 1 1 1 1
0 0 0 0 0 0 0 0 0 0 0 0 1 0 1 1 1 0 0 1 1 1 1 1 1 1 1 1 1 1
0 0 0 1 1 0 0 1 0 0 0 0 0 1 0 0 0 0 0 0 0 1 0 1 1 1 1 1 1 1
0 0 0 0 0 0 0 0 0 0 0 0 0 0 0 0 0 0 0 0 1 1 1 1 1 1 1 1 1 1
0 0 1 1 1 0 0 1 0 0 0 0 0 0 0 0 0 0 0 0 0 1 0 1 1 1 1 1 1 1
0 0 0 1 1 0 0 1 0 0 0 0 0 0 0 0 0 0 0 0 0 1 0 1 1 1 1 1 1 1
0 0 0 0 0 0 0 0 0 0 0 0 0 0 1 1 1 1 0 1 1 1 1 1 1 1 1 1 1 1
0 0 0 1 1 0 0 1 0 0 0 0 0 1 0 0 0 0 0 0 0 1 0 1 1 1 1 1 1 1
0 1 1 1 1 0 0 1 0 0 0 0 0 0 0 0 0 0 0 0 0 1 0 1 1 1 1 1 1 1
0 0 0 0 0 0 0 0 0 0 0 0 0 0 0 0 0 0 0 0 1 1 1 1 1 1 1 1 1 1
0 0 0 1 1 0 0 1 0 0 0 0 0 1 0 0 0 0 0 0 0 1 0 1 1 1 1 1 1 1
0 0 0 0 0 0 0 0 0 0 1 0 0 0 0 0 0 0 0 0 1 1 1 1 1 1 1 0 1 1
0 0 0 0 0 0 0 0 0 0 0 0 0 0 0 0 0 0 0 0 0 0 0 0 0 0 0 0 0 1
0 0 0 0 0 0 1 0 1 1 1 0 0 0 0 0 0 0 0 0 1 1 1 1 1 1 1 1 1 1
0 0 0 0 0 0 0 0 1 1 1 0 0 0 0 0 0 0 0 0 1 1 1 1 1 1 1 1 1 1
0 0 0 0 0 0 0 0 1 1 1 0 0 0 0 0 0 0 0 0 1 1 1 1 1 1 1 1 1 1
0 0 0 0 0 0 0 0 1 1 1 0 0 0 0 0 0 0 0 0 1 1 1 1 1 1 1 1 1 1
0 0 0 0 0 0 0 0 1 1 1 0 0 0 0 0 0 0 0 0 1 1 1 1 1 1 1 1 1 1
0 0 0 0 0 0 0 0 1 1 1 0 0 0 0 0 0 0 0 0 1 1 1 1 1 1 1 1 1 1
0 0 0 0 0 0 1 0 1 1 1 0 0 0 0 0 0 0 0 0 1 1 1 1 1 1 1 1 1 1
0 0 0 0 0 0 1 0 1 1 1 0 0 0 0 0 0 0 0 0 1 1 1 1 1 1 1 1 1 1
0 0 0 0 0 0 0 0 0 0 0 0 0 0 0 0 0 0 0 0 0 0 0 0 0 0 0 0 0 1
0 0 0 0 0 0 0 0 0 0 1 0 0 0 0 0 0 0 0 0 1 1 1 1 1 1 1 0 1 1
0 0 0 0 0 0 1 0 1 1 1 0 0 0 0 0 0 0 0 0 1 1 1 1 1 1 1 1 1 1
0 0 0 0 0 0 0 0 1 1 1 0 0 0 0 0 0 0 0 0 1 1 1 1 1 1 1 1 1 1
0 0 0 0 0 0 0 0 0 0 1 0 0 0 0 0 0 0 0 0 1 1 1 1 1 1 1 1 1 1
0 0 0 0 0 1 0 0 0 0 0 0 0 0 0 0 0 0 0 0 1 1 1 1 1 1 1 1 1 1
0 0 0 0 0 0 0 0 0 0 0 0 0 0 0 0 0 0 0 0 1 1 1 1 1 1 1 1 1 1
0 0 0 0 0 0 1 0 1 1 1 0 0 0 0 0 0 0 0 0 1 1 1 1 1 1 1 1 1 1
0 0 0 0 0 0 0 0 0 0 0 0 0 0 0 0 0 0 0 0 0 1 0 1 0 1 0 0 0 1
0 0 0 0 0 1 0 0 0 0 0 0 0 0 0 0 0 0 0 0 1 1 1 1 1 1 1 1 1 1
0 0 0 0 0 0 1 0 1 1 1 0 0 0 0 0 0 0 0 0 1 1 1 1 1 1 1 1 1 1
0 0 0 0 0 0 0 0 1 1 1 0 0 0 0 0 0 0 0 0 1 1 1 1 1 1 1 1 1 1
0 0 0 0 0 0 1 0 1 1 1 0 0 0 0 0 0 0 0 0 1 1 1 1 1 1 1 1 1 1
0 0 0 0 0 0 1 0 1 1 1 0 0 0 0 0 0 0 0 0 1 1 1 1 1 1 1 1 1 1
0 0 0 0 0 0 0 0 1 1 1 0 0 0 0 0 0 0 0 0 1 1 1 1 1 1 1 1 1 1
0 0 0 0 0 0 0 0 0 0 1 0 0 0 0 0 0 0 0 0 1 1 1 1 1 1 1 0 1 1
0 0 0 0 0 0 0 0 0 0 0 0 0 0 0 0 0 0 0 0 0 1 0 1 0 1 0 0 0 1
0 0 0 0 0 1 0 0 0 0 0 0 0 0 0 0 0 0 0 0 1 1 1 1 1 1 1 1 1 1
0 0 0 0 0 0 0 0 1 1 1 0 0 0 0 0 0 0 0 0 1 1 1 1 1 1 1 1 1 1
0 0 0 0 0 0 0 0 1 1 1 0 0 0 0 0 0 0 0 0 1 1 1 1 1 1 1 1 1 1
0 0 0 0 0 1 0 0 0 0 0 0 0 0 0 0 0 0 0 0 1 1 1 1 1 1 1 1 1 1
0 0 0 0 0 0 0 0 0 0 1 0 0 0 0 0 0 0 0 0 1 1 1 1 1 1 1 0 1 1
0 0 0 0 0 0 0 0 1 1 1 0 0 0 0 0 0 0 0 0 1 1 1 1 1 1 1 1 1 1
0 0 0 0 0 0 0 0 0 0 0 0 0 0 0 0 0 0 0 0 0 1 0 1 1 1 1 1 0 1
SNV placement
0,6,-1	1,33,-1	2,34,-1	3,37,-1	4,36,-1	5,39,-1	6,45,-1	7,36,-1	8,54,19	9,54,-1	10,56,-1	11,26,26	12,11,-1	13,0,-1	14,38,-1	15,38,-1	16,38,-1	17,5,-1	18,27,-1	19,38,-1	20,59,-1	21,62,-1	22,58,-1	23,62,-1	24,61,-1	25,62,-1	26,61,-1	27,61,26	28,60,-1	29,63,-1	
(((((((((((((37|:0.25[&&NHX::N=PA1],3|9|38|54|39|46|57|61|62|65|36|:0.23[&&NHX::N=PA19]):0.13[&&NHX::N=53],(((((:0.16[&&NHX::N=PA6],:0.16[&&NHX::N=PA17]):0.11[&&NHX::N=48],(:0.17[&&NHX::N=PA3],:0.21[&&NHX::S=-8|:N=PA16]):0.12[&&NHX::N=47]):0.19[&&NHX::N=49],:0.19[&&NHX::N=PA14]):0.11[&&NHX::N=50],(((:0.13[&&NHX::N=PA8],:0.17[&&NHX::N=PA20]):0.11[&&NHX::N=44],(35|:0.14[&&NHX::N=PA5],56|53|42|50|41|55|45|:0.17[&&NHX::N=PA13]):0.15[&&NHX::N=43]):0.11[&&NHX::S=+6|:N=45],(:0.13[&&NHX::N=PA18],40|:0.12[&&NHX::N=PA10]):0.12[&&NHX::N=42],:0.17[&&NHX::S=+18|:N=PA2]):0.12[&&NHX::N=46]):0.12[&&NHX::N=51],:0.13[&&NHX::N=PA7]):0.12[&&NHX::N=52]):0.12[&&NHX::S=+9|8|:N=54],47|:0.12[&&NHX::N=PA23]):0.23[&&NHX::N=55],44|33|58|64|14|13|:0.62[&&NHX::S=+11|-27|11|:N=PA24]):0.27[&&NHX::S=+10|:N=56],:0.15[&&NHX::N=PA11]):0.4[&&NHX::N=57],(((:0.18[&&NHX::N=MA61],63|48|60|52|:0.2[&&NHX::N=MA59]):0.13[&&NHX::S=+5|:N=39],(23|18|:0.27[&&NHX::S=+12|:N=MA65],28|1|8|6|22|:0.29[&&NHX::S=+17|:N=MA56]):0.19[&&NHX::S=+16|15|19|14|:N=38]):0.22[&&NHX::N=40],49|2|31|25|:0.21[&&NHX::N=MA52]):0.17[&&NHX::N=41]):0.19[&&NHX::S=+22|:N=58],0|:0.16[&&NHX::N=MA66]):0.19[&&NHX::S=+20|:N=59],(((((19|30|:0.28[&&NHX::N=MA72],11|16|:0.22[&&NHX::S=+0|:N=MA57]):0.27[&&NHX::S=+1|:N=33],26|:0.21[&&NHX::N=MA63]):0.23[&&NHX::S=+2|:N=34],7|32|29|24|:0.24[&&NHX::S=+13|:N=MA49]):0.24[&&NHX::N=35],4|20|27|5|:0.25[&&NHX::N=MA50]):0.3[&&NHX::S=+4|7|:N=36],21|15|12|17|:0.2[&&NHX::N=MA51]):0.37[&&NHX::S=+3|:N=37]):0.21[&&NHX::S=+28|:N=60],66|:0.23[&&NHX::N=MA62]):0.27[&&NHX::S=+24|26|27|:N=61],59|51|10|:0.19[&&NHX::N=MA54]):1.1[&&NHX::S=+23|25|21|:N=62],43|34|:0.42[&&NHX::N=PA12]):0[&&NHX::S=+29|:N=63]):0.35[&&NHX::N=64]):0.25[&&NHX::N=diploid];
restart: 2
Iteration 76404
Current probability is -2345.9380229695066
Restart	Tree_ID	initialFP	initalFN	initGamma	initialSigma	imputedFP	imputedFN	imputedMiss	estimatedFP	estimatedFN	estimatedMiss	estimatedSigma	Prob	P_DG	P_MG	P_MC	P_alpha	P_beta	P_gamma	P_sigma	P_G
2	76404	76404	0.01	0.2	0.06069651741293532	0.05	0.01	0.2	0.06069651741293532	0.09970597086316059	0.07488141981894764	0.06535575890499201	0.042864306552832	-2345.9380229695066	-1168.5664547338629	52.32036850230257	-1178.9675172832603	-23.23540778171193	-9.679795137948716	-8.675644282851579	-8.289320263183596	-0.8442519889908712
0 0 0 0 0 0 0 0 0 0 0 0 0 0 0 0 0 0 0 0 1 1 1 1 1 1 1 1 1 1
0 0 0 0 0 0 0 0 0 0 0 0 0 0 1 1 1 1 1 1 1 1 1 1 1 1 1 1 1 1
0 0 0 0 0 0 0 0 0 0 0 0 0 0 0 0 0 0 0 0 1 1 1 1 1 1 1 1 1 1
0 0 0 0 0 0 0 0 0 0 1 0 0 0 0 0 0 0 0 0 1 1 1 1 1 1 1 1 1 1
0 0 0 1 1 0 0 1 0 0 0 0 0 0 0 0 0 0 0 0 0 1 0 1 1 1 1 1 1 1
0 0 0 0 0 0 0 0 0 0 0 0 0 0 0 0 0 0 0 0 0 0 0 1 1 1 1 1 1 1
0 0 0 0 0 0 0 0 0 0 0 0 0 0 1 1 1 1 1 1 1 1 1 1 1 1 1 1 1 1
0 0 0 1 1 0 0 1 0 0 0 0 0 0 0 0 0 0 0 0 0 1 0 1 1 1 1 1 1 1
0 0 0 0 0 0 0 0 0 0 0 0 0 0 1 0 1 1 1 1 1 1 1 1 1 1 1 1 1 1
1 1 1 1 1 0 0 1 0 1 0 0 0 0 0 0 0 0 0 0 0 1 0 1 1 1 1 1 1 1
0 0 0 0 0 0 0 0 0 0 0 1 0 0 0 0 0 0 1 1 1 1 1 1 1 1 1 1 1 1
1 1 1 1 1 0 0 1 0 1 0 0 0 0 0 0 0 0 0 0 0 1 0 1 1 1 1 1 1 1
0 0 0 0 0 0 0 0 0 0 0 0 0 0 0 0 0 0 0 0 0 0 0 1 1 1 1 1 1 1
0 0 0 0 0 0 0 0 0 0 0 0 0 0 0 0 0 0 1 1 1 1 1 1 1 1 1 1 1 1
0 0 0 0 0 0 0 0 0 0 1 0 0 0 0 0 0 0 0 0 1 1 1 1 1 1 1 1 1 1
0 0 0 0 0 0 0 0 0 0 0 0 0 0 0 0 0 0 0 0 1 1 1 1 1 1 1 1 1 1
1 1 1 1 1 0 0 1 0 1 0 0 0 0 0 0 0 0 0 0 0 1 0 1 1 1 1 1 1 1
0 0 0 0 0 0 0 0 0 0 0 0 0 0 0 0 0 0 0 0 0 0 0 1 1 1 1 1 1 1
0 0 0 0 0 0 0 0 0 0 0 0 1 0 0 0 0 0 0 1 1 1 1 1 1 1 1 1 1 1
0 1 1 1 1 0 0 1 0 1 0 0 0 1 0 0 0 0 0 0 0 1 0 1 1 1 1 1 1 1
0 0 0 1 1 0 0 1 0 1 0 0 0 0 0 0 0 0 0 0 0 1 0 1 1 1 1 1 1 1
0 0 0 0 1 0 0 0 0 0 0 0 0 0 0 0 0 0 0 0 0 1 0 1 1 1 1 1 1 1
0 0 0 0 0 0 0 0 0 0 0 0 0 0 1 0 1 1 1 1 1 1 1 1 1 1 1 1 1 1
0 0 0 0 0 0 0 0 0 0 0 0 1 0 0 0 0 0 0 1 1 1 1 1 1 1 1 1 1 1
0 1 1 1 1 0 0 1 0 1 0 0 0 1 0 0 0 0 0 0 0 1 0 1 1 1 1 1 1 1
0 0 0 0 0 0 0 0 0 0 0 0 0 0 0 0 0 0 1 1 1 1 1 1 1 1 1 1 1 1
0 0 0 1 1 0 0 1 0 0 0 0 0 0 0 0 0 0 0 0 0 1 0 1 1 1 1 1 1 1
0 0 0 0 0 0 0 0 0 0 0 0 0 0 0 0 0 0 1 1 1 1 1 1 1 1 1 1 1 1
0 0 0 0 0 0 0 0 0 0 0 0 0 0 1 1 1 1 1 1 1 1 1 1 1 1 1 1 1 1
0 0 0 0 1 0 0 0 0 0 0 0 0 0 0 0 0 0 0 0 0 1 0 1 1 1 1 1 1 1
0 1 1 1 1 0 0 1 0 1 0 0 0 0 0 0 0 0 0 0 0 1 0 1 1 1 1 1 1 1
0 0 0 0 0 0 0 0 0 0 0 0 0 0 0 0 0 0 1 1 1 1 1 1 1 1 1 1 1 1
0 0 0 1 1 0 0 1 0 1 0 0 0 0 0 0 0 0 0 0 0 1 0 1 1 1 1 1 1 1
0 0 0 0 0 1 0 0 1 0 1 0 0 0 0 0 0 0 0 0 1 1 1 1 1 1 1 1 1 1
0 0 0 0 0 0 0 0 0 0 0 0 0 0 0 0 0 0 0 0 0 0 0 1 0 0 0 1 1 1
0 0 0 0 0 0 1 0 1 0 1 0 0 0 0 0 0 0 0 0 1 1 1 1 1 1 1 1 1 1
0 0 0 0 0 0 0 0 0 0 1 0 0 0 0 0 0 0 0 0 1 1 1 1 1 1 1 1 1 1
0 0 0 0 0 0 0 0 1 0 1 0 0 0 0 0 0 0 0 0 1 1 1 1 1 1 1 1 1 1
0 0 0 0 0 1 0 0 1 0 1 0 0 0 0 0 0 0 0 0 1 1 1 1 1 1 1 1 1 1
0 0 0 0 0 1 0 0 1 0 1 0 0 0 0 0 0 0 0 0 1 1 1 1 1 1 1 1 1 1
0 0 0 0 0 0 0 0 0 0 0 0 0 0 0 0 0 0 0 0 1 1 1 1 1 1 1 1 1 1
0 0 0 0 0 0 1 0 1 0 1 0 0 0 0 0 0 0 0 0 1 1 1 1 1 1 1 1 1 1
0 0 0 0 0 0 1 0 1 0 1 0 0 0 0 0 0 0 0 0 1 1 1 1 1 1 1 1 1 1
0 0 0 0 0 0 0 0 0 0 0 0 0 0 0 0 0 0 0 0 0 0 0 1 0 0 0 0 0 1
0 0 0 0 0 0 0 0 0 0 1 0 0 0 0 0 0 0 0 0 1 1 1 1 1 1 1 1 1 1
0 0 0 0 0 0 1 0 1 0 1 0 0 0 0 0 0 0 0 0 1 1 1 1 1 1 1 1 1 1
0 0 0 0 0 1 0 0 1 0 1 0 0 0 0 0 0 0 0 0 1 1 1 1 1 1 1 1 1 1
0 0 0 0 0 0 0 0 0 0 1 0 0 0 0 0 0 0 0 0 1 1 1 1 1 1 1 1 1 1
0 0 0 0 0 0 0 0 0 0 0 0 0 0 0 0 0 0 0 0 1 1 1 1 1 1 1 1 1 1
0 0 0 0 0 0 0 0 0 0 0 0 0 0 0 0 0 0 0 0 1 1 1 1 1 1 1 1 1 1
0 0 0 0 0 0 1 0 1 0 1 0 0 0 0 0 0 0 0 0 1 1 1 1 1 1 1 1 1 1
0 0 0 0 0 0 0 0 0 0 0 0 0 0 0 0 0 0 0 0 0 0 0 1 0 0 0 0 0 1
0 0 0 0 0 1 0 0 1 0 1 0 0 0 0 0 0 0 0 0 1 1 1 1 1 1 1 1 1 1
0 0 0 0 0 0 0 0 1 0 1 0 0 0 0 0 0 0 0 0 1 1 1 0 1 1 1 1 1 1
0 0 0 0 0 1 0 0 1 0 1 0 0 0 0 0 0 0 0 0 1 1 1 1 1 1 1 1 1 1
0 0 0 0 0 0 1 0 1 0 1 0 0 0 0 0 0 0 0 0 1 1 1 1 1 1 1 1 1 1
0 0 0 0 0 0 1 0 1 0 1 0 0 0 0 0 0 0 0 0 1 1 1 1 1 1 1 1 1 1
0 0 0 0 0 0 0 0 0 0 1 0 0 0 0 0 0 0 0 0 1 1 1 1 1 1 1 1 1 1
0 0 0 0 0 1 0 0 1 0 1 0 0 0 0 0 0 0 0 0 1 1 1 1 1 1 1 1 1 1
0 0 0 0 0 0 0 0 0 0 0 0 0 0 0 0 0 0 0 0 1 1 1 1 1 1 1 1 1 1
0 0 0 0 0 0 0 0 0 0 0 0 0 0 0 0 0 0 0 0 1 1 1 1 1 1 1 1 1 1
0 0 0 0 0 1 0 0 1 0 1 0 0 0 0 0 0 0 0 0 1 1 1 1 1 1 1 1 1 1
0 0 0 0 0 1 0 0 1 0 1 0 0 0 0 0 0 0 0 0 1 1 1 1 1 1 1 1 1 1
0 0 0 0 0 0 0 0 0 0 1 0 0 0 0 0 0 0 0 0 1 1 1 1 1 1 1 1 1 1
0 0 0 0 0 0 0 0 0 0 1 0 0 0 0 0 0 0 0 0 1 1 1 1 1 1 1 1 1 1
0 0 0 0 0 0 0 0 0 0 1 0 0 0 0 0 0 0 0 0 1 1 1 1 1 1 1 1 1 1
0 0 0 0 0 0 0 0 0 0 0 0 0 0 0 0 0 0 0 0 0 0 0 1 1 1 1 1 1 1
SNV placement
0,6,-1	1,34,-1	2,34,-1	3,36,-1	4,37,-1	5,22,-1	6,45,-1	7,36,-1	8,54,19	9,35,-1	10,56,-1	11,11,-1	12,3,-1	13,13,-1	14,39,-1	15,8,-1	16,39,-1	17,39,-1	18,40,-1	19,41,-1	20,59,-1	21,60,-1	22,59,-1	23,65,18	24,61,-1	25,61,-1	26,61,-1	27,62,-1	28,62,-1	29,64,-1	
(((((((((((((37|:0.25[&&NHX::N=PA1],52|38|54|46|39|61|62|33|58|:0.23[&&NHX::S=+5|:N=PA19]):0.13[&&NHX::N=53],(((((:0.16[&&NHX::N=PA6],:0.16[&&NHX::N=PA17]):0.11[&&NHX::N=48],(:0.17[&&NHX::N=PA3],:0.21[&&NHX::S=-8|:N=PA16]):0.12[&&NHX::N=47]):0.19[&&NHX::N=49],53|:0.19[&&NHX::S=-23|:N=PA14]):0.11[&&NHX::N=50],(((:0.13[&&NHX::N=PA8],:0.17[&&NHX::N=PA20]):0.11[&&NHX::N=44],(35|:0.14[&&NHX::N=PA5],56|50|42|45|55|41|:0.17[&&NHX::N=PA13]):0.15[&&NHX::N=43]):0.11[&&NHX::S=+6|:N=45],(:0.13[&&NHX::N=PA18],:0.12[&&NHX::N=PA10]):0.12[&&NHX::N=42],:0.17[&&NHX::N=PA2]):0.12[&&NHX::N=46]):0.12[&&NHX::N=51],:0.13[&&NHX::N=PA7]):0.12[&&NHX::N=52]):0.12[&&NHX::S=+8|:N=54],47|:0.12[&&NHX::N=PA23]):0.23[&&NHX::N=55],36|63|3|65|14|44|64|57|:0.62[&&NHX::N=PA24]):0.27[&&NHX::S=+10|:N=56],40|:0.15[&&NHX::N=PA11]):0.4[&&NHX::N=57],(((6|1|28|:0.18[&&NHX::S=+15|:N=MA61],22|8|:0.2[&&NHX::N=MA59]):0.13[&&NHX::S=+16|17|14|:N=39],(10|:0.27[&&NHX::S=+11|:N=MA65],31|25|27|13|:0.29[&&NHX::N=MA56]):0.19[&&NHX::N=38]):0.22[&&NHX::S=+18|:N=40],18|23|:0.21[&&NHX::S=+12|:N=MA52]):0.17[&&NHX::S=+19|:N=41]):0.19[&&NHX::N=58],60|2|49|48|0|15|59|:0.16[&&NHX::N=MA66]):0.19[&&NHX::S=+20|22|:N=59],(((((24|19|:0.28[&&NHX::S=+13|:N=MA72],16|9|11|:0.22[&&NHX::S=+0|:N=MA57]):0.27[&&NHX::N=33],30|:0.21[&&NHX::N=MA63]):0.23[&&NHX::S=+1|2|:N=34],20|32|:0.24[&&NHX::N=MA49]):0.24[&&NHX::S=+9|:N=35],7|4|26|:0.25[&&NHX::N=MA50]):0.3[&&NHX::S=+7|3|:N=36],29|21|:0.2[&&NHX::N=MA51]):0.37[&&NHX::S=+4|:N=37]):0.21[&&NHX::S=+21|:N=60],5|12|17|66|:0.23[&&NHX::N=MA62]):0.27[&&NHX::S=+25|24|26|:N=61],34|:0.19[&&NHX::N=MA54]):1.1[&&NHX::S=+27|28|:N=62],51|43|:0.42[&&NHX::N=PA12]):0[&&NHX::N=63]):0.35[&&NHX::S=+29|:N=64]):0.25[&&NHX:S=23|:N=diploid];
restart: 3
Iteration 71772
Current probability is -2362.547037578993
Restart	Tree_ID	initialFP	initalFN	initGamma	initialSigma	imputedFP	imputedFN	imputedMiss	estimatedFP	estimatedFN	estimatedMiss	estimatedSigma	Prob	P_DG	P_MG	P_MC	P_alpha	P_beta	P_gamma	P_sigma	P_G
3	71772	71772	0.01	0.2	0.06069651741293532	0.05	0.01	0.2	0.06069651741293532	0.09957522947024298	0.09546189096100374	0.06028315716891424	0.0553000261487285	-2362.547037578993	-1178.1702372695524	46.07886456849979	-1179.7233682520346	-23.208112453752726	-9.594456222155792	-8.594058113729366	-8.518464300686228	-0.8172055355811078
1 1 1 0 0 0 0 1 0 0 0 0 0 0 0 0 0 0 0 0 1 1 1 1 1 1 1 1 1 1
0 0 0 0 0 0 0 0 0 0 0 0 0 0 1 0 1 1 1 0 1 1 1 1 1 1 1 1 1 1
0 0 0 0 0 0 0 0 0 0 0 0 0 0 0 0 0 0 0 0 1 1 1 1 1 1 1 1 1 1
1 1 1 0 0 0 0 1 0 0 0 0 0 1 0 0 0 0 0 0 1 1 1 1 1 1 1 1 1 1
0 0 0 0 0 0 0 0 1 0 1 0 0 0 0 0 0 0 0 0 1 1 1 1 1 1 1 1 1 1
0 0 0 0 0 0 0 0 0 0 0 0 0 0 0 0 0 0 0 0 0 0 1 1 1 1 1 1 1 1
0 0 0 1 0 0 0 0 1 1 0 0 0 0 0 1 0 0 0 1 1 1 1 1 1 1 1 1 1 1
0 0 0 1 1 0 0 0 1 1 0 0 0 0 0 0 0 0 0 1 1 1 1 1 1 1 1 1 1 1
0 0 0 0 0 0 0 0 0 0 0 0 0 0 1 0 1 1 1 0 1 1 1 1 1 1 1 1 1 1
1 1 1 0 0 0 0 1 0 0 0 0 0 0 0 0 0 0 0 0 1 1 1 1 1 1 1 1 1 1
0 0 0 0 0 0 0 0 1 0 1 0 0 0 0 0 0 0 0 0 1 1 1 1 1 1 1 1 1 1
1 1 1 0 0 0 0 1 0 0 0 0 0 1 0 0 0 0 0 0 1 1 1 1 1 1 1 1 1 1
0 0 0 0 0 0 0 0 0 0 0 0 0 0 0 0 0 0 0 0 0 0 1 1 1 1 1 1 1 1
0 0 0 0 0 0 0 0 0 0 1 0 0 0 0 0 0 0 0 0 1 1 1 1 1 1 1 1 1 1
0 0 0 0 0 0 0 0 0 0 1 0 0 0 0 0 0 0 0 0 1 1 1 1 1 1 1 1 1 1
1 1 1 0 0 0 0 1 0 0 0 0 0 1 0 0 0 0 0 0 1 1 1 1 1 1 1 1 1 1
1 1 1 0 0 0 0 1 0 0 0 0 0 0 0 0 0 0 0 0 1 1 1 1 1 1 1 1 1 1
0 0 0 0 0 0 0 0 0 0 0 0 0 0 0 0 0 0 0 0 0 0 1 1 1 1 1 1 1 1
0 0 0 1 0 0 0 0 1 1 0 1 1 0 0 1 0 0 0 1 1 1 1 1 1 1 1 1 1 1
0 1 1 0 0 0 0 1 0 0 0 0 0 0 0 0 0 0 0 0 1 1 1 1 1 1 1 1 1 1
0 0 0 1 1 0 0 0 1 1 0 0 0 0 0 0 0 0 0 1 1 1 1 1 1 1 1 1 1 1
0 0 0 1 1 0 0 0 1 1 0 0 0 0 0 0 0 0 0 1 1 1 1 1 1 1 1 1 1 1
0 0 0 0 0 0 0 0 0 0 0 0 0 0 1 0 1 1 1 0 1 1 1 1 1 1 1 1 1 1
0 0 0 0 0 0 0 0 1 0 1 0 0 0 0 0 0 0 0 0 1 1 1 1 1 1 1 1 1 1
0 0 0 1 1 0 0 0 1 1 0 0 0 0 0 0 0 0 0 1 1 1 1 1 1 1 1 1 1 1
0 0 0 0 0 0 0 1 0 0 0 0 0 0 0 0 0 0 0 0 1 1 1 1 1 1 1 1 1 1
0 0 1 0 0 0 0 1 0 0 0 0 0 0 0 0 0 0 0 0 1 1 1 1 1 1 1 1 1 1
0 0 0 0 0 0 0 1 0 0 0 0 0 0 0 0 0 0 0 0 1 1 1 1 1 1 1 1 1 1
0 0 0 0 0 0 0 0 0 0 0 0 0 0 1 0 1 1 1 0 1 1 1 1 1 1 1 1 1 1
0 0 0 0 0 0 0 0 0 0 1 0 0 0 0 0 0 0 0 0 1 1 1 1 1 1 1 1 1 1
0 0 0 1 1 0 0 0 1 1 0 0 0 0 0 0 0 0 0 1 1 1 1 1 1 1 1 1 1 1
0 0 1 0 0 0 0 1 0 0 0 0 0 0 0 0 0 0 0 0 1 1 1 1 1 1 1 1 1 1
0 0 0 1 1 0 0 0 1 1 0 0 0 0 0 0 0 0 0 1 1 1 1 1 1 1 1 1 1 1
0 0 0 0 0 0 0 0 1 0 1 0 0 0 0 0 0 0 0 0 1 1 1 1 1 1 1 1 1 1
0 0 0 0 0 0 0 0 0 0 0 0 0 0 0 0 0 0 0 0 0 0 0 1 0 0 0 1 1 1
0 0 0 0 0 0 1 0 1 0 1 0 0 0 0 0 0 0 0 0 1 1 1 1 1 1 1 1 1 1
0 0 0 0 0 0 0 0 1 0 1 0 0 0 0 0 0 0 0 0 1 1 1 1 1 1 1 1 1 1
0 0 0 0 0 0 0 0 1 0 1 0 0 0 0 0 0 0 0 0 1 1 1 1 1 1 1 1 1 1
0 0 0 0 0 1 0 0 1 1 0 0 0 0 0 0 0 0 0 0 1 1 1 1 1 1 1 1 1 1
0 0 0 0 0 1 0 0 1 1 0 0 0 0 0 0 0 0 0 0 1 1 1 1 1 1 1 1 1 1
0 0 0 0 0 0 0 0 1 0 0 0 0 0 0 0 0 0 0 0 1 1 1 1 1 1 1 1 1 1
0 0 0 0 0 0 1 0 1 0 1 0 0 0 0 0 0 0 0 0 1 1 1 1 1 1 1 1 1 1
0 0 0 0 0 0 1 0 1 0 1 0 0 0 0 0 0 0 0 0 1 1 1 1 1 1 1 1 1 1
0 0 0 0 0 0 0 0 0 0 0 0 0 0 0 0 0 0 0 0 0 0 0 1 0 0 0 0 0 1
0 0 0 0 0 0 0 0 0 0 1 0 0 0 0 0 0 0 0 0 1 1 1 1 1 1 1 1 1 1
0 0 0 0 0 0 1 0 1 0 1 0 0 0 0 0 0 0 0 0 1 1 1 1 1 1 1 1 1 1
0 0 0 0 0 1 0 0 1 1 0 0 0 0 0 0 0 0 0 0 1 1 1 1 1 1 1 1 1 1
0 0 0 0 0 0 1 0 1 0 1 0 0 0 0 0 0 0 0 0 1 1 1 1 1 1 1 1 1 1
0 0 0 0 0 1 0 0 1 1 0 0 0 0 0 0 0 0 0 0 1 1 1 1 1 1 1 1 1 1
0 0 0 0 0 0 0 0 0 0 0 0 0 0 0 0 0 0 0 0 1 1 1 1 1 1 1 1 1 1
0 0 0 0 0 0 1 0 1 0 1 0 0 0 0 0 0 0 0 0 1 1 1 1 1 1 1 1 1 1
0 0 0 0 0 0 0 0 0 0 0 0 0 0 0 0 0 0 0 0 0 0 0 1 0 0 0 0 0 1
0 0 0 0 0 0 0 1 0 0 0 0 0 0 0 0 0 0 0 0 1 1 1 1 1 1 1 1 1 1
0 0 0 0 0 0 0 0 1 0 0 0 0 0 0 0 0 0 0 0 1 1 1 1 1 1 1 1 1 1
0 0 0 0 0 1 0 0 1 1 0 0 0 0 0 0 0 0 0 0 1 1 1 1 1 1 1 1 1 1
0 0 0 0 0 0 1 0 1 0 1 0 0 0 0 0 0 0 0 0 1 1 1 1 1 1 1 1 1 1
0 0 0 0 0 0 1 0 1 0 1 0 0 0 0 0 0 0 0 0 1 1 1 1 1 1 1 1 1 1
0 0 0 0 0 0 0 0 1 0 1 0 0 0 0 0 0 0 0 0 1 1 1 1 1 1 1 1 1 1
0 0 0 0 0 0 0 0 1 0 1 0 0 0 0 0 0 0 0 0 1 1 1 1 1 1 1 1 1 1
0 0 0 0 0 0 0 1 0 0 0 0 0 0 0 0 0 0 0 0 1 1 1 1 1 1 1 1 1 1
0 0 0 0 0 1 0 0 1 1 0 0 0 0 0 0 0 0 0 0 1 1 1 1 1 1 1 1 1 1
0 0 0 0 0 1 0 0 1 1 0 0 0 0 0 0 0 0 0 0 1 1 1 1 1 1 1 1 1 1
0 0 0 0 0 1 0 0 1 1 0 0 0 0 0 0 0 0 0 0 1 1 1 1 1 1 1 1 1 1
0 0 0 0 0 0 0 0 0 0 1 0 0 0 0 0 0 0 0 0 1 1 1 1 1 1 1 1 1 1
0 0 0 0 0 0 0 0 0 0 1 0 0 0 0 0 0 0 0 0 1 1 1 1 1 1 1 1 1 1
0 0 0 0 0 0 0 0 0 0 1 0 0 0 0 0 0 0 0 0 1 1 1 1 1 1 1 1 1 1
0 0 0 0 0 0 0 0 0 0 0 0 0 0 0 0 0 0 0 0 0 0 1 1 1 1 1 1 1 1
SNV placement
0,33,-1	1,34,-1	2,35,-1	3,40,-1	4,39,-1	5,3,-1	6,45,-1	7,36,-1	8,58,26	9,41,-1	10,56,-1	11,11,-1	12,11,-1	13,6,-1	14,12,-1	15,38,-1	16,12,-1	17,12,-1	18,12,-1	19,40,-1	20,60,-1	21,60,-1	22,61,-1	23,63,-1	24,61,-1	25,61,-1	26,61,-1	27,62,-1	28,62,-1	29,64,-1	
(((((((((((((37|:0.25[&&NHX::N=PA1],33|36|58|10|4|57|23|:0.23[&&NHX::N=PA19]):0.13[&&NHX::N=53],(((((:0.16[&&NHX::N=PA6],:0.16[&&NHX::N=PA17]):0.11[&&NHX::N=48],(:0.17[&&NHX::N=PA3],:0.21[&&NHX::N=PA16]):0.12[&&NHX::N=47]):0.19[&&NHX::N=49],:0.19[&&NHX::N=PA14]):0.11[&&NHX::N=50],(((:0.13[&&NHX::N=PA8],:0.17[&&NHX::N=PA20]):0.11[&&NHX::N=44],(35|56|42|50|47|45|55|41|:0.14[&&NHX::N=PA5],:0.17[&&NHX::N=PA13]):0.15[&&NHX::N=43]):0.11[&&NHX::S=+6|:N=45],(:0.13[&&NHX::N=PA18],:0.12[&&NHX::N=PA10]):0.12[&&NHX::N=42],:0.17[&&NHX::N=PA2]):0.12[&&NHX::N=46]):0.12[&&NHX::N=51],:0.13[&&NHX::N=PA7]):0.12[&&NHX::N=52]):0.12[&&NHX::N=54],:0.12[&&NHX::N=PA23]):0.23[&&NHX::N=55],64|44|65|63|13|29|14|:0.62[&&NHX::S=-8|:N=PA24]):0.27[&&NHX::S=+10|:N=56],40|53|:0.15[&&NHX::N=PA11]):0.4[&&NHX::N=57],(((:0.18[&&NHX::N=MA61],21|7|20|30|32|24|:0.2[&&NHX::N=MA59]):0.13[&&NHX::S=+4|:N=39],(18|:0.27[&&NHX::S=+11|12|:N=MA65],6|:0.29[&&NHX::N=MA56]):0.19[&&NHX::S=+15|:N=38]):0.22[&&NHX::S=+3|19|:N=40],60|39|61|62|48|38|54|46|:0.21[&&NHX::S=+5|:N=MA52]):0.17[&&NHX::S=+9|:N=41]):0.19[&&NHX::S=+8|:N=58],28|1|22|8|:0.16[&&NHX::S=+16|17|18|14|:N=MA66]):0.19[&&NHX::N=59],(((((0|16|9|:0.28[&&NHX::N=MA72],3|11|15|:0.22[&&NHX::S=+13|:N=MA57]):0.27[&&NHX::S=+0|:N=33],19|:0.21[&&NHX::N=MA63]):0.23[&&NHX::S=+1|:N=34],26|31|:0.24[&&NHX::N=MA49]):0.24[&&NHX::S=+2|:N=35],25|27|52|59|:0.25[&&NHX::N=MA50]):0.3[&&NHX::S=+7|:N=36],49|2|:0.2[&&NHX::N=MA51]):0.37[&&NHX::N=37]):0.21[&&NHX::S=+20|21|:N=60],66|5|12|17|:0.23[&&NHX::N=MA62]):0.27[&&NHX::S=+25|26|24|22|:N=61],34|:0.19[&&NHX::N=MA54]):1.1[&&NHX::S=+28|27|:N=62],51|43|:0.42[&&NHX::N=PA12]):0[&&NHX::S=+23|:N=63]):0.35[&&NHX::S=+29|:N=64]):0.25[&&NHX::N=diploid];
restart: 4
Iteration 51606
Current probability is -2345.436806689941
Restart	Tree_ID	initialFP	initalFN	initGamma	initialSigma	imputedFP	imputedFN	imputedMiss	estimatedFP	estimatedFN	estimatedMiss	estimatedSigma	Prob	P_DG	P_MG	P_MC	P_alpha	P_beta	P_gamma	P_sigma	P_G
4	51606	51606	0.01	0.2	0.06069651741293532	0.05	0.01	0.2	0.06069651741293532	0.09969038126261429	0.08356954052347516	0.06696507254886763	0.06659813632853129	-2345.436806689941	-1162.8597780266514	37.67235041919494	-1169.0676237059336	-23.232152008112227	-9.63607197605643	-8.703018573135855	-8.777728764147547	-0.8327840550988707
0 0 0 0 0 0 0 0 0 0 0 0 0 0 0 0 0 0 0 1 1 1 1 1 1 1 1 1 1 1
0 0 0 0 0 0 0 0 0 0 0 0 0 0 1 1 1 1 1 1 1 1 1 1 1 1 1 1 1 1
0 0 0 0 0 0 0 0 0 0 0 0 0 0 0 0 0 0 0 0 1 1 1 1 1 1 1 1 1 1
0 0 0 0 0 0 0 1 1 1 1 0 0 0 0 0 0 0 0 0 1 1 1 1 1 1 1 0 1 1
0 0 0 1 1 0 0 0 0 0 0 0 0 0 0 0 0 0 0 0 0 1 1 0 1 1 1 1 1 1
0 0 0 0 0 0 0 0 0 0 0 0 0 0 0 0 0 0 0 0 0 0 1 1 1 1 1 1 1 1
0 0 0 0 0 0 0 0 0 0 0 0 0 0 1 1 1 1 1 1 1 1 1 1 1 1 1 1 1 1
0 0 0 1 1 0 0 0 0 0 0 0 0 0 0 0 0 0 0 0 0 1 1 1 1 1 1 1 1 1
0 0 0 0 0 0 0 0 0 0 0 0 0 0 1 0 1 1 1 1 1 1 1 1 1 1 1 1 1 1
0 0 0 0 0 0 0 1 1 1 1 0 0 0 0 0 0 0 0 0 1 1 1 1 1 1 1 0 1 1
0 0 0 0 0 0 0 0 0 0 0 1 1 0 0 0 0 0 1 1 1 1 1 1 1 1 1 1 1 1
1 1 1 1 1 0 0 0 0 0 0 0 0 1 0 0 0 0 0 0 0 1 1 0 1 1 1 1 1 1
0 0 0 0 0 0 0 0 0 0 0 0 0 0 0 0 0 0 0 0 0 0 1 1 1 1 1 1 1 1
0 0 0 0 0 0 0 0 0 0 0 0 0 0 0 0 0 0 1 1 1 1 1 1 1 1 1 1 1 1
0 0 0 0 0 0 0 0 0 0 0 0 0 0 0 0 0 0 0 0 0 0 1 1 1 1 1 1 1 1
1 1 1 1 1 0 0 0 0 0 0 0 0 1 0 0 0 0 0 0 0 1 1 0 1 1 1 1 1 1
0 1 1 1 1 0 0 0 0 0 0 0 0 0 0 0 0 0 0 0 0 1 1 0 1 1 1 1 1 1
0 0 0 0 0 0 0 0 0 0 0 0 0 0 0 0 0 0 0 0 0 0 1 1 1 1 1 1 1 1
0 0 0 0 0 0 0 0 0 0 0 1 1 0 0 0 0 0 1 1 1 1 1 1 1 1 1 1 1 1
0 1 1 1 1 0 0 0 0 0 0 0 0 1 0 0 0 0 0 0 0 1 1 0 1 1 1 1 1 1
0 0 0 0 0 0 0 1 1 1 1 0 0 0 0 0 0 0 0 0 1 1 1 1 1 1 1 0 1 1
0 0 0 1 1 0 0 0 0 0 0 0 0 0 0 0 0 0 0 0 0 1 1 1 1 1 1 1 1 1
0 0 0 0 0 0 0 0 0 0 0 0 0 0 1 0 1 1 1 1 1 1 1 1 1 1 1 1 1 1
0 0 0 0 0 0 0 0 0 0 0 0 0 0 1 1 1 1 1 1 1 1 1 1 1 1 1 1 1 1
0 1 1 1 1 0 0 0 0 0 0 0 0 1 0 0 0 0 0 0 0 1 1 0 1 1 1 1 1 1
0 0 0 0 0 0 0 0 0 0 0 0 0 0 0 0 0 0 1 1 1 1 1 1 1 1 1 1 1 1
0 0 1 1 1 0 0 0 0 0 0 0 0 0 0 0 0 0 0 0 0 1 1 0 1 1 1 1 1 1
0 0 0 0 0 0 0 0 0 0 0 0 0 0 0 0 0 0 1 1 1 1 1 1 1 1 1 1 1 1
0 0 0 0 0 0 0 0 0 0 0 0 0 0 1 1 1 1 1 1 1 1 1 1 1 1 1 1 1 1
0 0 0 1 1 0 0 0 0 0 0 0 0 0 0 0 0 0 0 0 0 1 1 0 1 1 1 1 1 1
0 0 0 1 1 0 0 0 0 0 0 0 0 0 0 0 0 0 0 0 0 1 1 1 1 1 1 1 1 1
0 0 0 0 0 0 0 0 0 0 0 0 0 0 0 0 0 0 1 1 1 1 1 1 1 1 1 1 1 1
0 0 0 1 1 0 0 0 0 0 0 0 0 0 0 0 0 0 0 0 0 1 1 1 1 1 1 1 1 1
0 0 0 0 0 0 0 1 1 1 1 0 0 0 0 0 0 0 0 0 1 1 1 1 1 1 1 0 1 1
0 0 0 0 0 0 0 0 0 0 0 0 0 0 0 0 0 0 0 0 0 0 1 1 0 0 0 1 1 1
0 0 0 0 0 0 1 1 1 1 1 0 0 0 0 0 0 0 0 0 1 1 1 1 1 1 1 1 1 1
0 0 0 0 0 0 0 1 1 1 1 0 0 0 0 0 0 0 0 0 1 1 1 1 1 1 1 0 1 1
0 0 0 0 0 0 0 1 1 1 1 0 0 0 0 0 0 0 0 0 1 1 1 1 1 1 1 1 1 1
0 0 0 0 0 1 0 0 1 1 1 0 0 0 0 0 0 0 0 0 1 1 1 1 1 1 1 1 1 1
0 0 0 0 0 1 0 0 1 1 1 0 0 0 0 0 0 0 0 0 1 1 1 1 1 1 1 1 1 1
0 0 0 0 0 0 0 1 1 1 1 0 0 0 0 0 0 0 0 0 1 1 1 1 1 1 1 1 1 1
0 0 0 0 0 0 1 1 1 1 1 0 0 0 0 0 0 0 0 0 1 1 1 1 1 1 1 1 1 1
0 0 0 0 0 0 0 0 1 1 1 0 0 0 0 0 0 0 0 0 1 1 1 1 1 1 1 1 1 1
0 0 0 0 0 0 0 0 0 0 0 0 0 0 0 0 0 0 0 0 0 0 1 1 0 0 0 0 0 1
0 0 0 0 0 0 0 0 0 0 0 0 0 0 0 0 0 0 0 0 1 1 1 1 1 1 1 1 1 1
0 0 0 0 0 0 0 0 1 1 1 0 0 0 0 0 0 0 0 0 1 1 1 1 1 1 1 1 1 1
0 0 0 0 0 1 0 0 1 1 1 0 0 0 0 0 0 0 0 0 1 1 1 1 1 1 1 1 1 1
0 0 0 0 0 0 0 0 1 1 1 0 0 0 0 0 0 0 0 0 1 1 1 1 1 1 1 1 1 1
0 0 0 0 0 0 0 0 0 0 0 0 0 0 0 0 0 0 0 0 1 1 1 1 1 1 1 1 1 1
0 0 0 0 0 0 0 0 0 0 0 0 0 0 0 0 0 0 0 0 1 1 1 1 1 1 1 1 1 1
0 0 0 0 0 0 0 0 1 1 1 0 0 0 0 0 0 0 0 0 1 1 1 1 1 1 1 1 1 1
0 0 0 0 0 0 0 0 0 0 0 0 0 0 0 0 0 0 0 0 0 0 1 1 0 0 0 0 0 1
0 0 0 0 0 0 0 0 0 0 0 0 0 0 0 0 0 0 0 0 0 0 1 1 1 1 1 1 1 1
0 0 0 0 0 0 1 1 1 1 1 0 0 0 0 0 0 0 0 0 1 1 1 1 1 1 1 1 1 1
0 0 0 0 0 1 0 0 1 1 1 0 0 0 0 0 0 0 0 0 1 1 1 1 1 1 1 1 1 1
0 0 0 0 0 0 1 1 1 1 1 0 0 0 0 0 0 0 0 0 1 1 1 1 1 1 1 1 1 1
0 0 0 0 0 0 1 1 1 1 1 0 0 0 0 0 0 0 0 0 1 1 1 1 1 1 1 1 1 1
0 0 0 0 0 1 0 0 1 1 1 0 0 0 0 0 0 0 0 0 1 1 1 1 1 1 1 1 1 1
0 0 0 0 0 1 0 0 1 1 1 0 0 0 0 0 0 0 0 0 1 1 1 1 1 1 1 1 1 1
0 0 0 0 0 0 0 1 1 1 1 0 0 0 0 0 0 0 0 0 1 1 1 1 1 1 1 0 1 1
0 0 0 0 0 0 0 0 0 0 0 0 0 0 0 0 0 0 0 0 1 1 1 1 1 1 1 1 1 1
0 0 0 0 0 1 0 0 1 1 1 0 0 0 0 0 0 0 0 0 1 1 1 1 1 1 1 1 1 1
0 0 0 0 0 1 0 0 1 1 1 0 0 0 0 0 0 0 0 0 1 1 1 1 1 1 1 1 1 1
0 0 0 0 0 0 0 0 0 0 0 0 0 0 0 0 0 0 0 0 1 1 1 1 1 1 1 1 1 1
0 0 0 0 0 0 0 1 1 1 1 0 0 0 0 0 0 0 0 0 1 1 1 1 1 1 1 0 1 1
0 0 0 0 0 0 0 0 0 0 0 0 0 0 0 0 0 0 0 0 0 0 1 1 1 1 1 1 1 1
0 0 0 0 0 0 0 0 0 0 0 0 0 0 0 0 0 0 0 0 0 0 1 1 1 1 1 1 1 1
SNV placement
0,13,-1	1,34,-1	2,35,-1	3,37,-1	4,37,-1	5,26,-1	6,29,-1	7,54,-1	8,56,-1	9,56,-1	10,56,-1	11,5,-1	12,5,-1	13,33,-1	14,39,-1	15,7,-1	16,39,-1	17,39,-1	18,40,-1	19,41,-1	20,59,-1	21,60,-1	22,63,-1	23,63,36	24,61,-1	25,61,-1	26,61,-1	27,62,22	28,62,-1	29,63,-1	
(((((((((((((37|:0.25[&&NHX::N=PA1],36|20|64|3|9|59|33|:0.23[&&NHX::S=-27|:N=PA19]):0.13[&&NHX::N=53],(((((:0.16[&&NHX::N=PA6],:0.16[&&NHX::N=PA17]):0.11[&&NHX::N=48],(:0.17[&&NHX::N=PA3],:0.21[&&NHX::N=PA16]):0.12[&&NHX::N=47]):0.19[&&NHX::N=49],:0.19[&&NHX::N=PA14]):0.11[&&NHX::N=50],(((:0.13[&&NHX::N=PA8],:0.17[&&NHX::N=PA20]):0.11[&&NHX::N=44],(53|55|41|56|35|:0.14[&&NHX::S=+6|:N=PA5],:0.17[&&NHX::N=PA13]):0.15[&&NHX::N=43]):0.11[&&NHX::N=45],(:0.13[&&NHX::N=PA18],40|:0.12[&&NHX::N=PA10]):0.12[&&NHX::N=42],:0.17[&&NHX::N=PA2]):0.12[&&NHX::N=46]):0.12[&&NHX::N=51],:0.13[&&NHX::N=PA7]):0.12[&&NHX::N=52]):0.12[&&NHX::S=+7|:N=54],45|47|42|50|:0.12[&&NHX::N=PA23]):0.23[&&NHX::N=55],57|38|54|39|46|58|61|62|:0.62[&&NHX::S=+5|:N=PA24]):0.27[&&NHX::S=+8|10|9|:N=56],:0.15[&&NHX::N=PA11]):0.4[&&NHX::N=57],(((8|22|:0.18[&&NHX::N=MA61],23|6|28|1|:0.2[&&NHX::S=+15|:N=MA59]):0.13[&&NHX::S=+16|14|17|:N=39],(13|27|25|31|:0.27[&&NHX::N=MA65],18|10|:0.29[&&NHX::S=+11|12|:N=MA56]):0.19[&&NHX::N=38]):0.22[&&NHX::S=+18|:N=40],0|:0.21[&&NHX::N=MA52]):0.17[&&NHX::S=+19|:N=41]):0.19[&&NHX::N=58],49|44|63|48|60|2|:0.16[&&NHX::N=MA66]):0.19[&&NHX::S=+20|:N=59],(((((15|11|:0.28[&&NHX::S=+0|:N=MA72],24|19|:0.22[&&NHX::N=MA57]):0.27[&&NHX::S=+13|:N=33],16|:0.21[&&NHX::N=MA63]):0.23[&&NHX::S=+1|:N=34],26|:0.24[&&NHX::N=MA49]):0.24[&&NHX::S=+2|:N=35],29|4|:0.25[&&NHX::N=MA50]):0.3[&&NHX::S=-23|:N=36],21|7|32|30|:0.2[&&NHX::N=MA51]):0.37[&&NHX::S=+4|3|:N=37]):0.21[&&NHX::S=+21|:N=60],65|66|5|17|12|52|14|:0.23[&&NHX::N=MA62]):0.27[&&NHX::S=+26|24|25|:N=61],34|:0.19[&&NHX::N=MA54]):1.1[&&NHX::S=+28|27|:N=62],43|51|:0.42[&&NHX::N=PA12]):0[&&NHX::S=+23|29|22|:N=63]):0.35[&&NHX::N=64]):0.25[&&NHX::N=diploid];
restart: 5
Iteration 82414
Current probability is -2344.8092460373036
Restart	Tree_ID	initialFP	initalFN	initGamma	initialSigma	imputedFP	imputedFN	imputedMiss	estimatedFP	estimatedFN	estimatedMiss	estimatedSigma	Prob	P_DG	P_MG	P_MC	P_alpha	P_beta	P_gamma	P_sigma	P_G
5	82414	82414	0.01	0.2	0.06069651741293532	0.05	0.01	0.2	0.06069651741293532	0.09793277332892755	0.11189521266468587	0.06293250901234346	0.05203538304342812	-2344.8092460373036	-1171.6897478139708	44.452338828764496	-1167.2600717097262	-22.86572664706554	-9.563963388069224	-8.635746705977391	-8.45167157594431	-0.7946570253152552
1 1 1 0 0 0 0 0 0 0 0 0 0 0 0 0 0 0 0 0 1 1 1 1 1 1 1 1 1 1
0 0 0 0 0 0 0 0 0 0 1 0 0 0 0 0 1 1 1 1 1 1 1 1 1 1 1 1 1 1
0 0 0 0 0 0 0 0 0 0 0 0 0 0 0 0 0 0 0 0 1 1 1 1 1 1 1 1 1 1
1 1 1 0 0 0 0 0 0 0 0 0 0 0 0 0 0 0 0 0 1 1 1 1 1 1 1 1 1 1
0 0 0 1 1 0 0 1 1 1 1 0 0 0 0 0 0 0 0 0 1 1 1 1 1 1 1 1 1 1
0 0 0 1 1 0 0 1 1 1 1 0 0 0 0 0 0 0 0 0 1 1 1 1 1 1 1 1 1 1
0 0 0 0 0 0 0 0 0 0 1 0 0 1 1 1 1 0 0 1 1 1 1 1 1 1 1 1 1 1
0 0 0 1 1 0 0 1 1 1 1 0 0 0 0 0 0 0 0 0 1 1 1 1 1 1 1 1 1 1
0 0 0 0 0 0 0 0 0 0 1 0 0 1 1 1 1 0 0 1 1 1 1 1 1 1 1 1 1 1
0 0 0 1 1 0 0 1 1 1 1 0 0 0 0 0 0 0 0 0 1 1 1 1 1 1 1 1 1 1
0 0 0 0 0 0 0 0 0 0 0 1 0 0 0 0 0 0 0 0 0 1 0 1 0 1 1 1 0 1
1 1 1 0 0 0 0 0 0 0 0 0 0 0 0 0 0 0 0 0 1 1 1 1 1 1 1 1 1 1
0 0 0 0 0 0 0 0 0 0 0 0 0 0 0 0 0 0 0 0 0 1 1 1 1 1 1 1 1 1
0 0 0 0 0 0 0 0 0 0 1 0 0 0 0 0 1 1 1 1 1 1 1 1 1 1 1 1 1 1
1 0 1 0 0 0 0 0 0 0 0 0 0 0 0 0 0 0 0 0 1 1 1 1 1 1 1 1 1 1
1 1 1 0 0 0 0 0 0 0 0 0 0 0 0 0 0 0 0 0 1 1 1 1 1 1 1 1 1 1
0 0 0 1 1 0 0 1 1 1 1 0 0 0 0 0 0 0 0 0 1 1 1 1 1 1 1 1 1 1
0 0 0 0 0 0 0 0 0 0 0 0 0 0 0 0 0 0 0 0 0 1 1 1 1 1 1 1 1 1
0 0 0 0 0 0 0 0 0 0 1 0 1 0 0 1 1 0 0 1 1 1 1 1 1 1 1 1 1 1
0 0 0 1 1 0 0 1 1 1 1 0 0 0 0 0 0 0 0 0 1 1 1 1 1 1 1 1 1 1
0 0 0 1 1 0 0 1 1 1 1 0 0 0 0 0 0 0 0 0 1 1 1 1 1 1 1 1 1 1
0 0 0 0 0 0 0 0 0 0 0 0 0 0 0 0 0 0 0 0 0 1 1 1 1 1 1 1 1 1
0 0 0 0 0 0 0 0 0 0 1 0 0 0 0 0 1 1 1 1 1 1 1 1 1 1 1 1 1 1
0 0 0 0 0 0 0 0 0 0 1 0 0 1 1 1 1 0 0 1 1 1 1 1 1 1 1 1 1 1
0 0 0 1 1 0 0 1 1 1 1 0 0 0 0 0 0 0 0 0 1 1 1 1 1 1 1 1 1 1
0 0 0 0 0 0 0 0 0 0 0 0 0 0 0 0 0 0 0 0 0 1 1 1 1 1 1 1 1 1
0 0 1 0 0 0 0 0 0 0 0 0 0 0 0 0 0 0 0 0 1 1 1 1 1 1 1 1 1 1
0 0 0 0 0 0 0 0 0 0 1 0 0 0 0 0 1 0 1 1 1 1 1 1 1 1 1 1 1 1
0 0 0 0 0 0 0 0 0 0 1 0 0 0 0 0 1 1 1 1 1 1 1 1 1 1 1 1 1 1
0 0 0 0 0 0 0 0 0 0 1 0 0 0 0 0 0 0 0 0 1 1 1 1 1 1 1 1 1 1
0 0 0 1 1 0 0 1 1 1 1 0 0 0 0 0 0 0 0 0 1 1 1 1 1 1 1 1 1 1
0 0 1 0 0 0 0 0 0 0 0 0 0 0 0 0 0 0 0 0 1 1 1 1 1 1 1 1 1 1
0 0 0 1 1 0 0 1 1 1 1 0 0 0 0 0 0 0 0 0 1 1 1 1 1 1 1 1 1 1
0 0 0 0 0 1 0 0 1 1 1 0 0 0 0 0 0 0 0 0 1 1 1 1 1 1 1 1 1 1
0 0 0 0 0 0 0 0 0 0 0 0 0 0 0 0 0 0 0 0 1 1 1 1 1 1 1 1 1 1
0 0 0 0 0 0 1 1 1 1 1 0 0 0 0 0 0 0 0 0 1 1 1 1 1 1 1 1 1 1
0 0 0 0 0 0 0 0 0 0 1 0 0 0 0 0 0 0 0 0 1 1 1 1 1 1 1 1 1 1
0 0 0 0 0 0 0 1 1 1 1 0 0 0 0 0 0 0 0 0 1 1 1 1 1 1 1 1 1 1
0 0 0 0 0 1 0 0 1 1 1 0 0 0 0 0 0 0 0 0 1 1 1 1 1 1 1 1 1 1
0 0 0 0 0 1 0 0 1 1 1 0 0 0 0 0 0 0 0 0 1 1 1 1 1 1 1 1 1 1
0 0 0 0 0 0 0 1 1 1 1 0 0 0 0 0 0 0 0 0 1 1 1 1 1 1 1 1 1 1
0 0 0 0 0 0 1 1 1 1 1 0 0 0 0 0 0 0 0 0 1 1 1 1 1 1 1 1 1 1
0 0 0 0 0 0 1 1 1 1 1 0 0 0 0 0 0 0 0 0 1 1 1 1 1 1 1 1 1 1
0 0 0 0 0 0 0 0 0 0 0 0 0 0 0 0 0 0 0 0 0 1 0 1 0 1 0 0 0 1
0 0 0 0 0 0 0 0 0 0 1 0 0 0 0 0 0 0 0 0 1 1 1 1 1 1 1 1 1 1
0 0 0 0 0 0 0 0 1 1 1 0 0 0 0 0 0 0 0 0 1 1 1 1 1 1 1 1 1 1
0 0 0 0 0 1 0 0 1 1 1 0 0 0 0 0 0 0 0 0 1 1 1 1 1 1 1 1 1 1
0 0 0 0 0 0 1 1 1 1 1 0 0 0 0 0 0 0 0 0 1 1 1 1 1 1 1 1 1 1
0 0 0 0 0 1 0 0 1 1 1 0 0 0 0 0 0 0 0 0 1 1 1 1 1 1 1 1 1 1
0 0 0 0 0 0 0 0 0 0 0 0 0 0 0 0 0 0 0 0 1 1 1 1 1 1 1 1 1 1
0 0 0 0 0 0 1 1 1 1 1 0 0 0 0 0 0 0 0 0 1 1 1 1 1 1 1 1 1 1
0 0 0 0 0 0 0 0 0 0 0 0 0 0 0 0 0 0 0 0 0 1 0 1 0 1 0 0 0 1
0 0 0 0 0 0 0 0 0 0 0 0 0 0 0 0 0 0 0 0 0 1 1 1 1 1 1 1 1 1
0 0 0 0 0 0 1 1 1 1 1 0 0 0 0 0 0 0 0 0 1 1 1 1 1 1 1 1 1 1
0 0 0 0 0 1 0 0 1 1 1 0 0 0 0 0 0 0 0 0 1 1 1 1 1 1 1 1 1 1
0 0 0 0 0 0 1 1 1 1 1 0 0 0 0 0 0 0 0 0 1 1 1 1 1 1 1 1 1 1
0 0 0 0 0 0 1 1 1 1 1 0 0 0 0 0 0 0 0 0 1 1 1 1 1 1 1 1 1 1
0 0 0 0 0 1 0 0 1 1 1 0 0 0 0 0 0 0 0 0 1 1 1 1 1 1 1 1 1 1
0 0 0 0 0 1 0 0 1 1 1 0 0 0 0 0 0 0 0 0 1 1 1 1 1 1 1 1 1 1
0 0 0 0 0 0 0 0 0 0 0 0 0 0 0 0 0 0 0 0 0 1 0 1 0 1 0 0 0 1
0 0 0 0 0 1 0 0 1 1 1 0 0 0 0 0 0 0 0 0 1 1 1 1 1 1 1 1 1 1
0 0 0 0 0 1 0 0 1 1 1 0 0 0 0 0 0 0 0 0 1 1 1 1 1 1 1 1 1 1
0 0 0 0 0 1 0 0 1 1 1 0 0 0 0 0 0 0 0 0 1 1 1 1 1 1 1 1 1 1
0 0 0 0 0 0 0 0 0 0 1 0 0 0 0 0 0 0 0 0 1 1 1 1 1 1 1 1 1 1
0 0 0 0 0 0 0 0 0 0 1 0 0 0 0 0 0 0 0 0 1 1 1 1 1 1 1 1 1 1
0 0 0 0 0 0 0 0 0 0 1 0 0 0 0 0 0 0 0 0 1 1 1 1 1 1 1 1 1 1
0 0 0 0 0 0 0 0 0 0 0 1 0 0 0 0 0 0 0 0 0 1 0 1 0 1 1 1 0 1
SNV placement
0,33,-1	1,13,-1	2,36,-1	3,22,-1	4,22,-1	5,26,-1	6,45,-1	7,54,-1	8,57,-1	9,57,-1	10,59,-1	11,4,-1	12,8,-1	13,7,-1	14,7,-1	15,39,-1	16,40,-1	17,11,-1	18,38,-1	19,40,-1	20,60,-1	21,63,-1	22,61,-1	23,64,-1	24,61,-1	25,63,-1	26,62,-1	27,62,-1	28,61,-1	29,63,-1	
(((((((((((((37|:0.25[&&NHX::N=PA1],5|16|4|19|9|30|32|20|7|24|:0.23[&&NHX::S=+3|4|:N=PA19]):0.13[&&NHX::N=53],(((((:0.16[&&NHX::N=PA6],:0.16[&&NHX::N=PA17]):0.11[&&NHX::N=48],(:0.17[&&NHX::N=PA3],40|:0.21[&&NHX::N=PA16]):0.12[&&NHX::N=47]):0.19[&&NHX::N=49],:0.19[&&NHX::N=PA14]):0.11[&&NHX::N=50],(((:0.13[&&NHX::N=PA8],:0.17[&&NHX::N=PA20]):0.11[&&NHX::N=44],(35|:0.14[&&NHX::N=PA5],56|55|41|53|47|42|50|:0.17[&&NHX::N=PA13]):0.15[&&NHX::N=43]):0.11[&&NHX::S=+6|:N=45],(:0.13[&&NHX::N=PA18],:0.12[&&NHX::N=PA10]):0.12[&&NHX::N=42],:0.17[&&NHX::N=PA2]):0.12[&&NHX::N=46]):0.12[&&NHX::N=51],:0.13[&&NHX::N=PA7]):0.12[&&NHX::N=52]):0.12[&&NHX::S=+7|:N=54],45|:0.12[&&NHX::N=PA23]):0.23[&&NHX::N=55],60|48|58|39|46|61|62|33|38|54|57|:0.62[&&NHX::S=+5|:N=PA24]):0.27[&&NHX::N=56],:0.15[&&NHX::N=PA11]):0.4[&&NHX::S=+8|9|:N=57],(((18|:0.18[&&NHX::S=+12|:N=MA61],6|23|8|:0.2[&&NHX::S=+13|14|:N=MA59]):0.13[&&NHX::S=+15|:N=39],(13|22|28|1|:0.27[&&NHX::S=+17|:N=MA65],27|:0.29[&&NHX::N=MA56]):0.19[&&NHX::S=+18|:N=38]):0.22[&&NHX::S=+16|19|:N=40],44|63|65|64|36|29|:0.21[&&NHX::N=MA52]):0.17[&&NHX::N=41]):0.19[&&NHX::N=58],:0.16[&&NHX::N=MA66]):0.19[&&NHX::S=+10|:N=59],(((((15|0|11|3|:0.28[&&NHX::S=+1|:N=MA72],14|:0.22[&&NHX::N=MA57]):0.27[&&NHX::S=+0|:N=33],:0.21[&&NHX::N=MA63]):0.23[&&NHX::N=34],26|31|:0.24[&&NHX::N=MA49]):0.24[&&NHX::N=35],:0.25[&&NHX::N=MA50]):0.3[&&NHX::S=+2|:N=36],49|2|34|:0.2[&&NHX::N=MA51]):0.37[&&NHX::N=37]):0.21[&&NHX::S=+20|:N=60],21|52|12|17|25|:0.23[&&NHX::N=MA62]):0.27[&&NHX::S=+28|22|24|:N=61],66|10|:0.19[&&NHX::S=+11|:N=MA54]):1.1[&&NHX::S=+27|26|:N=62],59|51|43|:0.42[&&NHX::N=PA12]):0[&&NHX::S=+29|21|25|:N=63]):0.35[&&NHX::S=+23|:N=64]):0.25[&&NHX::N=diploid];
restart: 6
Iteration 86913
Current probability is -2355.0319954142133
Restart	Tree_ID	initialFP	initalFN	initGamma	initialSigma	imputedFP	imputedFN	imputedMiss	estimatedFP	estimatedFN	estimatedMiss	estimatedSigma	Prob	P_DG	P_MG	P_MC	P_alpha	P_beta	P_gamma	P_sigma	P_G
6	86913	86913	0.01	0.2	0.06069651741293532	0.05	0.01	0.2	0.06069651741293532	0.09953201299878629	0.08923901400938347	0.057726895009939924	0.037377918134345794	-2355.0319954142133	-1174.984395374695	49.26680632889741	-1178.9055277712685	-23.199091722755945	-9.6138725897893	-8.555891056814605	-8.21479781679675	-0.8252254109901666
1 1 1 1 1 0 0 0 0 0 0 0 0 0 0 0 0 0 0 0 0 1 0 1 1 1 1 1 1 1
0 0 0 0 0 0 0 0 0 0 0 0 0 0 1 0 1 1 1 1 1 1 1 1 1 1 1 1 1 1
0 0 0 0 0 0 0 0 0 0 0 0 0 0 0 0 0 0 0 0 1 1 1 1 1 1 1 1 1 1
0 0 0 0 0 0 0 1 1 1 1 0 0 0 0 0 0 0 0 0 1 1 1 1 1 1 1 1 1 1
1 0 0 1 1 0 0 0 0 0 0 0 0 0 0 0 0 0 0 0 0 1 0 1 1 1 1 1 1 1
0 0 0 0 0 0 0 1 1 1 0 0 0 0 0 0 0 0 0 0 1 1 1 1 1 1 1 1 1 1
0 0 0 0 0 0 0 0 0 0 0 0 0 0 0 0 0 0 0 0 0 1 0 1 0 1 1 1 0 1
0 0 0 1 1 0 0 0 0 0 0 0 0 0 0 0 0 0 0 0 0 1 0 1 1 1 1 1 1 1
0 0 0 0 0 0 0 0 0 0 0 0 0 0 1 0 1 1 1 1 1 1 1 1 1 1 1 1 1 1
0 0 0 0 0 0 0 1 1 1 1 0 0 0 0 0 0 0 0 0 1 1 1 1 1 1 1 1 1 1
0 0 0 0 0 0 0 0 0 0 0 0 0 0 0 0 0 0 0 0 0 1 0 1 0 1 1 1 0 1
1 1 1 1 1 0 0 0 0 0 0 0 0 1 0 0 0 0 0 0 0 1 0 1 1 1 1 1 1 1
0 0 0 0 0 0 0 0 0 0 0 0 0 0 0 0 0 0 0 0 0 1 1 1 1 1 1 1 1 1
0 0 0 0 0 0 0 0 0 0 0 0 0 0 0 0 1 1 1 1 1 1 1 1 1 1 1 1 1 1
0 0 0 0 0 0 0 0 0 0 0 0 0 0 0 0 0 0 0 0 1 1 1 1 1 1 1 1 1 1
1 1 1 1 1 0 0 0 0 0 0 0 0 1 0 0 0 0 0 0 0 1 0 1 1 1 1 1 1 1
1 1 1 1 1 0 0 0 0 0 0 0 0 0 0 0 0 0 0 0 0 1 0 1 1 1 1 1 1 1
0 0 0 0 0 0 0 0 0 0 0 0 0 0 0 0 0 0 0 0 0 1 1 1 1 1 1 1 1 1
0 0 0 0 0 0 0 0 0 0 0 1 1 0 0 1 1 0 0 1 1 1 1 1 1 1 1 1 1 1
1 1 1 1 1 0 0 0 0 0 0 0 0 1 0 0 0 0 0 0 0 1 0 1 1 1 1 1 1 1
0 0 0 1 1 0 0 0 0 0 0 0 0 0 0 0 0 0 0 0 0 1 0 1 1 1 1 1 1 1
1 0 0 1 1 0 0 0 0 0 0 0 0 0 0 0 0 0 0 0 0 1 0 1 1 1 1 1 1 1
0 0 0 0 0 0 0 0 0 0 0 0 0 0 1 0 1 1 1 1 1 1 1 1 1 1 1 1 1 1
0 0 0 0 0 0 0 0 0 0 0 0 1 0 0 1 1 0 0 1 1 1 1 1 1 1 1 1 1 1
1 1 1 1 1 0 0 0 0 0 0 0 0 1 0 0 0 0 0 0 0 1 0 1 1 1 1 1 1 1
0 0 0 0 0 0 0 1 1 1 0 0 0 0 0 0 0 0 0 0 1 1 1 1 1 1 1 1 1 1
0 0 0 1 1 0 0 0 0 0 0 0 0 0 0 0 0 0 0 0 0 1 0 1 1 1 1 1 1 1
0 0 0 0 0 0 0 0 0 0 0 0 0 0 0 0 1 1 1 1 1 1 1 1 1 1 1 1 1 1
0 0 0 0 0 0 0 0 0 0 0 0 0 0 0 0 1 1 1 1 1 1 1 1 1 1 1 1 1 1
0 0 0 0 1 0 0 0 0 0 0 0 0 0 0 0 0 0 0 0 0 1 0 1 1 1 1 1 1 1
0 0 0 0 0 0 0 1 1 1 0 0 0 0 0 0 0 0 0 0 1 1 1 1 1 1 1 1 1 1
0 0 0 0 0 0 0 1 1 1 0 0 0 0 0 0 0 0 0 0 1 1 1 1 1 1 1 1 1 1
0 0 0 0 0 0 0 1 1 1 0 0 0 0 0 0 0 0 0 0 1 1 1 1 1 1 1 1 1 1
0 0 0 0 0 0 0 1 1 1 1 0 0 0 0 0 0 0 0 0 1 1 1 1 1 1 1 1 1 1
0 0 0 0 0 0 0 0 0 0 0 0 0 0 0 0 0 0 0 0 0 1 0 0 0 0 0 0 0 1
0 0 0 0 0 1 1 1 1 1 1 0 0 0 0 0 0 0 0 0 1 1 1 1 1 1 1 1 1 1
0 0 0 0 0 0 0 1 1 1 1 0 0 0 0 0 0 0 0 0 1 1 1 1 1 1 1 1 1 1
0 0 0 0 0 0 0 1 1 1 1 0 0 0 0 0 0 0 0 0 1 1 1 1 1 1 1 1 1 1
0 0 0 0 0 0 0 1 1 1 1 0 0 0 0 0 0 0 0 0 1 1 1 1 1 1 1 1 1 1
0 0 0 0 0 0 0 1 1 1 1 0 0 0 0 0 0 0 0 0 1 1 1 1 1 1 1 1 1 1
0 0 0 0 0 0 0 1 1 1 0 0 0 0 0 0 0 0 0 0 1 1 1 1 1 1 1 1 1 1
0 0 0 0 0 1 1 1 1 1 1 0 0 0 0 0 0 0 0 0 1 1 1 1 1 1 1 1 1 1
0 0 0 0 0 0 1 1 1 1 1 0 0 0 0 0 0 0 0 0 1 1 1 1 1 1 1 1 1 1
0 0 0 0 0 0 0 0 0 0 0 0 0 0 0 0 0 0 0 0 0 1 0 0 0 0 0 0 0 1
0 0 0 0 0 0 0 0 0 0 0 0 0 0 0 0 0 0 0 0 1 1 1 1 1 1 1 1 1 1
0 0 0 0 0 1 1 1 1 1 1 0 0 0 0 0 0 0 0 0 1 1 1 1 1 1 1 1 1 1
0 0 0 0 0 0 0 1 1 1 1 0 0 0 0 0 0 0 0 0 1 1 1 1 1 1 1 1 1 1
0 0 0 0 0 1 1 1 1 1 1 0 0 0 0 0 0 0 0 0 1 1 1 1 1 1 1 1 1 1
0 0 0 0 0 0 0 0 0 0 0 0 0 0 0 0 0 0 0 0 1 1 1 1 1 1 1 1 1 1
0 0 0 0 0 0 0 0 0 0 0 0 0 0 0 0 0 0 0 0 1 1 1 1 1 1 1 1 1 1
0 0 0 0 0 1 1 1 1 1 1 0 0 0 0 0 0 0 0 0 1 1 1 1 1 1 1 1 1 1
0 0 0 0 0 0 0 0 0 0 0 0 0 0 0 0 0 0 0 0 0 1 0 1 0 1 0 0 0 1
0 0 0 0 0 0 0 0 0 0 0 0 0 0 0 0 0 0 0 0 0 1 1 1 1 1 1 1 1 1
0 0 0 0 0 0 0 1 1 1 0 0 0 0 0 0 0 0 0 0 1 1 1 1 1 1 1 1 1 1
0 0 0 0 0 0 0 1 1 1 1 0 0 0 0 0 0 0 0 0 1 1 1 1 1 1 1 1 1 1
0 0 0 0 0 0 1 1 1 1 1 0 0 0 0 0 0 0 0 0 1 1 1 1 1 1 1 1 1 1
0 0 0 0 0 0 1 1 1 1 1 0 0 0 0 0 0 0 0 0 1 1 1 1 1 1 1 1 1 1
0 0 0 0 0 0 0 1 1 1 1 0 0 0 0 0 0 0 0 0 1 1 1 1 1 1 1 1 1 1
0 0 0 0 0 0 0 0 0 0 0 0 0 0 0 0 0 0 0 0 1 1 1 1 1 1 1 1 1 1
0 0 0 0 0 0 0 1 1 1 0 0 0 0 0 0 0 0 0 0 1 1 1 1 1 1 1 1 1 1
0 0 0 0 0 0 0 0 0 0 0 0 0 0 0 0 0 0 0 0 1 1 1 1 1 1 1 1 1 1
0 0 0 0 0 0 0 1 1 1 1 0 0 0 0 0 0 0 0 0 1 1 1 1 1 1 1 1 1 1
0 0 0 0 0 0 0 1 1 1 1 0 0 0 0 0 0 0 0 0 1 1 1 1 1 1 1 1 1 1
0 0 0 0 0 0 0 0 0 0 0 0 0 0 0 0 0 0 0 0 1 1 1 1 1 1 1 1 1 1
0 0 0 0 0 0 0 0 0 0 0 0 0 0 0 0 0 0 0 0 0 1 0 1 0 1 0 0 0 1
0 0 0 0 0 0 0 0 0 0 0 0 0 0 0 0 0 0 0 0 1 1 1 1 1 1 1 1 1 1
0 0 0 0 0 0 0 0 0 0 0 0 0 0 0 0 0 0 0 0 0 1 0 1 0 1 1 1 0 1
SNV placement
0,34,-1	1,33,-1	2,33,-1	3,35,-1	4,36,-1	5,29,-1	6,45,-1	7,56,-1	8,56,19	9,56,-1	10,54,-1	11,8,-1	12,39,-1	13,13,-1	14,11,-1	15,39,-1	16,40,-1	17,38,-1	18,38,-1	19,40,-1	20,58,-1	21,65,-1	22,59,-1	23,62,-1	24,60,-1	25,62,-1	26,61,-1	27,61,-1	28,60,-1	29,63,-1	
(((((((((((((37|:0.25[&&NHX::N=PA1],3|36|38|54|39|46|57|61|62|9|33|:0.23[&&NHX::N=PA19]):0.13[&&NHX::N=53],(((((:0.16[&&NHX::N=PA6],:0.16[&&NHX::N=PA17]):0.11[&&NHX::N=48],(:0.17[&&NHX::N=PA3],:0.21[&&NHX::S=-8|:N=PA16]):0.12[&&NHX::N=47]):0.19[&&NHX::N=49],:0.19[&&NHX::N=PA14]):0.11[&&NHX::N=50],(((:0.13[&&NHX::N=PA8],:0.17[&&NHX::N=PA20]):0.11[&&NHX::N=44],(35|41|45|47|50|:0.14[&&NHX::S=+5|:N=PA5],56|42|55|:0.17[&&NHX::N=PA13]):0.15[&&NHX::N=43]):0.11[&&NHX::S=+6|:N=45],(:0.13[&&NHX::N=PA18],:0.12[&&NHX::N=PA10]):0.12[&&NHX::N=42],:0.17[&&NHX::N=PA2]):0.12[&&NHX::N=46]):0.12[&&NHX::N=51],:0.13[&&NHX::N=PA7]):0.12[&&NHX::N=52]):0.12[&&NHX::S=+10|:N=54],53|40|:0.12[&&NHX::N=PA23]):0.23[&&NHX::N=55],31|25|5|32|30|59|:0.62[&&NHX::N=PA24]):0.27[&&NHX::S=+9|8|7|:N=56],:0.15[&&NHX::N=PA11]):0.4[&&NHX::N=57],(((18|:0.18[&&NHX::S=+11|:N=MA61],23|:0.2[&&NHX::N=MA59]):0.13[&&NHX::S=+12|15|:N=39],(1|22|8|:0.27[&&NHX::S=+14|:N=MA65],28|13|27|:0.29[&&NHX::N=MA56]):0.19[&&NHX::S=+17|18|:N=38]):0.22[&&NHX::S=+16|19|:N=40],49|63|48|44|65|58|14|2|60|:0.21[&&NHX::N=MA52]):0.17[&&NHX::N=41]):0.19[&&NHX::S=+20|:N=58],17|12|52|:0.16[&&NHX::N=MA66]):0.19[&&NHX::S=+22|:N=59],(((((15|24|11|19|:0.28[&&NHX::S=+13|:N=MA72],0|16|:0.22[&&NHX::N=MA57]):0.27[&&NHX::S=+2|1|:N=33],4|21|:0.21[&&NHX::N=MA63]):0.23[&&NHX::S=+0|:N=34],7|26|20|:0.24[&&NHX::N=MA49]):0.24[&&NHX::S=+3|:N=35],29|:0.25[&&NHX::N=MA50]):0.3[&&NHX::S=+4|:N=36],:0.2[&&NHX::N=MA51]):0.37[&&NHX::N=37]):0.21[&&NHX::S=+28|24|:N=60],10|6|66|:0.23[&&NHX::N=MA62]):0.27[&&NHX::S=+27|26|:N=61],64|51|:0.19[&&NHX::N=MA54]):1.1[&&NHX::S=+23|25|:N=62],43|34|:0.42[&&NHX::N=PA12]):0[&&NHX::S=+29|:N=63]):0.35[&&NHX::N=64]):0.25[&&NHX:S=21|:N=diploid];
restart: 7
Iteration 18119
Current probability is -2350.265371393154
Restart	Tree_ID	initialFP	initalFN	initGamma	initialSigma	imputedFP	imputedFN	imputedMiss	estimatedFP	estimatedFN	estimatedMiss	estimatedSigma	Prob	P_DG	P_MG	P_MC	P_alpha	P_beta	P_gamma	P_sigma	P_G
7	18119	18119	0.01	0.2	0.06069651741293532	0.05	0.01	0.2	0.06069651741293532	0.09946030397207593	0.0684530996645152	0.06527338300653875	0.06273540728697564	-2350.265371393154	-1162.291990771962	38.11994767186973	-1174.976620983948	-23.18412598741857	-9.721079799527034	-8.67426153433368	-8.684676945136035	-0.8525630426984775
1 1 1 0 0 0 0 0 0 0 0 0 0 0 0 0 0 0 0 0 0 1 0 1 1 1 1 1 1 1
0 0 0 0 0 0 0 0 0 0 0 0 0 0 0 0 0 1 1 1 1 1 1 1 1 1 1 1 1 1
0 0 0 0 0 0 0 0 0 0 0 0 0 0 0 0 0 0 0 0 1 1 1 1 1 1 1 1 1 1
1 1 1 0 0 0 0 0 0 0 0 0 0 0 0 0 0 0 0 0 0 1 0 1 1 1 1 1 1 1
1 0 0 0 0 0 0 0 0 0 0 0 0 0 0 0 0 0 0 0 0 1 0 1 1 1 1 1 1 1
1 0 0 0 0 0 0 0 0 0 0 0 0 0 0 0 0 0 0 0 0 1 0 1 1 1 1 1 1 1
0 0 0 1 0 0 0 0 0 0 0 0 0 1 1 1 1 0 0 1 1 1 1 1 1 1 1 1 1 1
0 0 0 1 1 0 0 1 0 0 0 0 0 0 0 0 0 0 0 1 1 1 1 1 1 1 1 1 1 1
0 0 0 1 0 0 0 0 0 0 0 0 0 1 1 1 1 0 0 1 1 1 1 1 1 1 1 1 1 1
0 0 0 0 0 0 0 0 1 0 1 0 0 0 0 0 0 0 0 0 1 1 1 1 1 1 1 0 1 1
0 0 0 0 0 0 0 0 0 0 0 0 1 0 0 0 0 0 0 0 0 1 0 1 0 1 1 0 0 1
1 1 1 0 0 0 0 0 0 0 0 0 0 0 0 0 0 0 0 0 0 1 0 1 1 1 1 1 1 1
1 1 0 0 0 0 0 0 0 0 0 0 0 0 0 0 0 0 0 0 0 1 0 1 1 1 1 1 1 1
0 0 0 0 0 0 0 0 0 0 0 0 0 0 0 0 0 1 1 1 1 1 1 1 1 1 1 1 1 1
0 0 0 0 0 0 0 0 0 0 0 0 0 0 0 0 0 0 0 0 1 1 1 1 1 1 1 1 1 1
1 1 0 0 0 0 0 0 0 0 0 0 0 0 0 0 0 0 0 0 0 1 0 1 1 1 1 1 1 1
1 1 1 0 0 0 0 0 0 0 0 0 0 0 0 0 0 0 0 0 0 1 0 1 1 1 1 1 1 1
0 0 0 0 0 0 0 0 0 0 0 0 0 0 0 0 0 0 0 0 0 1 0 1 1 1 1 1 1 1
0 0 0 1 0 0 0 0 0 0 0 1 0 0 0 1 0 0 0 1 1 1 1 1 1 1 1 1 1 1
0 0 0 1 1 0 0 1 0 0 0 0 0 0 0 0 0 0 0 1 1 1 1 1 1 1 1 1 1 1
0 0 0 1 1 0 0 1 0 0 0 0 0 0 0 0 0 0 0 1 1 1 1 1 1 1 1 1 1 1
0 0 0 1 1 0 0 0 0 0 0 0 0 0 0 0 0 0 0 1 1 1 1 1 1 1 1 1 1 1
0 0 0 0 0 0 0 0 0 0 0 0 0 0 0 0 0 1 1 1 1 1 1 1 1 1 1 1 1 1
0 0 0 1 0 0 0 0 0 0 0 0 0 1 1 1 1 0 0 1 1 1 1 1 1 1 1 1 1 1
0 0 0 1 1 0 0 0 0 0 0 0 0 0 0 0 0 0 0 1 1 1 1 1 1 1 1 1 1 1
0 0 0 1 1 0 0 1 0 0 0 0 0 0 0 0 0 0 0 1 1 1 1 1 1 1 1 1 1 1
0 0 0 1 1 0 0 1 0 0 0 0 0 0 0 0 0 0 0 1 1 1 1 1 1 1 1 1 1 1
0 0 0 1 1 0 0 1 0 0 0 0 0 0 0 0 0 0 0 1 1 1 1 1 1 1 1 1 1 1
0 0 0 0 0 0 0 0 1 0 1 0 0 0 0 0 0 0 0 0 1 1 1 1 1 1 1 0 1 1
0 0 0 0 0 0 0 0 0 0 0 0 0 0 0 0 0 0 0 0 0 1 0 1 1 1 1 1 1 1
0 0 0 1 1 0 0 1 0 0 0 0 0 0 0 0 0 0 0 1 1 1 1 1 1 1 1 1 1 1
0 0 0 0 0 0 0 0 0 0 0 0 0 0 0 0 0 0 0 0 1 1 1 1 1 1 1 1 1 1
0 0 0 1 1 0 0 1 0 0 0 0 0 0 0 0 0 0 0 1 1 1 1 1 1 1 1 1 1 1
0 0 0 0 0 0 0 0 1 0 1 0 0 0 0 0 0 0 0 0 1 1 1 1 1 1 1 0 1 1
0 0 0 0 0 0 0 0 0 0 0 0 0 0 0 0 0 0 0 0 0 0 0 0 0 0 0 0 0 1
0 0 0 0 0 0 1 0 1 0 1 0 0 0 0 0 0 0 0 0 1 1 1 1 1 1 1 1 1 1
0 0 0 0 0 0 0 0 1 0 1 0 0 0 0 0 0 0 0 0 1 1 1 1 1 1 1 0 1 1
0 0 0 0 0 0 1 0 1 0 1 0 0 0 0 0 0 0 0 0 1 1 1 1 1 1 1 1 1 1
0 0 0 0 0 1 1 0 1 1 1 0 0 0 0 0 0 0 0 0 1 1 1 1 1 1 1 1 1 1
0 0 0 0 0 1 1 0 1 1 1 0 0 0 0 0 0 0 0 0 1 1 1 1 1 1 1 1 1 1
0 0 0 0 0 0 0 0 1 0 0 0 0 0 0 0 0 0 0 0 1 1 1 1 1 1 1 1 1 1
0 0 0 0 0 0 1 0 1 0 1 0 0 0 0 0 0 0 0 0 1 1 1 1 1 1 1 1 1 1
0 0 0 0 0 0 1 0 1 0 1 0 0 0 0 0 0 0 0 0 1 1 1 1 1 1 1 1 1 1
0 0 0 0 0 0 0 0 0 0 0 0 0 0 0 0 0 0 0 0 0 0 0 0 0 0 0 0 0 1
0 0 0 0 0 0 0 0 0 0 0 0 0 0 0 0 0 0 0 0 1 1 1 1 1 1 1 1 1 1
0 0 0 0 0 0 1 0 1 0 1 0 0 0 0 0 0 0 0 0 1 1 1 1 1 1 1 1 1 1
0 0 0 0 0 1 1 0 1 1 1 0 0 0 0 0 0 0 0 0 1 1 1 1 1 1 1 1 1 1
0 0 0 0 0 0 1 0 1 0 1 0 0 0 0 0 0 0 0 0 1 1 1 1 1 1 1 1 1 1
0 0 0 0 0 0 0 0 0 0 0 0 0 0 0 0 0 0 0 0 1 1 1 1 1 1 1 1 1 1
0 0 0 0 0 0 0 0 0 0 0 0 0 0 0 0 0 0 0 0 1 1 1 1 1 1 1 1 1 1
0 0 0 0 0 0 1 0 1 0 1 0 0 0 0 0 0 0 0 0 1 1 1 1 1 1 1 1 1 1
0 0 0 0 0 0 0 0 0 0 0 0 0 0 0 0 0 0 0 0 0 1 0 1 0 1 0 0 0 1
0 0 0 0 0 0 0 0 0 0 0 0 0 0 0 0 0 0 0 0 0 1 0 1 1 1 1 1 1 1
0 0 0 0 0 0 1 0 1 0 1 0 0 0 0 0 0 0 0 0 1 1 1 0 1 1 1 1 1 1
0 0 0 0 0 1 1 0 1 1 1 0 0 0 0 0 0 0 0 0 1 1 1 1 1 1 1 1 1 1
0 0 0 0 0 0 1 0 1 0 1 0 0 0 0 0 0 0 0 0 1 1 1 1 1 1 1 1 1 1
0 0 0 0 0 0 1 0 1 0 1 0 0 0 0 0 0 0 0 0 1 1 1 1 1 1 1 1 1 1
0 0 0 0 0 1 1 0 1 1 1 0 0 0 0 0 0 0 0 0 1 1 1 1 1 1 1 1 1 1
0 0 0 0 0 0 0 0 1 0 1 0 0 0 0 0 0 0 0 0 1 1 1 1 1 1 1 0 1 1
0 0 0 0 0 0 0 0 0 0 0 0 0 0 0 0 0 0 0 0 0 1 0 1 0 1 0 0 0 1
0 0 0 0 0 1 1 0 1 1 1 0 0 0 0 0 0 0 0 0 1 1 1 1 1 1 1 1 1 1
0 0 0 0 0 1 1 0 1 1 1 0 0 0 0 0 0 0 0 0 1 1 1 1 1 1 1 1 1 1
0 0 0 0 0 1 1 0 1 1 1 0 0 0 0 0 0 0 0 0 1 1 1 1 1 1 1 1 1 1
0 0 0 0 0 0 0 0 0 0 0 0 0 0 0 0 0 0 0 0 1 1 1 1 1 1 1 1 1 1
0 0 0 0 0 0 0 0 1 0 1 0 0 0 0 0 0 0 0 0 1 1 1 1 1 1 1 0 1 1
0 0 0 0 0 0 0 0 0 0 0 0 0 0 0 0 0 0 0 0 1 1 1 1 1 1 1 1 1 1
0 0 0 0 0 0 0 0 0 0 0 0 0 0 0 0 0 0 0 0 0 1 0 1 1 1 1 1 1 1
SNV placement
0,36,-1	1,33,-1	2,13,-1	3,40,-1	4,38,-1	5,22,-1	6,54,-1	7,5,-1	8,57,19	9,22,-1	10,56,-1	11,8,-1	12,9,-1	13,7,-1	14,7,-1	15,39,-1	16,7,-1	17,3,-1	18,3,-1	19,41,-1	20,59,-1	21,62,-1	22,59,-1	23,62,18	24,60,-1	25,62,-1	26,61,-1	27,60,26	28,60,-1	29,64,-1	
(((((((((((((37|56|:0.25[&&NHX::N=PA1],60|39|61|62|54|57|46|38|:0.23[&&NHX::S=+5|9|:N=PA19]):0.13[&&NHX::N=53],(((((:0.16[&&NHX::N=PA6],:0.16[&&NHX::N=PA17]):0.11[&&NHX::N=48],(:0.17[&&NHX::N=PA3],:0.21[&&NHX::S=-8|:N=PA16]):0.12[&&NHX::N=47]):0.19[&&NHX::N=49],53|:0.19[&&NHX::S=-23|:N=PA14]):0.11[&&NHX::N=50],(((:0.13[&&NHX::N=PA8],:0.17[&&NHX::N=PA20]):0.11[&&NHX::N=44],(35|:0.14[&&NHX::N=PA5],:0.17[&&NHX::N=PA13]):0.15[&&NHX::N=43]):0.11[&&NHX::N=45],(:0.13[&&NHX::N=PA18],55|47|45|42|50|41|:0.12[&&NHX::N=PA10]):0.12[&&NHX::N=42],:0.17[&&NHX::N=PA2]):0.12[&&NHX::N=46]):0.12[&&NHX::N=51],:0.13[&&NHX::N=PA7]):0.12[&&NHX::N=52]):0.12[&&NHX::S=+6|:N=54],:0.12[&&NHX::N=PA23]):0.23[&&NHX::N=55],64|36|33|58|28|9|:0.62[&&NHX::S=-27|:N=PA24]):0.27[&&NHX::S=+10|:N=56],40|:0.15[&&NHX::N=PA11]):0.4[&&NHX::S=+8|:N=57],(((18|:0.18[&&NHX::S=+11|:N=MA61],8|6|23|:0.2[&&NHX::S=+16|13|14|:N=MA59]):0.13[&&NHX::S=+15|:N=39],(21|24|:0.27[&&NHX::N=MA65],27|7|20|32|30|19|26|25|:0.29[&&NHX::S=+7|:N=MA56]):0.19[&&NHX::S=+4|:N=38]):0.22[&&NHX::S=+3|:N=40],1|13|22|:0.21[&&NHX::S=+17|18|:N=MA52]):0.17[&&NHX::S=+19|:N=41]):0.19[&&NHX::N=58],44|49|31|63|48|65|2|14|:0.16[&&NHX::N=MA66]):0.19[&&NHX::S=+22|20|:N=59],(((((11|16|0|3|:0.28[&&NHX::S=+2|:N=MA72],12|15|:0.22[&&NHX::N=MA57]):0.27[&&NHX::S=+1|:N=33],:0.21[&&NHX::N=MA63]):0.23[&&NHX::N=34],5|4|:0.24[&&NHX::N=MA49]):0.24[&&NHX::N=35],:0.25[&&NHX::N=MA50]):0.3[&&NHX::S=+0|:N=36],29|66|17|52|:0.2[&&NHX::N=MA51]):0.37[&&NHX::N=37]):0.21[&&NHX::S=+27|24|28|:N=60],10|:0.23[&&NHX::S=+12|:N=MA62]):0.27[&&NHX::S=+26|:N=61],51|59|:0.19[&&NHX::N=MA54]):1.1[&&NHX::S=+25|23|21|:N=62],34|43|:0.42[&&NHX::N=PA12]):0[&&NHX::N=63]):0.35[&&NHX::S=+29|:N=64]):0.25[&&NHX::N=diploid];
restart: 8
Iteration 40822
Current probability is -2335.8202691545034
Restart	Tree_ID	initialFP	initalFN	initGamma	initialSigma	imputedFP	imputedFN	imputedMiss	estimatedFP	estimatedFN	estimatedMiss	estimatedSigma	Prob	P_DG	P_MG	P_MC	P_alpha	P_beta	P_gamma	P_sigma	P_G
8	40822	40822	0.01	0.2	0.06069651741293532	0.05	0.01	0.2	0.06069651741293532	0.09959350979604586	0.07382341380769165	0.06402222056408804	0.048588466577031794	-2335.8202691545034	-1159.8860437804492	45.3862251869858	-1170.5375504788788	-23.211929787192393	-9.686024058207952	-8.653486517984296	-8.385916751829287	-0.8455429669473784
0 0 0 0 0 0 0 0 0 0 0 0 0 0 0 0 0 0 0 1 1 1 1 1 1 1 1 1 1 1
0 0 0 0 0 0 0 0 0 0 0 0 0 0 1 0 1 1 1 1 1 1 1 1 1 1 1 1 1 1
0 0 0 0 0 0 0 0 0 0 0 0 0 0 0 0 0 0 0 0 1 1 1 1 1 1 1 1 1 1
0 0 0 0 0 0 0 0 0 0 1 0 0 0 0 0 0 0 0 0 1 1 1 1 1 1 1 1 1 1
0 0 0 1 1 0 0 1 0 0 0 0 0 0 0 0 0 0 0 0 0 1 0 1 1 1 1 1 1 1
0 0 0 0 0 0 0 0 0 0 0 0 0 0 0 0 0 0 0 0 0 1 1 1 1 1 1 1 1 1
0 0 0 0 0 0 0 0 0 0 0 0 0 0 0 0 0 0 0 0 0 1 0 1 1 1 1 1 0 1
0 0 0 1 1 0 0 1 0 0 0 0 0 0 0 0 0 0 0 0 0 1 0 1 1 1 1 1 1 1
0 0 0 0 0 0 0 0 0 0 0 0 0 0 1 0 1 1 1 1 1 1 1 1 1 1 1 1 1 1
0 0 0 0 0 1 0 0 1 1 1 0 0 0 0 0 0 0 0 0 1 1 1 1 1 1 1 1 1 1
0 0 0 0 0 0 0 0 0 0 0 0 0 0 0 0 0 0 0 0 0 1 0 1 0 1 0 0 0 1
0 1 1 1 1 0 0 1 0 0 0 0 0 1 0 0 0 0 0 0 0 1 0 1 1 1 1 1 1 1
0 0 0 0 0 0 0 0 0 0 0 0 0 0 0 0 0 0 0 0 0 1 1 1 1 1 1 1 1 1
0 0 0 0 0 0 0 0 0 0 0 0 0 0 0 0 1 1 1 1 1 1 1 1 1 1 1 1 1 1
0 0 0 0 0 0 0 0 0 0 1 0 0 0 0 0 0 0 0 0 1 1 1 1 1 1 1 1 1 1
0 0 0 0 0 0 0 0 0 0 0 0 0 0 0 0 0 0 0 0 0 1 1 1 1 1 1 1 1 1
1 1 1 1 1 0 0 1 0 0 0 0 0 0 0 0 0 0 0 0 0 1 0 1 1 1 1 1 1 1
0 0 0 0 0 0 0 0 0 0 0 0 0 0 0 0 0 0 0 0 0 1 1 1 1 1 1 1 1 1
0 0 0 0 0 0 0 0 0 0 0 0 1 0 0 1 0 0 0 1 1 1 1 1 1 1 1 1 1 1
0 1 1 1 1 0 0 1 0 0 0 0 0 1 0 0 0 0 0 0 0 1 0 1 1 1 1 1 1 1
0 0 0 1 1 0 0 1 0 0 0 0 0 0 0 0 0 0 0 0 0 1 0 1 1 1 1 1 1 1
0 0 0 1 1 0 0 0 0 0 0 0 0 0 0 0 0 0 0 0 0 1 0 1 1 1 1 1 1 1
0 0 0 0 0 0 0 0 0 0 0 0 0 0 1 0 1 1 1 1 1 1 1 1 1 1 1 1 1 1
0 0 0 0 0 0 0 0 0 0 0 0 1 0 0 1 0 0 0 1 1 1 1 1 1 1 1 1 1 1
0 1 1 1 1 0 0 1 0 0 0 0 0 1 0 0 0 0 0 0 0 1 0 1 1 1 1 1 1 1
0 0 0 0 0 0 0 0 0 0 0 0 0 0 0 0 0 0 0 1 1 1 1 1 1 1 1 1 1 1
0 0 0 1 1 0 0 1 0 0 0 0 0 0 0 0 0 0 0 0 0 1 0 1 1 1 1 1 1 1
0 0 0 0 0 0 0 0 0 0 0 0 0 0 0 0 1 1 1 1 1 1 1 1 1 1 1 1 1 1
0 0 0 0 0 0 0 0 0 0 0 0 0 0 0 0 1 1 1 1 1 1 1 1 1 1 1 1 1 1
0 0 0 0 1 0 0 0 0 0 0 0 0 0 0 0 0 0 0 0 0 1 0 1 1 1 1 1 1 1
0 1 1 1 1 0 0 1 0 0 0 0 0 0 0 0 0 0 0 0 0 1 0 1 1 1 1 1 1 1
0 0 0 0 0 0 0 0 0 0 0 0 0 0 0 0 0 0 0 1 1 1 1 1 1 1 1 1 1 1
0 0 0 1 1 0 0 1 0 0 0 0 0 0 0 0 0 0 0 0 0 1 0 1 1 1 1 1 1 1
0 0 0 0 0 1 0 0 1 1 1 0 0 0 0 0 0 0 0 0 1 1 1 1 1 1 1 1 1 1
0 0 0 0 0 0 0 0 0 0 0 0 0 0 0 0 0 0 0 0 0 1 0 0 0 0 0 0 0 1
0 0 0 0 0 0 1 0 1 1 1 0 0 0 0 0 0 0 0 0 1 1 1 1 1 1 1 1 1 1
0 0 0 0 0 0 0 0 0 0 1 0 0 0 0 0 0 0 0 0 1 1 1 1 1 1 1 1 1 1
0 0 0 0 0 0 0 0 1 1 1 0 0 0 0 0 0 0 0 0 1 1 1 1 1 1 1 1 1 1
0 0 0 0 0 1 0 0 1 1 1 0 0 0 0 0 0 0 0 0 1 1 1 1 1 1 1 1 1 1
0 0 0 0 0 1 0 0 1 1 1 0 0 0 0 0 0 0 0 0 1 1 1 1 1 1 1 1 1 1
0 0 0 0 0 0 0 0 1 1 1 0 0 0 0 0 0 0 0 0 1 1 1 1 1 1 1 1 1 1
0 0 0 0 0 0 1 0 1 1 1 0 0 0 0 0 0 0 0 0 1 1 1 1 1 1 1 1 1 1
0 0 0 0 0 0 1 0 1 1 1 0 0 0 0 0 0 0 0 0 1 1 1 1 1 1 1 1 1 1
0 0 0 0 0 0 0 0 0 0 0 0 0 0 0 0 0 0 0 0 0 1 0 0 0 0 0 0 0 1
0 0 0 0 0 0 0 0 0 0 1 0 0 0 0 0 0 0 0 0 1 1 1 1 1 1 1 1 1 1
0 0 0 0 0 0 0 0 1 1 1 0 0 0 0 0 0 0 0 0 1 1 1 1 1 1 1 1 1 1
0 0 0 0 0 1 0 0 1 1 1 0 0 0 0 0 0 0 0 0 1 1 1 1 1 1 1 1 1 1
0 0 0 0 0 0 0 0 0 0 1 0 0 0 0 0 0 0 0 0 1 1 1 1 1 1 1 1 1 1
0 0 0 0 0 0 0 0 0 0 0 0 0 0 0 0 0 0 0 0 1 1 1 1 1 1 1 1 1 1
0 0 0 0 0 0 0 0 0 0 0 0 0 0 0 0 0 0 0 0 1 1 1 1 1 1 1 1 1 1
0 0 0 0 0 0 1 0 1 1 1 0 0 0 0 0 0 0 0 0 1 1 1 1 1 1 1 1 1 1
0 0 0 0 0 0 0 0 0 0 0 0 0 0 0 0 0 0 0 0 0 1 0 1 0 1 0 0 0 1
0 0 0 0 0 0 0 0 0 0 0 0 0 0 0 0 0 0 0 0 0 1 1 1 1 1 1 1 1 1
0 0 0 0 0 0 1 0 1 1 1 0 0 0 0 0 0 0 0 0 1 1 1 1 1 1 1 1 1 1
0 0 0 0 0 1 0 0 1 1 1 0 0 0 0 0 0 0 0 0 1 1 1 1 1 1 1 1 1 1
0 0 0 0 0 0 1 0 1 1 1 0 0 0 0 0 0 0 0 0 1 1 1 1 1 1 1 1 1 1
0 0 0 0 0 0 1 0 1 1 1 0 0 0 0 0 0 0 0 0 1 1 1 1 1 1 1 1 1 1
0 0 0 0 0 1 0 0 1 1 1 0 0 0 0 0 0 0 0 0 1 1 1 1 1 1 1 1 1 1
0 0 0 0 0 1 0 0 1 1 1 0 0 0 0 0 0 0 0 0 1 1 1 1 1 1 1 1 1 1
0 0 0 0 0 0 0 0 0 0 0 0 0 0 0 0 0 0 0 0 0 1 0 1 0 1 0 0 0 1
0 0 0 0 0 0 0 0 0 0 0 0 0 0 0 0 0 0 0 0 1 1 1 1 1 1 1 1 1 1
0 0 0 0 0 1 0 0 1 1 1 0 0 0 0 0 0 0 0 0 1 1 1 1 1 1 1 1 1 1
0 0 0 0 0 1 0 0 1 1 1 0 0 0 0 0 0 0 0 0 1 1 1 1 1 1 1 1 1 1
0 0 0 0 0 0 0 0 0 0 1 0 0 0 0 0 0 0 0 0 1 1 1 1 1 1 1 1 1 1
0 0 0 0 0 0 0 0 0 0 1 0 0 0 0 0 0 0 0 0 1 1 1 1 1 1 1 1 1 1
0 0 0 0 0 0 0 0 0 0 1 0 0 0 0 0 0 0 0 0 1 1 1 1 1 1 1 1 1 1
0 0 0 0 0 0 0 0 0 0 0 0 0 0 0 0 0 0 0 0 0 1 0 1 1 1 1 1 0 1
SNV placement
0,13,-1	1,34,-1	2,34,-1	3,36,-1	4,37,-1	5,22,-1	6,45,-1	7,35,-1	8,54,-1	9,54,-1	10,56,-1	11,18,-1	12,11,-1	13,10,-1	14,7,-1	15,11,-1	16,39,-1	17,39,-1	18,39,-1	19,40,-1	20,58,-1	21,65,-1	22,59,-1	23,62,-1	24,61,-1	25,62,-1	26,61,-1	27,61,-1	28,60,-1	29,65,-1	
(((((((((((((37|:0.25[&&NHX::N=PA1],58|33|39|46|61|62|38|54|57|9|:0.23[&&NHX::S=+5|:N=PA19]):0.13[&&NHX::N=53],(((((:0.16[&&NHX::N=PA6],:0.16[&&NHX::N=PA17]):0.11[&&NHX::N=48],(:0.17[&&NHX::N=PA3],:0.21[&&NHX::N=PA16]):0.12[&&NHX::N=47]):0.19[&&NHX::N=49],:0.19[&&NHX::S=+11|:N=PA14]):0.11[&&NHX::N=50],(((:0.13[&&NHX::N=PA8],55|50|41|53|:0.17[&&NHX::N=PA20]):0.11[&&NHX::N=44],(56|35|42|:0.14[&&NHX::N=PA5],:0.17[&&NHX::N=PA13]):0.15[&&NHX::N=43]):0.11[&&NHX::S=+6|:N=45],(:0.13[&&NHX::N=PA18],40|45|:0.12[&&NHX::N=PA10]):0.12[&&NHX::N=42],:0.17[&&NHX::N=PA2]):0.12[&&NHX::N=46]):0.12[&&NHX::N=51],:0.13[&&NHX::N=PA7]):0.12[&&NHX::N=52]):0.12[&&NHX::S=+9|8|:N=54],47|:0.12[&&NHX::N=PA23]):0.23[&&NHX::N=55],64|63|14|36|44|3|65|:0.62[&&NHX::N=PA24]):0.27[&&NHX::S=+10|:N=56],:0.15[&&NHX::N=PA11]):0.4[&&NHX::N=57],(((27|28|13|:0.18[&&NHX::N=MA61],22|1|8|:0.2[&&NHX::S=+14|:N=MA59]):0.13[&&NHX::S=+18|16|17|:N=39],(18|23|:0.27[&&NHX::S=+15|12|:N=MA65],25|31|0|:0.29[&&NHX::N=MA56]):0.19[&&NHX::N=38]):0.22[&&NHX::S=+19|:N=40],48|60|49|2|:0.21[&&NHX::N=MA52]):0.17[&&NHX::N=41]):0.19[&&NHX::S=+20|:N=58],52|5|17|12|15|:0.16[&&NHX::N=MA66]):0.19[&&NHX::S=+22|:N=59],(((((16|:0.28[&&NHX::S=+0|:N=MA72],30|:0.22[&&NHX::N=MA57]):0.27[&&NHX::N=33],24|19|11|:0.21[&&NHX::S=+13|:N=MA63]):0.23[&&NHX::S=+1|2|:N=34],4|20|7|32|26|:0.24[&&NHX::N=MA49]):0.24[&&NHX::S=+7|:N=35],21|:0.25[&&NHX::N=MA50]):0.3[&&NHX::S=+3|:N=36],29|:0.2[&&NHX::N=MA51]):0.37[&&NHX::S=+4|:N=37]):0.21[&&NHX::S=+28|:N=60],6|66|:0.23[&&NHX::N=MA62]):0.27[&&NHX::S=+24|26|27|:N=61],10|51|59|:0.19[&&NHX::N=MA54]):1.1[&&NHX::S=+25|23|:N=62],43|34|:0.42[&&NHX::N=PA12]):0[&&NHX::N=63]):0.35[&&NHX::N=64]):0.25[&&NHX:S=29|21|:N=diploid];
restart: 9
Iteration 57800
Current probability is -2334.4384102811487
Restart	Tree_ID	initialFP	initalFN	initGamma	initialSigma	imputedFP	imputedFN	imputedMiss	estimatedFP	estimatedFN	estimatedMiss	estimatedSigma	Prob	P_DG	P_MG	P_MC	P_alpha	P_beta	P_gamma	P_sigma	P_G
9	57800	57800	0.01	0.2	0.06069651741293532	0.05	0.01	0.2	0.06069651741293532	0.0994612932794962	0.07463946993471489	0.058929987980845665	0.05641806881974826	-2334.4384102811487	-1159.1979067757798	44.78208117580034	-1169.196867100429	-23.18433280632984	-9.681200978271628	-8.57359257618774	-8.542263255883778	-0.8443279640672641
0 0 0 0 0 0 0 0 0 0 0 0 0 0 0 0 0 0 0 0 1 1 1 1 1 1 1 1 1 1
0 0 0 0 0 0 0 0 0 0 0 0 0 0 1 0 1 1 1 0 1 1 1 1 1 1 1 1 1 1
0 0 0 0 0 0 0 0 0 0 0 0 0 0 0 0 0 0 0 0 1 1 1 1 1 1 1 1 1 1
0 0 0 0 0 0 0 0 1 1 1 0 0 0 0 0 0 0 0 0 1 1 1 1 1 1 1 1 1 1
1 0 0 1 1 0 0 1 0 0 0 0 0 0 0 0 0 0 0 0 0 1 1 1 1 1 1 1 1 1
1 0 0 1 1 0 0 1 0 0 0 0 0 0 0 0 0 0 0 0 0 1 1 1 1 1 1 1 1 1
0 0 0 0 0 0 0 0 0 0 0 0 0 0 0 0 0 0 0 0 0 1 0 1 1 1 1 1 0 1
0 0 0 1 1 0 0 1 0 0 0 0 0 1 0 0 0 0 0 1 0 1 1 1 1 1 1 1 1 1
0 0 0 0 0 0 0 0 0 0 0 0 0 0 1 0 1 1 1 0 1 1 1 1 1 1 1 1 1 1
0 0 0 0 0 0 0 0 1 1 1 0 0 0 0 0 0 0 0 0 1 1 1 1 1 1 1 1 1 1
0 0 0 0 0 0 0 0 0 0 0 0 0 0 0 0 0 0 0 0 0 1 0 1 0 1 0 0 0 1
1 0 0 1 1 0 0 1 0 0 0 0 0 0 0 0 0 0 0 0 0 1 1 1 1 1 1 1 1 1
0 1 0 1 0 0 0 0 0 0 0 0 0 0 0 0 0 0 0 0 0 1 1 1 1 1 1 1 1 1
0 0 0 0 0 0 0 0 0 0 0 0 0 0 0 0 1 1 1 0 1 1 1 1 1 1 1 1 1 1
0 0 0 0 0 0 0 0 0 0 1 0 0 0 0 0 0 0 0 0 1 1 1 1 1 1 1 0 1 1
0 1 0 1 0 0 0 0 0 0 0 0 0 0 0 0 0 0 0 0 0 1 1 1 1 1 1 1 1 1
1 0 0 1 1 0 0 1 0 0 0 0 0 0 0 0 0 0 0 0 0 1 1 1 1 1 1 1 1 1
0 1 0 1 0 0 0 0 0 0 0 0 0 0 0 0 0 0 0 0 0 1 1 1 1 1 1 1 1 1
0 0 0 0 0 0 0 0 0 0 0 1 1 0 0 1 1 0 0 0 1 1 1 1 1 1 1 1 1 1
0 0 1 1 1 0 0 1 0 0 0 0 0 1 0 0 0 0 0 1 0 1 1 1 1 1 1 1 1 1
0 0 0 1 1 0 0 1 0 0 0 0 0 0 0 0 0 0 0 1 0 1 1 1 1 1 1 1 1 1
0 0 0 1 1 0 0 1 0 0 0 0 0 0 0 0 0 0 0 1 0 1 1 1 1 1 1 1 1 1
0 0 0 0 0 0 0 0 0 0 0 0 0 0 1 0 1 1 1 0 1 1 1 1 1 1 1 1 1 1
0 0 0 0 0 0 0 0 0 0 0 0 1 0 0 1 1 0 0 0 1 1 1 1 1 1 1 1 1 1
0 0 1 1 1 0 0 1 0 0 0 0 0 1 0 0 0 0 0 1 0 1 1 1 1 1 1 1 1 1
0 0 0 1 1 0 0 1 0 0 0 0 0 0 0 0 0 0 0 1 0 1 1 1 1 1 1 1 1 1
0 0 0 1 1 0 0 1 0 0 0 0 0 0 0 0 0 0 0 0 0 1 1 1 1 1 1 1 1 1
0 0 0 1 1 0 0 1 0 0 0 0 0 0 0 0 0 0 0 1 0 1 1 1 1 1 1 1 1 1
0 0 0 0 0 0 0 0 0 0 0 0 0 0 0 0 1 1 1 0 1 1 1 1 1 1 1 1 1 1
0 0 0 0 0 0 0 0 0 0 0 0 0 0 0 0 0 0 0 0 0 1 0 1 1 1 1 1 0 1
0 0 0 1 1 0 0 1 0 0 0 0 0 0 0 0 0 0 0 1 0 1 1 1 1 1 1 1 1 1
0 0 1 1 1 0 0 1 0 0 0 0 0 1 0 0 0 0 0 1 0 1 1 1 1 1 1 1 1 1
0 0 0 1 1 0 0 1 0 0 0 0 0 1 0 0 0 0 0 1 0 1 1 1 1 1 1 1 1 1
0 0 0 0 0 0 0 0 0 0 1 0 0 0 0 0 0 0 0 0 1 1 1 1 1 1 1 0 1 1
0 0 0 0 0 0 0 0 0 0 0 0 0 0 0 0 0 0 0 0 0 0 0 0 0 0 0 0 0 1
0 0 0 0 0 1 1 0 1 1 1 0 0 0 0 0 0 0 0 0 1 1 1 1 1 1 1 1 1 1
0 0 0 0 0 0 0 0 1 1 1 0 0 0 0 0 0 0 0 0 1 1 1 1 1 1 1 1 1 1
0 0 0 0 0 0 0 0 1 1 1 0 0 0 0 0 0 0 0 0 1 1 1 1 1 1 1 1 1 1
0 0 0 0 0 0 0 0 1 1 1 0 0 0 0 0 0 0 0 0 1 1 1 1 1 1 1 1 1 1
0 0 0 0 0 0 0 0 1 1 1 0 0 0 0 0 0 0 0 0 1 1 1 1 1 1 1 1 1 1
0 0 0 0 0 0 0 0 1 1 1 0 0 0 0 0 0 0 0 0 1 1 1 1 1 1 1 1 1 1
0 0 0 0 0 1 1 0 1 1 1 0 0 0 0 0 0 0 0 0 1 1 1 1 1 1 1 1 1 1
0 0 0 0 0 0 1 0 1 1 1 0 0 0 0 0 0 0 0 0 1 1 1 1 1 1 1 1 1 1
0 0 0 0 0 0 0 0 0 0 0 0 0 0 0 0 0 0 0 0 0 0 0 0 0 0 0 0 0 1
0 0 0 0 0 0 0 0 0 0 1 0 0 0 0 0 0 0 0 0 1 1 1 1 1 1 1 0 1 1
0 0 0 0 0 1 1 0 1 1 1 0 0 0 0 0 0 0 0 0 1 1 1 1 1 1 1 1 1 1
0 0 0 0 0 0 0 0 1 1 1 0 0 0 0 0 0 0 0 0 1 1 1 1 1 1 1 1 1 1
0 0 0 0 0 0 0 0 0 0 1 0 0 0 0 0 0 0 0 0 1 1 1 1 1 1 1 1 1 1
0 0 0 0 0 0 0 0 0 0 0 0 0 0 0 0 0 0 0 0 1 1 1 1 1 1 1 1 1 1
0 0 0 0 0 0 0 0 0 0 0 0 0 0 0 0 0 0 0 0 1 1 1 1 1 1 1 1 1 1
0 0 0 0 0 0 1 0 1 1 1 0 0 0 0 0 0 0 0 0 1 1 1 1 1 1 1 1 1 1
0 0 0 0 0 0 0 0 0 0 0 0 0 0 0 0 0 0 0 0 0 1 0 1 0 1 0 0 0 1
0 0 0 0 0 0 0 0 0 0 0 0 0 0 0 0 0 0 0 0 0 1 1 1 1 1 1 1 1 1
0 0 0 0 0 0 0 0 1 1 1 0 0 0 0 0 0 0 0 0 1 1 1 0 1 1 1 1 1 1
0 0 0 0 0 0 0 0 1 1 1 0 0 0 0 0 0 0 0 0 1 1 1 1 1 1 1 1 1 1
0 0 0 0 0 0 1 0 1 1 1 0 0 0 0 0 0 0 0 0 1 1 1 1 1 1 1 1 1 1
0 0 0 0 0 0 1 0 1 1 1 0 0 0 0 0 0 0 0 0 1 1 1 1 1 1 1 1 1 1
0 0 0 0 0 0 0 0 1 1 1 0 0 0 0 0 0 0 0 0 1 1 1 1 1 1 1 1 1 1
0 0 0 0 0 0 0 0 0 0 1 0 0 0 0 0 0 0 0 0 1 1 1 1 1 1 1 0 1 1
0 0 0 0 0 0 0 0 0 0 0 0 0 0 0 0 0 0 0 0 0 1 0 1 0 1 0 0 0 1
0 0 0 0 0 0 0 0 0 0 0 0 0 0 0 0 0 0 0 0 1 1 1 1 1 1 1 1 1 1
0 0 0 0 0 0 0 0 1 1 1 0 0 0 0 0 0 0 0 0 1 1 1 1 1 1 1 1 1 1
0 0 0 0 0 0 0 0 1 1 1 0 0 0 0 0 0 0 0 0 1 1 1 1 1 1 1 1 1 1
0 0 0 0 0 0 0 0 0 0 0 0 0 0 0 0 0 0 0 0 1 1 1 1 1 1 1 1 1 1
0 0 0 0 0 0 0 0 0 0 1 0 0 0 0 0 0 0 0 0 1 1 1 1 1 1 1 0 1 1
0 0 0 0 0 0 0 0 1 1 1 0 0 0 0 0 0 0 0 0 1 1 1 1 1 1 1 1 1 1
0 0 0 0 0 0 0 0 0 0 0 0 0 0 0 0 0 0 0 0 0 1 0 1 1 1 1 1 0 1
SNV placement
0,0,-1	1,2,-1	2,6,-1	3,37,-1	4,36,-1	5,29,-1	6,43,-1	7,36,-1	8,54,19	9,54,-1	10,56,-1	11,8,-1	12,39,-1	13,33,-1	14,5,-1	15,39,-1	16,40,-1	17,38,-1	18,38,-1	19,34,-1	20,58,-1	21,62,-1	22,60,-1	23,62,18	24,61,-1	25,62,-1	26,61,-1	27,61,26	28,60,-1	29,65,-1	
(((((((((((((37|:0.25[&&NHX::N=PA1],39|46|57|61|62|65|54|38|3|36|9|:0.23[&&NHX::N=PA19]):0.13[&&NHX::N=53],(((((:0.16[&&NHX::N=PA6],:0.16[&&NHX::N=PA17]):0.11[&&NHX::N=48],(:0.17[&&NHX::N=PA3],:0.21[&&NHX::S=-8|:N=PA16]):0.12[&&NHX::N=47]):0.19[&&NHX::N=49],53|:0.19[&&NHX::S=-23|:N=PA14]):0.11[&&NHX::N=50],(((:0.13[&&NHX::N=PA8],:0.17[&&NHX::N=PA20]):0.11[&&NHX::N=44],(35|45|41|:0.14[&&NHX::S=+5|:N=PA5],42|56|55|50|:0.17[&&NHX::N=PA13]):0.15[&&NHX::S=+6|:N=43]):0.11[&&NHX::N=45],(:0.13[&&NHX::N=PA18],40|:0.12[&&NHX::N=PA10]):0.12[&&NHX::N=42],:0.17[&&NHX::N=PA2]):0.12[&&NHX::N=46]):0.12[&&NHX::N=51],:0.13[&&NHX::N=PA7]):0.12[&&NHX::N=52]):0.12[&&NHX::S=+9|8|:N=54],47|:0.12[&&NHX::N=PA23]):0.23[&&NHX::N=55],44|14|33|64|58|:0.62[&&NHX::S=-27|:N=PA24]):0.27[&&NHX::S=+10|:N=56],:0.15[&&NHX::N=PA11]):0.4[&&NHX::N=57],(((18|:0.18[&&NHX::S=+11|:N=MA61],23|:0.2[&&NHX::N=MA59]):0.13[&&NHX::S=+15|12|:N=39],(13|28|:0.27[&&NHX::N=MA65],22|8|1|:0.29[&&NHX::S=+14|:N=MA56]):0.19[&&NHX::S=+17|18|:N=38]):0.22[&&NHX::S=+16|:N=40],49|60|48|2|0|63|:0.21[&&NHX::N=MA52]):0.17[&&NHX::N=41]):0.19[&&NHX::S=+20|:N=58],52|:0.16[&&NHX::N=MA66]):0.19[&&NHX::N=59],(((((7|32|:0.28[&&NHX::N=MA72],31|19|24|:0.22[&&NHX::S=+2|:N=MA57]):0.27[&&NHX::S=+13|:N=33],21|20|27|25|30|:0.21[&&NHX::N=MA63]):0.23[&&NHX::S=+19|:N=34],5|4|16|11|:0.24[&&NHX::S=+0|:N=MA49]):0.24[&&NHX::N=35],26|:0.25[&&NHX::N=MA50]):0.3[&&NHX::S=+4|7|:N=36],17|12|15|:0.2[&&NHX::S=+1|:N=MA51]):0.37[&&NHX::S=+3|:N=37]):0.21[&&NHX::S=+22|28|:N=60],6|29|66|:0.23[&&NHX::N=MA62]):0.27[&&NHX::S=+24|27|26|:N=61],59|51|10|:0.19[&&NHX::N=MA54]):1.1[&&NHX::S=+23|25|21|:N=62],34|43|:0.42[&&NHX::N=PA12]):0[&&NHX::N=63]):0.35[&&NHX::N=64]):0.25[&&NHX:S=29|:N=diploid];
