restart: 0
Iteration 35935
Current probability is -1367.775948025809
Restart	Tree_ID	initialFP	initalFN	initGamma	initialSigma	imputedFP	imputedFN	imputedMiss	estimatedFP	estimatedFN	estimatedMiss	estimatedSigma	Prob	P_DG	P_MG	P_MC	P_alpha	P_beta	P_gamma	P_sigma	P_G
0	35935	35935	0.01	0.2	0.2	0.05	0.01	0.2	0.2	0.0271422563782395	0.057335809244696674	0.1967003888562053	0.10430693175843606	-1367.775948025809	-681.1209109907907	15.7608226134912	-662.3134440564191	-9.265799526791515	-9.81525824613237	-9.702378381603726	-9.854874774460257	-1.464104663102162
1 0 0 0 0 1 0 0 0 0 0 0 0 0 1 0 0 0 0 0
1 1 1 1 1 0 0 0 0 0 0 0 0 0 0 0 0 0 0 0
1 1 1 1 1 0 0 0 0 0 0 0 0 0 0 0 0 0 0 0
1 1 1 1 1 0 0 0 0 0 0 0 0 0 0 0 0 0 0 0
1 1 1 1 1 0 0 0 0 0 0 0 0 0 0 0 0 0 0 0
1 1 1 1 1 0 0 0 0 0 0 0 0 0 0 0 0 0 0 0
1 1 1 1 1 0 0 0 0 0 0 0 0 0 0 0 0 0 0 0
1 1 1 1 1 0 0 0 0 0 0 0 0 0 0 0 0 0 0 0
1 1 1 1 1 0 0 0 0 0 0 0 0 0 0 0 0 0 0 0
1 1 1 1 1 0 0 0 0 0 0 0 0 0 0 0 0 0 0 0
1 1 0 0 0 0 0 0 0 0 1 1 1 1 0 0 0 0 0 0
1 1 0 0 0 0 0 0 0 0 1 1 1 1 0 0 0 0 0 0
1 1 0 0 0 0 0 0 0 0 0 0 0 0 0 0 0 0 0 0
1 1 0 0 0 0 0 0 0 0 1 1 1 1 0 0 0 0 0 0
1 0 0 0 0 1 0 0 0 0 0 0 0 0 1 0 0 0 0 0
1 0 0 0 0 1 0 0 0 0 0 0 0 0 0 0 1 0 0 0
1 0 0 0 0 1 0 0 0 0 0 0 0 0 0 0 1 0 0 0
1 0 0 0 0 1 0 0 0 0 0 0 0 0 1 0 0 0 0 0
1 0 0 0 0 1 0 0 0 0 0 0 0 0 1 0 0 0 0 0
1 0 0 0 0 1 0 0 0 0 0 0 0 0 1 0 0 0 0 0
1 0 0 0 0 1 0 0 0 0 0 0 0 0 1 0 0 0 0 0
1 0 0 0 0 1 0 0 0 0 0 0 0 0 1 0 0 0 0 0
1 0 0 0 0 1 0 0 0 0 0 0 0 0 1 0 0 0 0 0
1 0 0 0 0 1 0 0 0 0 0 0 0 0 1 0 0 0 0 0
1 0 0 0 0 1 0 0 0 0 0 0 0 0 1 0 0 0 0 0
1 0 0 0 0 1 0 0 0 0 0 0 0 0 1 0 0 0 0 0
1 0 0 0 0 1 0 0 0 0 0 0 0 0 1 0 0 0 0 0
1 0 0 0 0 1 0 0 0 0 0 0 0 0 1 0 0 0 0 0
1 0 0 0 0 1 0 0 0 0 0 0 0 0 1 0 0 0 0 0
1 0 0 0 0 1 0 0 0 0 0 0 0 0 1 0 0 0 0 0
1 0 0 0 0 1 0 0 0 0 0 0 0 0 1 0 0 0 0 0
1 0 0 0 0 1 0 0 0 0 0 0 0 0 1 0 0 0 0 0
1 0 0 0 0 1 0 0 0 0 0 0 0 0 1 0 0 0 0 0
1 0 0 0 0 1 0 0 0 0 0 0 0 0 1 0 0 0 0 0
1 0 0 0 0 1 0 0 0 0 0 0 0 0 1 0 0 0 0 0
1 1 0 0 0 0 0 0 0 0 0 0 0 0 0 0 0 0 0 0
1 1 0 0 0 0 0 0 0 0 0 0 0 0 0 0 0 0 0 0
1 1 0 0 0 0 0 0 0 0 0 0 0 0 0 0 0 0 0 0
1 1 0 0 0 0 1 1 1 1 0 0 0 0 0 0 0 0 0 0
1 1 0 0 0 0 1 1 1 1 0 0 0 0 0 0 0 0 0 0
1 1 0 0 0 0 1 1 1 1 0 0 0 0 0 0 0 0 0 0
1 1 0 0 0 0 1 1 1 1 0 0 0 0 0 0 0 0 0 0
1 1 0 0 0 0 1 1 1 1 0 0 0 0 0 0 0 0 0 0
1 1 0 0 0 0 1 1 1 1 0 0 0 0 0 0 0 0 0 0
1 1 0 0 0 0 1 1 1 1 0 0 0 0 0 0 0 0 0 0
1 1 0 0 0 0 1 1 1 1 0 0 0 0 0 0 0 0 0 0
1 1 0 0 0 0 1 1 1 1 0 0 0 0 0 0 0 0 0 0
1 1 0 0 0 0 1 1 1 1 0 0 0 0 0 0 0 0 0 0
1 1 0 0 0 0 1 1 1 0 0 0 0 0 0 0 0 0 0 1
1 1 0 0 0 0 1 1 1 0 0 0 0 0 0 0 0 0 0 1
SNV placement
0,0,-1	1,0,8	2,7,-1	3,7,-1	4,7,-1	5,8,-1	6,1,-1	7,1,-1	8,1,-1	9,13,-1	10,12,-1	11,12,-1	12,12,-1	13,12,-1	14,8,9	15,8,8	16,9,-1	17,9,9	18,10,10	19,14,-1	
((:0.28[&&NHX::N=4],((10|11|13|:0.12[&&NHX::S=+10|12|13|11|:N=12],35|36|37|12|:0.1[&&NHX::N=11]):0.13[&&NHX::N=6],((17|18|19|20|21|22|23|24|25|26|27|28|29|30|31|32|33|34|14|0|:0.15[&&NHX::S=+18|-18|:N=10],16|15|:0.21[&&NHX::S=+16|17|-17|14|:N=9]):0.19[&&NHX::S=+5|14|15|-1|15|:N=8],3|4|1|8|2|6|5|9|7|:0.13[&&NHX::S=+2|4|3|:N=7]):0.19[&&NHX::N=5]):0.21[&&NHX::N=3]):0.13[&&NHX::N=2],(48|49|:0.22[&&NHX::S=+19|:N=14],38|39|40|41|42|43|44|45|46|47|:0.11[&&NHX::S=+9|:N=13]):0.19[&&NHX::S=+8|7|6|:N=1]):0.05[&&NHX:S=0|1|:N=0];
restart: 1
Iteration 11135
Current probability is -1371.2029940475566
Restart	Tree_ID	initialFP	initalFN	initGamma	initialSigma	imputedFP	imputedFN	imputedMiss	estimatedFP	estimatedFN	estimatedMiss	estimatedSigma	Prob	P_DG	P_MG	P_MC	P_alpha	P_beta	P_gamma	P_sigma	P_G
1	11135	11135	0.01	0.2	0.2	0.05	0.01	0.2	0.2	0.026270323291571376	0.04708431124942401	0.20351834570947416	0.12853176095158544	-1371.2029940475566	-678.1068104158838	12.835045928376182	-664.9843217859328	-9.121967351216657	-9.93652953760299	-9.727969572605957	-10.660516470203978	-1.4999248424866194
1 0 1 1 1 0 0 0 0 0 0 0 0 0 0 0 0 0 0 0
1 0 1 1 1 0 0 0 0 0 0 0 0 0 0 0 0 0 0 0
1 0 1 1 1 0 0 0 0 0 0 0 0 0 0 0 0 0 0 0
1 0 1 1 1 0 0 0 0 0 0 0 0 0 0 0 0 0 0 0
1 0 1 1 1 0 0 0 0 0 0 0 0 0 0 0 0 0 0 0
1 0 1 1 1 0 0 0 0 0 0 0 0 0 0 0 0 0 0 0
1 0 1 1 1 0 0 0 0 0 0 0 0 0 0 0 0 0 0 0
1 0 1 1 1 0 0 0 0 0 0 0 0 0 0 0 0 0 0 0
1 0 1 1 1 0 0 0 0 0 0 0 0 0 0 0 0 0 0 0
1 0 1 1 1 0 0 0 0 0 0 0 0 0 0 0 0 0 0 0
1 1 0 0 0 0 0 0 0 0 1 1 1 1 0 0 0 0 0 0
1 1 0 0 0 0 0 0 0 0 1 1 1 1 0 0 0 0 0 0
1 1 0 0 0 0 0 0 0 0 0 0 0 0 0 0 0 0 0 0
1 1 0 0 0 0 0 0 0 0 1 1 1 1 0 0 0 0 0 0
1 0 0 0 0 1 0 0 0 0 0 0 0 0 1 0 0 0 0 0
1 0 0 0 0 1 0 0 0 0 0 0 0 0 1 0 0 0 0 0
1 0 0 0 0 1 0 0 0 0 0 0 0 0 1 0 0 0 0 0
1 0 0 0 0 1 0 0 0 0 0 0 0 0 1 0 0 0 0 0
1 0 0 0 0 1 0 0 0 0 0 0 0 0 1 0 0 0 0 0
1 0 0 0 0 1 0 0 0 0 0 0 0 0 1 0 0 0 0 0
1 0 0 0 0 1 0 0 0 0 0 0 0 0 1 0 0 0 0 0
1 0 0 0 0 1 0 0 0 0 0 0 0 0 1 0 0 0 0 0
1 0 0 0 0 1 0 0 0 0 0 0 0 0 1 0 0 0 0 0
1 0 0 0 0 1 0 0 0 0 0 0 0 0 1 0 0 0 0 0
1 0 0 0 0 1 0 0 0 0 0 0 0 0 1 0 0 0 0 0
1 0 0 0 0 1 0 0 0 0 0 0 0 0 1 0 0 0 0 0
1 0 0 0 0 1 0 0 0 0 0 0 0 0 1 0 0 0 0 0
1 0 0 0 0 1 0 0 0 0 0 0 0 0 1 0 0 0 0 0
1 0 0 0 0 1 0 0 0 0 0 0 0 0 1 0 0 0 0 0
1 0 0 0 0 1 0 0 0 0 0 0 0 0 1 0 0 0 0 0
1 0 0 0 0 1 0 0 0 0 0 0 0 0 1 0 0 0 0 0
1 0 0 0 0 1 0 0 0 0 0 0 0 0 1 0 0 0 0 0
1 0 0 0 0 1 0 0 0 0 0 0 0 0 1 0 0 0 0 0
1 0 0 0 0 1 0 0 0 0 0 0 0 0 1 0 0 0 0 0
1 0 0 0 0 1 0 0 0 0 0 0 0 0 1 0 0 0 0 0
1 1 0 0 0 0 0 0 0 0 0 0 0 0 0 0 0 0 0 0
1 1 0 0 0 0 0 0 0 0 0 0 0 0 0 0 0 0 0 0
1 1 0 0 0 0 0 0 0 0 0 0 0 0 0 0 0 0 0 0
1 1 0 0 0 0 1 1 1 1 0 0 0 0 0 0 0 0 0 0
1 1 0 0 0 0 1 1 1 1 0 0 0 0 0 0 0 0 0 0
1 1 0 0 0 0 1 1 1 1 0 0 0 0 0 0 0 0 0 0
1 1 0 0 0 0 1 1 1 1 0 0 0 0 0 0 0 0 0 0
1 1 0 0 0 0 1 1 1 1 0 0 0 0 0 0 0 0 0 0
1 1 0 0 0 0 1 1 1 1 0 0 0 0 0 0 0 0 0 0
1 1 0 0 0 0 1 1 1 1 0 0 0 0 0 0 0 0 0 0
1 1 0 0 0 0 1 1 1 1 0 0 0 0 0 0 0 0 0 0
1 1 0 0 0 0 1 1 1 1 0 0 0 0 0 0 0 0 0 0
1 1 0 0 0 0 1 1 1 1 0 0 0 0 0 0 0 0 0 0
1 1 0 0 0 0 1 1 1 0 0 0 0 0 0 0 0 0 0 1
1 1 0 0 0 0 1 1 1 0 0 0 0 0 0 0 0 0 0 1
SNV placement
0,0,-1	1,0,8	2,9,-1	3,9,-1	4,9,-1	5,10,-1	6,1,-1	7,1,-1	8,1,-1	9,13,-1	10,12,-1	11,12,-1	12,12,-1	13,12,-1	14,10,-1	15,8,8	16,7,-1	17,9,9	18,10,10	19,14,-1	
((:0.28[&&NHX::N=4],((11|10|13|:0.12[&&NHX::S=+11|12|13|10|:N=12],35|36|37|12|:0.1[&&NHX::N=11]):0.13[&&NHX::N=6],((14|15|16|17|18|19|20|21|22|23|24|25|26|27|28|29|30|31|32|33|34|:0.15[&&NHX::S=+5|18|14|-18|:N=10],4|3|8|1|5|9|6|2|0|7|:0.21[&&NHX::S=+3|2|4|17|-17|:N=9]):0.19[&&NHX::S=+15|-1|15|:N=8],:0.13[&&NHX::S=+16|:N=7]):0.19[&&NHX::N=5]):0.21[&&NHX::N=3]):0.13[&&NHX::N=2],(48|49|:0.22[&&NHX::S=+19|:N=14],38|39|40|41|42|43|44|45|46|47|:0.11[&&NHX::S=+9|:N=13]):0.19[&&NHX::S=+7|8|6|:N=1]):0.05[&&NHX:S=0|1|:N=0];
restart: 2
Iteration 53378
Current probability is -1370.3709628639333
Restart	Tree_ID	initialFP	initalFN	initGamma	initialSigma	imputedFP	imputedFN	imputedMiss	estimatedFP	estimatedFN	estimatedMiss	estimatedSigma	Prob	P_DG	P_MG	P_MC	P_alpha	P_beta	P_gamma	P_sigma	P_G
2	53378	53378	0.01	0.2	0.2	0.05	0.01	0.2	0.2	0.03772299569644165	0.052669627824545456	0.20127202130372737	0.09912897898928434	-1370.3709628639333	-676.9077753937287	15.7215765745736	-667.3269437635361	-11.09091725016399	-9.865580174440321	-9.719354015434313	-9.692511678151902	-1.489457163051494
1 0 1 1 1 0 0 0 0 0 0 0 0 0 0 0 0 0 0 0
1 0 1 1 1 0 0 0 0 0 0 0 0 0 0 0 0 0 0 0
1 0 1 1 1 0 0 0 0 0 0 0 0 0 0 0 0 0 0 0
1 0 1 1 1 0 0 0 0 0 0 0 0 0 0 0 0 0 0 0
1 0 1 1 1 0 0 0 0 0 0 0 0 0 0 0 0 0 0 0
1 0 1 1 1 0 0 0 0 0 0 0 0 0 0 0 0 0 0 0
1 0 1 1 1 0 0 0 0 0 0 0 0 0 0 0 0 0 0 0
1 0 1 1 1 0 0 0 0 0 0 0 0 0 0 0 0 0 0 0
1 0 1 1 1 0 0 0 0 0 0 0 0 0 0 0 0 0 0 0
1 0 1 1 1 0 0 0 0 0 0 0 0 0 0 0 0 0 0 0
1 1 0 0 0 0 0 0 0 0 1 1 1 1 0 0 0 0 0 0
1 1 0 0 0 0 0 0 0 0 1 1 1 1 0 0 0 0 0 0
1 1 0 0 0 0 0 0 0 0 0 0 0 0 0 0 0 0 0 0
1 1 0 0 0 0 0 0 0 0 1 1 1 1 0 0 0 0 0 0
1 0 0 0 0 1 0 0 0 0 0 0 0 0 1 0 0 0 0 0
1 0 0 0 0 1 0 0 0 0 0 0 0 0 1 0 0 0 0 0
1 0 0 0 0 1 0 0 0 0 0 0 0 0 1 0 0 0 0 0
1 0 0 0 0 1 0 0 0 0 0 0 0 0 1 0 0 0 0 0
1 0 0 0 0 1 0 0 0 0 0 0 0 0 1 0 0 0 0 0
1 0 0 0 0 1 0 0 0 0 0 0 0 0 1 0 0 0 0 0
1 0 0 0 0 1 0 0 0 0 0 0 0 0 1 0 0 0 0 0
1 0 0 0 0 1 0 0 0 0 0 0 0 0 1 0 0 0 0 0
1 0 0 0 0 1 0 0 0 0 0 0 0 0 1 0 0 0 0 0
1 0 0 0 0 1 0 0 0 0 0 0 0 0 1 0 0 0 0 0
1 0 0 0 0 1 0 0 0 0 0 0 0 0 1 0 0 0 0 0
1 0 0 0 0 1 0 0 0 0 0 0 0 0 1 0 0 0 0 0
1 0 0 0 0 1 0 0 0 0 0 0 0 0 1 0 0 0 0 0
1 0 0 0 0 1 0 0 0 0 0 0 0 0 1 0 0 0 0 0
1 0 0 0 0 1 0 0 0 0 0 0 0 0 1 0 0 0 0 0
1 0 0 0 0 1 0 0 0 0 0 0 0 0 1 0 0 0 0 0
1 0 0 0 0 1 0 0 0 0 0 0 0 0 1 0 0 0 0 0
1 0 0 0 0 1 0 0 0 0 0 0 0 0 1 0 0 0 0 0
1 0 0 0 0 1 0 0 0 0 0 0 0 0 1 0 0 0 0 0
1 0 0 0 0 1 0 0 0 0 0 0 0 0 1 0 0 0 0 0
1 0 0 0 0 1 0 0 0 0 0 0 0 0 1 0 0 0 0 0
1 1 0 0 0 0 0 0 0 0 0 0 0 0 0 0 0 0 0 0
1 1 0 0 0 0 0 0 0 0 0 0 0 0 0 0 0 0 0 0
1 1 0 0 0 0 0 0 0 0 0 0 0 0 0 0 0 0 0 0
1 1 0 0 0 0 1 1 1 0 0 0 0 0 0 0 0 0 0 0
1 1 0 0 0 0 1 1 1 0 0 0 0 0 0 0 0 0 0 0
1 1 0 0 0 0 1 1 1 0 0 0 0 0 0 0 0 0 0 0
1 1 0 0 0 0 1 1 1 0 0 0 0 0 0 0 0 0 0 0
1 1 0 0 0 0 1 1 1 0 0 0 0 0 0 0 0 0 0 0
1 1 0 0 0 0 1 1 1 0 0 0 0 0 0 0 0 0 0 0
1 1 0 0 0 0 1 1 1 0 0 0 0 0 0 0 0 0 0 0
1 1 0 0 0 0 1 1 1 0 0 0 0 0 0 0 0 0 0 0
1 1 0 0 0 0 1 1 1 0 0 0 0 0 0 0 0 0 0 0
1 1 0 0 0 0 1 1 1 0 0 0 0 0 0 0 0 0 0 0
1 1 0 0 0 0 1 1 1 0 0 0 0 0 0 0 0 0 0 1
1 1 0 0 0 0 1 1 1 0 0 0 0 0 0 0 0 0 0 1
SNV placement
0,0,-1	1,0,8	2,9,-1	3,9,-1	4,9,-1	5,10,-1	6,1,-1	7,1,-1	8,1,-1	9,11,11	10,12,-1	11,12,-1	12,12,-1	13,12,-1	14,5,9	15,8,8	16,7,-1	17,9,9	18,10,10	19,14,-1	
((:0.28[&&NHX::N=4],((10|13|11|:0.12[&&NHX::S=+12|13|10|11|:N=12],35|36|37|12|:0.1[&&NHX::S=+9|-9|:N=11]):0.13[&&NHX::N=6],((14|15|16|17|18|19|20|21|22|23|24|25|26|27|28|29|30|31|32|33|34|:0.15[&&NHX::S=+5|18|-18|:N=10],2|3|4|1|6|8|9|5|7|0|:0.21[&&NHX::S=+2|4|3|17|-17|14|:N=9]):0.19[&&NHX::S=+15|-1|15|:N=8],:0.13[&&NHX::S=+16|:N=7]):0.19[&&NHX::S=+14|:N=5]):0.21[&&NHX::N=3]):0.13[&&NHX::N=2],(48|49|:0.22[&&NHX::S=+19|:N=14],38|39|40|41|42|43|44|45|46|47|:0.11[&&NHX::N=13]):0.19[&&NHX::S=+8|7|6|:N=1]):0.05[&&NHX:S=0|1|:N=0];
restart: 3
Iteration 42106
Current probability is -1371.8170748458951
Restart	Tree_ID	initialFP	initalFN	initGamma	initialSigma	imputedFP	imputedFN	imputedMiss	estimatedFP	estimatedFN	estimatedMiss	estimatedSigma	Prob	P_DG	P_MG	P_MC	P_alpha	P_beta	P_gamma	P_sigma	P_G
3	42106	42106	0.01	0.2	0.2	0.05	0.01	0.2	0.2	0.03776927161747308	0.047985551660072776	0.19728190010182686	0.10980526658030432	-1371.8170748458951	-675.2298243605759	14.467834993357004	-668.7894323963288	-11.099165233828403	-9.924192962545122	-9.704495571188579	-10.031333676998322	-1.5064656377868657
1 0 1 1 1 0 0 0 0 0 0 0 0 0 0 0 0 0 0 0
1 0 1 1 1 0 0 0 0 0 0 0 0 0 0 0 0 0 0 0
1 0 1 1 1 0 0 0 0 0 0 0 0 0 0 0 0 0 0 0
1 0 1 1 1 0 0 0 0 0 0 0 0 0 0 0 0 0 0 0
1 0 1 1 1 0 0 0 0 0 0 0 0 0 0 0 0 0 0 0
1 0 1 1 1 0 0 0 0 0 0 0 0 0 0 0 0 0 0 0
1 0 1 1 1 0 0 0 0 0 0 0 0 0 0 0 0 0 0 0
1 0 1 1 1 0 0 0 0 0 0 0 0 0 0 0 0 0 0 0
1 0 1 1 1 0 0 0 0 0 0 0 0 0 0 0 0 0 0 0
1 0 1 1 1 0 0 0 0 0 0 0 0 0 0 0 0 0 0 0
1 1 0 0 0 0 0 0 0 0 1 1 1 1 0 0 0 0 0 0
1 1 0 0 0 0 0 0 0 0 1 1 1 1 0 0 0 0 0 0
1 1 0 0 0 0 0 0 0 0 0 0 0 0 0 0 0 0 0 0
1 1 0 0 0 0 0 0 0 0 1 1 1 1 0 0 0 0 0 0
1 0 0 0 0 1 0 0 0 0 0 0 0 0 1 0 0 0 0 0
1 0 0 0 0 1 0 0 0 0 0 0 0 0 1 0 0 0 0 0
1 0 0 0 0 1 0 0 0 0 0 0 0 0 1 0 0 0 0 0
1 0 0 0 0 1 0 0 0 0 0 0 0 0 1 0 0 0 0 0
1 0 0 0 0 1 0 0 0 0 0 0 0 0 1 0 0 0 0 0
1 0 0 0 0 1 0 0 0 0 0 0 0 0 1 0 0 0 0 0
1 0 0 0 0 1 0 0 0 0 0 0 0 0 1 0 0 0 0 0
1 0 0 0 0 1 0 0 0 0 0 0 0 0 1 0 0 0 0 0
1 0 0 0 0 1 0 0 0 0 0 0 0 0 1 0 0 0 0 0
1 0 0 0 0 1 0 0 0 0 0 0 0 0 1 0 0 0 0 0
1 0 0 0 0 1 0 0 0 0 0 0 0 0 1 0 0 0 0 0
1 0 0 0 0 1 0 0 0 0 0 0 0 0 1 0 0 0 0 0
1 0 0 0 0 1 0 0 0 0 0 0 0 0 1 0 0 0 0 0
1 0 0 0 0 1 0 0 0 0 0 0 0 0 1 0 0 0 0 0
1 0 0 0 0 1 0 0 0 0 0 0 0 0 1 0 0 0 0 0
1 0 0 0 0 1 0 0 0 0 0 0 0 0 1 0 0 0 0 0
1 0 0 0 0 1 0 0 0 0 0 0 0 0 1 0 0 0 0 0
1 0 0 0 0 1 0 0 0 0 0 0 0 0 1 0 0 0 0 0
1 0 0 0 0 1 0 0 0 0 0 0 0 0 1 0 0 0 0 0
1 0 0 0 0 1 0 0 0 0 0 0 0 0 1 0 0 0 0 0
1 0 0 0 0 1 0 0 0 0 0 0 0 0 1 0 0 0 0 0
1 1 0 0 0 0 0 0 0 0 0 0 0 0 0 0 0 0 0 0
1 1 0 0 0 0 0 0 0 0 0 0 0 0 0 0 0 0 0 0
1 1 0 0 0 0 0 0 0 0 0 0 0 0 0 0 0 0 0 0
1 1 0 0 0 0 1 1 1 1 0 0 0 0 0 0 0 0 0 0
1 1 0 0 0 0 1 1 1 1 0 0 0 0 0 0 0 0 0 0
1 1 0 0 0 0 1 1 1 1 0 0 0 0 0 0 0 0 0 0
1 1 0 0 0 0 1 1 1 1 0 0 0 0 0 0 0 0 0 0
1 1 0 0 0 0 1 1 1 1 0 0 0 0 0 0 0 0 0 0
1 1 0 0 0 0 1 1 1 1 0 0 0 0 0 0 0 0 0 0
1 1 0 0 0 0 1 1 1 1 0 0 0 0 0 0 0 0 0 0
1 1 0 0 0 0 1 1 1 1 0 0 0 0 0 0 0 0 0 0
1 1 0 0 0 0 1 1 1 1 0 0 0 0 0 0 0 0 0 0
1 1 0 0 0 0 1 1 1 1 0 0 0 0 0 0 0 0 0 0
1 1 0 0 0 0 1 1 1 0 0 0 0 0 0 0 0 0 0 1
1 1 0 0 0 0 1 1 1 0 0 0 0 0 0 0 0 0 0 1
SNV placement
0,0,-1	1,0,8	2,9,-1	3,9,-1	4,9,-1	5,10,-1	6,1,-1	7,1,-1	8,1,-1	9,13,-1	10,12,-1	11,12,-1	12,12,-1	13,12,-1	14,5,9	15,8,8	16,7,-1	17,9,9	18,10,10	19,14,-1	
((:0.28[&&NHX::N=4],((11|13|10|:0.12[&&NHX::S=+12|10|13|11|:N=12],35|36|37|12|:0.1[&&NHX::N=11]):0.13[&&NHX::N=6],((14|17|18|19|20|21|22|23|24|25|26|27|28|29|30|31|32|33|34|15|16|:0.15[&&NHX::S=+5|18|-18|:N=10],1|8|9|6|5|4|3|2|7|0|:0.21[&&NHX::S=+3|2|4|17|-14|17|:N=9]):0.19[&&NHX::S=+15|-1|15|:N=8],:0.13[&&NHX::S=+16|:N=7]):0.19[&&NHX::S=+14|:N=5]):0.21[&&NHX::N=3]):0.13[&&NHX::N=2],(48|49|:0.22[&&NHX::S=+19|:N=14],38|39|40|41|42|43|44|45|46|47|:0.11[&&NHX::S=+9|:N=13]):0.19[&&NHX::S=+8|7|6|:N=1]):0.05[&&NHX:S=0|1|:N=0];
restart: 4
Iteration 33522
Current probability is -1373.0868386633224
Restart	Tree_ID	initialFP	initalFN	initGamma	initialSigma	imputedFP	imputedFN	imputedMiss	estimatedFP	estimatedFN	estimatedMiss	estimatedSigma	Prob	P_DG	P_MG	P_MC	P_alpha	P_beta	P_gamma	P_sigma	P_G
4	33522	33522	0.01	0.2	0.2	0.05	0.01	0.2	0.2	0.02449539733234277	0.04107706535604198	0.19957241432071723	0.10782327867150414	-1373.0868386633224	-678.0711465455231	12.771096676066463	-667.7239605946281	-8.833155001602226	-10.029029476462535	-9.712954779221926	-9.967260938068359	-1.5204280038823457
1 0 1 1 1 0 0 0 0 0 0 0 0 0 0 0 0 0 0 0
1 0 1 1 1 0 0 0 0 0 0 0 0 0 0 0 0 0 0 0
1 0 1 1 1 0 0 0 0 0 0 0 0 0 0 0 0 0 0 0
1 0 1 1 1 0 0 0 0 0 0 0 0 0 0 0 0 0 0 0
1 0 1 1 1 0 0 0 0 0 0 0 0 0 0 0 0 0 0 0
1 0 1 1 1 0 0 0 0 0 0 0 0 0 0 0 0 0 0 0
1 0 1 1 1 0 0 0 0 0 0 0 0 0 0 0 0 0 0 0
1 0 1 1 1 0 0 0 0 0 0 0 0 0 0 0 0 0 0 0
1 0 1 1 1 0 0 0 0 0 0 0 0 0 0 0 0 0 0 0
1 0 1 1 1 0 0 0 0 0 0 0 0 0 0 0 0 0 0 0
1 1 0 0 0 0 0 0 0 0 1 1 1 1 0 0 0 0 0 0
1 1 0 0 0 0 0 0 0 0 1 1 1 1 0 0 0 0 0 0
1 1 0 0 0 0 0 0 0 0 0 0 0 0 0 0 0 0 0 0
1 1 0 0 0 0 0 0 0 0 1 1 1 1 0 0 0 0 0 0
1 0 0 0 0 1 0 0 0 0 0 0 0 0 1 0 0 0 0 0
1 0 0 0 0 1 0 0 0 0 0 0 0 0 1 0 0 0 0 0
1 0 0 0 0 1 0 0 0 0 0 0 0 0 1 0 0 0 0 0
1 0 0 0 0 1 0 0 0 0 0 0 0 0 1 0 0 0 0 0
1 0 0 0 0 1 0 0 0 0 0 0 0 0 1 0 0 0 0 0
1 0 0 0 0 1 0 0 0 0 0 0 0 0 1 0 0 0 0 0
1 0 0 0 0 1 0 0 0 0 0 0 0 0 1 0 0 0 0 0
1 0 0 0 0 1 0 0 0 0 0 0 0 0 1 0 0 0 0 0
1 0 0 0 0 1 0 0 0 0 0 0 0 0 1 0 0 0 0 0
1 0 0 0 0 1 0 0 0 0 0 0 0 0 1 0 0 0 0 0
1 0 0 0 0 1 0 0 0 0 0 0 0 0 1 0 0 0 0 0
1 0 0 0 0 1 0 0 0 0 0 0 0 0 1 0 0 0 0 0
1 0 0 0 0 1 0 0 0 0 0 0 0 0 1 0 0 0 0 0
1 0 0 0 0 1 0 0 0 0 0 0 0 0 1 0 0 0 0 0
1 0 0 0 0 1 0 0 0 0 0 0 0 0 1 0 0 0 0 0
1 0 0 0 0 1 0 0 0 0 0 0 0 0 1 0 0 0 0 0
1 0 0 0 0 1 0 0 0 0 0 0 0 0 1 0 0 0 0 0
1 0 0 0 0 1 0 0 0 0 0 0 0 0 1 0 0 0 0 0
1 0 0 0 0 1 0 0 0 0 0 0 0 0 1 0 0 0 0 0
1 0 0 0 0 1 0 0 0 0 0 0 0 0 1 0 0 0 0 0
1 0 0 0 0 1 0 0 0 0 0 0 0 0 1 0 0 0 0 0
1 1 0 0 0 0 0 0 0 0 0 0 0 0 0 0 0 0 0 0
1 1 0 0 0 0 0 0 0 0 0 0 0 0 0 0 0 0 0 0
1 1 0 0 0 0 0 0 0 0 0 0 0 0 0 0 0 0 0 0
1 1 0 0 0 0 1 1 1 1 0 0 0 0 0 0 0 0 0 0
1 1 0 0 0 0 1 1 1 1 0 0 0 0 0 0 0 0 0 0
1 1 0 0 0 0 1 1 1 1 0 0 0 0 0 0 0 0 0 0
1 1 0 0 0 0 1 1 1 1 0 0 0 0 0 0 0 0 0 0
1 1 0 0 0 0 1 1 1 1 0 0 0 0 0 0 0 0 0 0
1 1 0 0 0 0 1 1 1 1 0 0 0 0 0 0 0 0 0 0
1 1 0 0 0 0 1 1 1 1 0 0 0 0 0 0 0 0 0 0
1 1 0 0 0 0 1 1 1 1 0 0 0 0 0 0 0 0 0 0
1 1 0 0 0 0 1 1 1 1 0 0 0 0 0 0 0 0 0 0
1 1 0 0 0 0 1 1 1 1 0 0 0 0 0 0 0 0 0 0
1 1 0 0 0 0 1 1 1 0 0 0 0 0 0 0 0 0 0 1
1 1 0 0 0 0 1 1 1 0 0 0 0 0 0 0 0 0 0 1
SNV placement
0,0,-1	1,0,8	2,9,-1	3,9,-1	4,9,-1	5,10,-1	6,0,2	7,1,-1	8,1,-1	9,13,-1	10,12,-1	11,12,-1	12,12,-1	13,12,-1	14,5,9	15,13,13	16,7,-1	17,7,-1	18,10,10	19,14,-1	
((:0.28[&&NHX::N=4],((10|11|13|:0.12[&&NHX::S=+10|12|13|11|:N=12],35|36|37|12|:0.1[&&NHX::N=11]):0.13[&&NHX::N=6],((17|18|19|20|21|22|23|24|25|26|27|28|29|30|31|32|33|34|14|15|16|:0.15[&&NHX::S=+5|18|-18|:N=10],5|3|4|8|1|6|9|2|7|0|:0.21[&&NHX::S=+3|2|4|-14|:N=9]):0.19[&&NHX::S=-1|:N=8],:0.13[&&NHX::S=+17|16|:N=7]):0.19[&&NHX::S=+14|:N=5]):0.21[&&NHX::N=3]):0.13[&&NHX::S=-6|:N=2],(48|49|:0.22[&&NHX::S=+19|:N=14],38|39|40|41|42|43|44|45|46|47|:0.11[&&NHX::S=+15|9|-15|:N=13]):0.19[&&NHX::S=+7|8|:N=1]):0.05[&&NHX:S=0|1|6|:N=0];
restart: 5
Iteration 78631
Current probability is -1366.9960854832939
Restart	Tree_ID	initialFP	initalFN	initGamma	initialSigma	imputedFP	imputedFN	imputedMiss	estimatedFP	estimatedFN	estimatedMiss	estimatedSigma	Prob	P_DG	P_MG	P_MC	P_alpha	P_beta	P_gamma	P_sigma	P_G
5	78631	78631	0.01	0.2	0.2	0.05	0.01	0.2	0.2	0.023861763149617875	0.05764430914637263	0.20242851222254293	0.10121908033893062	-1366.9960854832939	-682.1743425212527	15.676191700303912	-661.0126142436878	-8.731444101766135	-9.812183311643716	-9.72376730602337	-9.757589264007239	-1.460336435216666
1 0 0 0 0 1 0 0 0 0 0 0 0 0 1 0 0 0 0 0
1 1 1 1 1 0 0 0 0 0 0 0 0 0 0 0 0 0 0 0
1 1 1 1 1 0 0 0 0 0 0 0 0 0 0 0 0 0 0 0
1 1 1 1 1 0 0 0 0 0 0 0 0 0 0 0 0 0 0 0
1 1 1 1 1 0 0 0 0 0 0 0 0 0 0 0 0 0 0 0
1 1 1 1 1 0 0 0 0 0 0 0 0 0 0 0 0 0 0 0
1 1 1 1 1 0 0 0 0 0 0 0 0 0 0 0 0 0 0 0
1 1 1 1 1 0 0 0 0 0 0 0 0 0 0 0 0 0 0 0
1 1 1 1 1 0 0 0 0 0 0 0 0 0 0 0 0 0 0 0
1 1 1 1 1 0 0 0 0 0 0 0 0 0 0 0 0 0 0 0
1 1 0 0 0 0 0 0 0 0 1 1 1 1 0 0 0 0 0 0
1 1 0 0 0 0 0 0 0 0 1 1 1 1 0 0 0 0 0 0
1 1 0 0 0 0 0 0 0 0 0 0 0 0 0 0 0 0 0 0
1 1 0 0 0 0 0 0 0 0 1 1 1 1 0 0 0 0 0 0
1 0 0 0 0 1 0 0 0 0 0 0 0 0 1 0 0 0 0 0
1 0 0 0 0 1 0 0 0 0 0 0 0 0 0 0 1 0 0 0
1 0 0 0 0 1 0 0 0 0 0 0 0 0 0 0 1 0 0 0
1 0 0 0 0 1 0 0 0 0 0 0 0 0 1 0 0 0 0 0
1 0 0 0 0 1 0 0 0 0 0 0 0 0 1 0 0 0 0 0
1 0 0 0 0 1 0 0 0 0 0 0 0 0 1 0 0 0 0 0
1 0 0 0 0 1 0 0 0 0 0 0 0 0 1 0 0 0 0 0
1 0 0 0 0 1 0 0 0 0 0 0 0 0 1 0 0 0 0 0
1 0 0 0 0 1 0 0 0 0 0 0 0 0 1 0 0 0 0 0
1 0 0 0 0 1 0 0 0 0 0 0 0 0 1 0 0 0 0 0
1 0 0 0 0 1 0 0 0 0 0 0 0 0 1 0 0 0 0 0
1 0 0 0 0 1 0 0 0 0 0 0 0 0 1 0 0 0 0 0
1 0 0 0 0 1 0 0 0 0 0 0 0 0 1 0 0 0 0 0
1 0 0 0 0 1 0 0 0 0 0 0 0 0 1 0 0 0 0 0
1 0 0 0 0 1 0 0 0 0 0 0 0 0 1 0 0 0 0 0
1 0 0 0 0 1 0 0 0 0 0 0 0 0 1 0 0 0 0 0
1 0 0 0 0 1 0 0 0 0 0 0 0 0 1 0 0 0 0 0
1 0 0 0 0 1 0 0 0 0 0 0 0 0 1 0 0 0 0 0
1 0 0 0 0 1 0 0 0 0 0 0 0 0 1 0 0 0 0 0
1 0 0 0 0 1 0 0 0 0 0 0 0 0 1 0 0 0 0 0
1 0 0 0 0 1 0 0 0 0 0 0 0 0 1 0 0 0 0 0
1 1 0 0 0 0 0 0 0 0 0 0 0 0 0 0 0 0 0 0
1 1 0 0 0 0 0 0 0 0 0 0 0 0 0 0 0 0 0 0
1 1 0 0 0 0 0 0 0 0 0 0 0 0 0 0 0 0 0 0
1 1 0 0 0 0 1 1 1 1 0 0 0 0 0 0 0 0 0 0
1 1 0 0 0 0 1 1 1 1 0 0 0 0 0 0 0 0 0 0
1 1 0 0 0 0 1 1 1 1 0 0 0 0 0 0 0 0 0 0
1 1 0 0 0 0 1 1 1 1 0 0 0 0 0 0 0 0 0 0
1 1 0 0 0 0 1 1 1 1 0 0 0 0 0 0 0 0 0 0
1 1 0 0 0 0 1 1 1 1 0 0 0 0 0 0 0 0 0 0
1 1 0 0 0 0 1 1 1 1 0 0 0 0 0 0 0 0 0 0
1 1 0 0 0 0 1 1 1 1 0 0 0 0 0 0 0 0 0 0
1 1 0 0 0 0 1 1 1 1 0 0 0 0 0 0 0 0 0 0
1 1 0 0 0 0 1 1 1 1 0 0 0 0 0 0 0 0 0 0
1 1 0 0 0 0 1 1 1 0 0 0 0 0 0 0 0 0 0 1
1 1 0 0 0 0 1 1 1 0 0 0 0 0 0 0 0 0 0 1
SNV placement
0,0,-1	1,0,8	2,7,-1	3,7,-1	4,7,-1	5,8,-1	6,1,-1	7,1,-1	8,1,-1	9,13,-1	10,12,-1	11,12,-1	12,12,-1	13,12,-1	14,10,-1	15,8,8	16,9,-1	17,9,9	18,10,10	19,14,-1	
((:0.28[&&NHX::N=4],((10|11|13|:0.12[&&NHX::S=+12|13|11|10|:N=12],35|36|37|12|:0.1[&&NHX::N=11]):0.13[&&NHX::N=6],((14|17|18|19|20|21|22|23|24|25|26|27|28|29|30|31|32|33|34|0|:0.15[&&NHX::S=+18|14|-18|:N=10],16|15|:0.21[&&NHX::S=+16|17|-17|:N=9]):0.19[&&NHX::S=+5|15|-1|15|:N=8],2|4|8|3|1|5|6|9|7|:0.13[&&NHX::S=+2|4|3|:N=7]):0.19[&&NHX::N=5]):0.21[&&NHX::N=3]):0.13[&&NHX::N=2],(48|49|:0.22[&&NHX::S=+19|:N=14],38|39|40|41|42|43|44|45|46|47|:0.11[&&NHX::S=+9|:N=13]):0.19[&&NHX::S=+8|7|6|:N=1]):0.05[&&NHX:S=0|1|:N=0];
restart: 6
Iteration 79075
Current probability is -1372.3339819925636
Restart	Tree_ID	initialFP	initalFN	initGamma	initialSigma	imputedFP	imputedFN	imputedMiss	estimatedFP	estimatedFN	estimatedMiss	estimatedSigma	Prob	P_DG	P_MG	P_MC	P_alpha	P_beta	P_gamma	P_sigma	P_G
6	79075	79075	0.01	0.2	0.2	0.05	0.01	0.2	0.2	0.02440970872579349	0.04184301550638045	0.19264591565415534	0.09310602078558078	-1372.3339819925636	-679.5080685144582	15.355605709025465	-668.6318847651087	-8.819355509794121	-10.01614809266855	-9.687964159819783	-9.508646807199495	-1.5175198525403188
1 0 1 1 1 0 0 0 0 0 0 0 0 0 0 0 0 0 0 0
1 0 1 1 1 0 0 0 0 0 0 0 0 0 0 0 0 0 0 0
1 0 1 1 1 0 0 0 0 0 0 0 0 0 0 0 0 0 0 0
1 0 1 1 1 0 0 0 0 0 0 0 0 0 0 0 0 0 0 0
1 0 1 1 1 0 0 0 0 0 0 0 0 0 0 0 0 0 0 0
1 0 1 1 1 0 0 0 0 0 0 0 0 0 0 0 0 0 0 0
1 0 1 1 1 0 0 0 0 0 0 0 0 0 0 0 0 0 0 0
1 0 1 1 1 0 0 0 0 0 0 0 0 0 0 0 0 0 0 0
1 0 1 1 1 0 0 0 0 0 0 0 0 0 0 0 0 0 0 0
1 0 1 1 1 0 0 0 0 0 0 0 0 0 0 0 0 0 0 0
1 1 0 0 0 0 0 0 0 0 1 1 1 1 0 0 0 0 0 0
1 1 0 0 0 0 0 0 0 0 1 1 1 1 0 0 0 0 0 0
1 1 0 0 0 0 0 0 0 0 0 0 0 0 0 0 0 0 0 0
1 1 0 0 0 0 0 0 0 0 1 1 1 1 0 0 0 0 0 0
1 0 0 0 0 1 0 0 0 0 0 0 0 0 1 0 0 0 0 0
1 0 0 0 0 1 0 0 0 0 0 0 0 0 1 0 0 0 0 0
1 0 0 0 0 1 0 0 0 0 0 0 0 0 1 0 0 0 0 0
1 0 0 0 0 1 0 0 0 0 0 0 0 0 1 0 0 0 0 0
1 0 0 0 0 1 0 0 0 0 0 0 0 0 1 0 0 0 0 0
1 0 0 0 0 1 0 0 0 0 0 0 0 0 1 0 0 0 0 0
1 0 0 0 0 1 0 0 0 0 0 0 0 0 1 0 0 0 0 0
1 0 0 0 0 1 0 0 0 0 0 0 0 0 1 0 0 0 0 0
1 0 0 0 0 1 0 0 0 0 0 0 0 0 1 0 0 0 0 0
1 0 0 0 0 1 0 0 0 0 0 0 0 0 1 0 0 0 0 0
1 0 0 0 0 1 0 0 0 0 0 0 0 0 1 0 0 0 0 0
1 0 0 0 0 1 0 0 0 0 0 0 0 0 1 0 0 0 0 0
1 0 0 0 0 1 0 0 0 0 0 0 0 0 1 0 0 0 0 0
1 0 0 0 0 1 0 0 0 0 0 0 0 0 1 0 0 0 0 0
1 0 0 0 0 1 0 0 0 0 0 0 0 0 1 0 0 0 0 0
1 0 0 0 0 1 0 0 0 0 0 0 0 0 1 0 0 0 0 0
1 0 0 0 0 1 0 0 0 0 0 0 0 0 1 0 0 0 0 0
1 0 0 0 0 1 0 0 0 0 0 0 0 0 1 0 0 0 0 0
1 0 0 0 0 1 0 0 0 0 0 0 0 0 1 0 0 0 0 0
1 0 0 0 0 1 0 0 0 0 0 0 0 0 1 0 0 0 0 0
1 0 0 0 0 1 0 0 0 0 0 0 0 0 1 0 0 0 0 0
1 1 0 0 0 0 0 0 0 0 0 0 0 0 0 0 0 0 0 0
1 1 0 0 0 0 0 0 0 0 0 0 0 0 0 0 0 0 0 0
1 1 0 0 0 0 0 0 0 0 0 0 0 0 0 0 0 0 0 0
1 1 0 0 0 0 1 1 1 0 0 0 0 0 0 0 0 0 0 0
1 1 0 0 0 0 1 1 1 0 0 0 0 0 0 0 0 0 0 0
1 1 0 0 0 0 1 1 1 0 0 0 0 0 0 0 0 0 0 0
1 1 0 0 0 0 1 1 1 0 0 0 0 0 0 0 0 0 0 0
1 1 0 0 0 0 1 1 1 0 0 0 0 0 0 0 0 0 0 0
1 1 0 0 0 0 1 1 1 0 0 0 0 0 0 0 0 0 0 0
1 1 0 0 0 0 1 1 1 0 0 0 0 0 0 0 0 0 0 0
1 1 0 0 0 0 1 1 1 0 0 0 0 0 0 0 0 0 0 0
1 1 0 0 0 0 1 1 1 0 0 0 0 0 0 0 0 0 0 0
1 1 0 0 0 0 1 1 1 0 0 0 0 0 0 0 0 0 0 0
1 1 0 0 0 0 1 1 1 0 0 0 0 0 0 0 0 0 0 1
1 1 0 0 0 0 1 1 1 0 0 0 0 0 0 0 0 0 0 1
SNV placement
0,0,-1	1,0,8	2,9,-1	3,9,-1	4,9,-1	5,10,-1	6,1,-1	7,1,-1	8,1,-1	9,11,11	10,12,-1	11,12,-1	12,12,-1	13,12,-1	14,5,9	15,13,13	16,7,-1	17,9,9	18,10,10	19,14,-1	
((:0.28[&&NHX::N=4],((13|11|10|:0.12[&&NHX::S=+13|10|12|11|:N=12],35|36|37|12|:0.1[&&NHX::S=+9|-9|:N=11]):0.13[&&NHX::N=6],((14|17|18|19|20|21|22|23|24|25|26|27|28|29|30|31|32|33|34|15|16|:0.15[&&NHX::S=+5|18|-18|:N=10],5|1|8|9|6|4|3|2|7|0|:0.21[&&NHX::S=+3|2|4|17|-14|17|:N=9]):0.19[&&NHX::S=-1|:N=8],:0.13[&&NHX::S=+16|:N=7]):0.19[&&NHX::S=+14|:N=5]):0.21[&&NHX::N=3]):0.13[&&NHX::N=2],(48|49|:0.22[&&NHX::S=+19|:N=14],38|39|40|41|42|43|44|45|46|47|:0.11[&&NHX::S=+15|-15|:N=13]):0.19[&&NHX::S=+8|7|6|:N=1]):0.05[&&NHX:S=0|1|:N=0];
restart: 7
Iteration 12119
Current probability is -1372.4921709539703
Restart	Tree_ID	initialFP	initalFN	initGamma	initialSigma	imputedFP	imputedFN	imputedMiss	estimatedFP	estimatedFN	estimatedMiss	estimatedSigma	Prob	P_DG	P_MG	P_MC	P_alpha	P_beta	P_gamma	P_sigma	P_G
7	12119	12119	0.01	0.2	0.2	0.05	0.01	0.2	0.2	0.026400405429875727	0.04874621747681612	0.21650029713499241	0.12701132126392461	-1372.4921709539703	-679.1407733796618	12.379353549614478	-664.7902360049553	-9.14334720259246	-9.914060598519448	-9.781167699716613	-10.607919097094767	-1.4940205210443112
1 0 1 1 1 0 0 0 0 0 0 0 0 0 0 0 0 0 0 0
1 0 1 1 1 0 0 0 0 0 0 0 0 0 0 0 0 0 0 0
1 0 1 1 1 0 0 0 0 0 0 0 0 0 0 0 0 0 0 0
1 0 1 1 1 0 0 0 0 0 0 0 0 0 0 0 0 0 0 0
1 0 1 1 1 0 0 0 0 0 0 0 0 0 0 0 0 0 0 0
1 0 1 1 1 0 0 0 0 0 0 0 0 0 0 0 0 0 0 0
1 0 1 1 1 0 0 0 0 0 0 0 0 0 0 0 0 0 0 0
1 0 1 1 1 0 0 0 0 0 0 0 0 0 0 0 0 0 0 0
1 0 1 1 1 0 0 0 0 0 0 0 0 0 0 0 0 0 0 0
1 0 1 1 1 0 0 0 0 0 0 0 0 0 0 0 0 0 0 0
1 1 0 0 0 0 0 0 0 0 1 1 1 1 0 0 0 0 0 0
1 1 0 0 0 0 0 0 0 0 1 1 1 1 0 0 0 0 0 0
1 1 0 0 0 0 0 0 0 0 0 0 0 0 0 0 0 0 0 0
1 1 0 0 0 0 0 0 0 0 1 1 1 1 0 0 0 0 0 0
1 0 0 0 0 1 0 0 0 0 0 0 0 0 1 0 0 0 0 0
1 0 0 0 0 1 0 0 0 0 0 0 0 0 1 0 0 0 0 0
1 0 0 0 0 1 0 0 0 0 0 0 0 0 1 0 0 0 0 0
1 0 0 0 0 1 0 0 0 0 0 0 0 0 1 0 0 0 0 0
1 0 0 0 0 1 0 0 0 0 0 0 0 0 1 0 0 0 0 0
1 0 0 0 0 1 0 0 0 0 0 0 0 0 1 0 0 0 0 0
1 0 0 0 0 1 0 0 0 0 0 0 0 0 1 0 0 0 0 0
1 0 0 0 0 1 0 0 0 0 0 0 0 0 1 0 0 0 0 0
1 0 0 0 0 1 0 0 0 0 0 0 0 0 1 0 0 0 0 0
1 0 0 0 0 1 0 0 0 0 0 0 0 0 1 0 0 0 0 0
1 0 0 0 0 1 0 0 0 0 0 0 0 0 1 0 0 0 0 0
1 0 0 0 0 1 0 0 0 0 0 0 0 0 1 0 0 0 0 0
1 0 0 0 0 1 0 0 0 0 0 0 0 0 1 0 0 0 0 0
1 0 0 0 0 1 0 0 0 0 0 0 0 0 1 0 0 0 0 0
1 0 0 0 0 1 0 0 0 0 0 0 0 0 1 0 0 0 0 0
1 0 0 0 0 1 0 0 0 0 0 0 0 0 1 0 0 0 0 0
1 0 0 0 0 1 0 0 0 0 0 0 0 0 1 0 0 0 0 0
1 0 0 0 0 1 0 0 0 0 0 0 0 0 1 0 0 0 0 0
1 0 0 0 0 1 0 0 0 0 0 0 0 0 1 0 0 0 0 0
1 0 0 0 0 1 0 0 0 0 0 0 0 0 1 0 0 0 0 0
1 0 0 0 0 1 0 0 0 0 0 0 0 0 1 0 0 0 0 0
1 1 0 0 0 0 0 0 0 0 0 0 0 0 0 0 0 0 0 0
1 1 0 0 0 0 0 0 0 0 0 0 0 0 0 0 0 0 0 0
1 1 0 0 0 0 0 0 0 0 0 0 0 0 0 0 0 0 0 0
1 1 0 0 0 0 1 1 1 1 0 0 0 0 0 0 0 0 0 0
1 1 0 0 0 0 1 1 1 1 0 0 0 0 0 0 0 0 0 0
1 1 0 0 0 0 1 1 1 1 0 0 0 0 0 0 0 0 0 0
1 1 0 0 0 0 1 1 1 1 0 0 0 0 0 0 0 0 0 0
1 1 0 0 0 0 1 1 1 1 0 0 0 0 0 0 0 0 0 0
1 1 0 0 0 0 1 1 1 1 0 0 0 0 0 0 0 0 0 0
1 1 0 0 0 0 1 1 1 1 0 0 0 0 0 0 0 0 0 0
1 1 0 0 0 0 1 1 1 1 0 0 0 0 0 0 0 0 0 0
1 1 0 0 0 0 1 1 1 1 0 0 0 0 0 0 0 0 0 0
1 1 0 0 0 0 1 1 1 1 0 0 0 0 0 0 0 0 0 0
1 1 0 0 0 0 1 1 1 0 0 0 0 0 0 0 0 0 0 1
1 1 0 0 0 0 1 1 1 0 0 0 0 0 0 0 0 0 0 1
SNV placement
0,0,-1	1,0,8	2,9,-1	3,9,-1	4,9,-1	5,10,-1	6,0,2	7,1,-1	8,1,-1	9,13,-1	10,12,-1	11,12,-1	12,12,-1	13,12,-1	14,5,9	15,13,13	16,4,-1	17,7,-1	18,10,10	19,14,-1	
((:0.28[&&NHX::S=+16|:N=4],((10|13|11|:0.12[&&NHX::S=+12|10|13|11|:N=12],35|36|37|12|:0.1[&&NHX::N=11]):0.13[&&NHX::N=6],((17|18|19|20|21|22|23|24|25|26|27|28|29|30|31|32|33|34|14|15|16|:0.15[&&NHX::S=+5|18|-18|:N=10],1|6|9|3|4|8|5|2|7|0|:0.21[&&NHX::S=+3|2|4|-14|:N=9]):0.19[&&NHX::S=-1|:N=8],:0.13[&&NHX::S=+17|:N=7]):0.19[&&NHX::S=+14|:N=5]):0.21[&&NHX::N=3]):0.13[&&NHX::S=-6|:N=2],(48|49|:0.22[&&NHX::S=+19|:N=14],38|39|40|41|42|43|44|45|46|47|:0.11[&&NHX::S=+9|15|-15|:N=13]):0.19[&&NHX::S=+8|7|:N=1]):0.05[&&NHX:S=0|1|6|:N=0];
restart: 8
Iteration 3905
Current probability is -1371.8054764918152
Restart	Tree_ID	initialFP	initalFN	initGamma	initialSigma	imputedFP	imputedFN	imputedMiss	estimatedFP	estimatedFN	estimatedMiss	estimatedSigma	Prob	P_DG	P_MG	P_MC	P_alpha	P_beta	P_gamma	P_sigma	P_G
8	3905	3905	0.01	0.2	0.2	0.05	0.01	0.2	0.2	0.028683422394118196	0.05990471496986048	0.20131452459162147	0.1310452522885608	-1371.8054764918152	-681.9853521344947	13.410272769483802	-661.993028331434	-9.522899684390312	-9.790530524297145	-9.719515370325267	-10.748019513032252	-1.456403703325372
1 0 1 1 1 0 0 0 0 0 0 0 0 0 0 0 0 0 0 0
1 0 1 1 1 0 0 0 0 0 0 0 0 0 0 0 0 0 0 0
1 0 1 1 1 0 0 0 0 0 0 0 0 0 0 0 0 0 0 0
1 0 1 1 1 0 0 0 0 0 0 0 0 0 0 0 0 0 0 0
1 0 1 1 1 0 0 0 0 0 0 0 0 0 0 0 0 0 0 0
1 0 1 1 1 0 0 0 0 0 0 0 0 0 0 0 0 0 0 0
1 0 1 1 1 0 0 0 0 0 0 0 0 0 0 0 0 0 0 0
1 0 1 1 1 0 0 0 0 0 0 0 0 0 0 0 0 0 0 0
1 0 1 1 1 0 0 0 0 0 0 0 0 0 0 0 0 0 0 0
1 0 1 1 1 0 0 0 0 0 0 0 0 0 0 0 0 0 0 0
1 1 0 0 0 0 0 0 0 0 1 1 1 1 0 0 0 0 0 0
1 1 0 0 0 0 0 0 0 0 1 1 1 1 0 0 0 0 0 0
1 1 0 0 0 0 0 0 0 0 0 0 0 0 0 0 0 0 0 0
1 1 0 0 0 0 0 0 0 0 1 1 1 1 0 0 0 0 0 0
1 0 0 0 0 1 0 0 0 0 0 0 0 0 1 0 0 0 0 0
1 0 0 0 0 1 0 0 0 0 0 0 0 0 1 0 0 0 0 0
1 0 0 0 0 1 0 0 0 0 0 0 0 0 1 0 0 0 0 0
1 0 0 0 0 1 0 0 0 0 0 0 0 0 1 0 0 0 0 0
1 0 0 0 0 1 0 0 0 0 0 0 0 0 1 0 0 0 0 0
1 0 0 0 0 1 0 0 0 0 0 0 0 0 1 0 0 0 0 0
1 0 0 0 0 1 0 0 0 0 0 0 0 0 1 0 0 0 0 0
1 0 0 0 0 1 0 0 0 0 0 0 0 0 1 0 0 0 0 0
1 0 0 0 0 1 0 0 0 0 0 0 0 0 1 0 0 0 0 0
1 0 0 0 0 1 0 0 0 0 0 0 0 0 1 0 0 0 0 0
1 0 0 0 0 1 0 0 0 0 0 0 0 0 1 0 0 0 0 0
1 0 0 0 0 1 0 0 0 0 0 0 0 0 1 0 0 0 0 0
1 0 0 0 0 1 0 0 0 0 0 0 0 0 1 0 0 0 0 0
1 0 0 0 0 1 0 0 0 0 0 0 0 0 1 0 0 0 0 0
1 0 0 0 0 1 0 0 0 0 0 0 0 0 1 0 0 0 0 0
1 0 0 0 0 1 0 0 0 0 0 0 0 0 1 0 0 0 0 0
1 0 0 0 0 1 0 0 0 0 0 0 0 0 1 0 0 0 0 0
1 0 0 0 0 1 0 0 0 0 0 0 0 0 1 0 0 0 0 0
1 0 0 0 0 1 0 0 0 0 0 0 0 0 1 0 0 0 0 0
1 0 0 0 0 1 0 0 0 0 0 0 0 0 1 0 0 0 0 0
1 0 0 0 0 1 0 0 0 0 0 0 0 0 1 0 0 0 0 0
1 1 0 0 0 0 0 0 0 0 0 0 0 0 0 0 0 0 0 0
1 1 0 0 0 0 0 0 0 0 0 0 0 0 0 0 0 0 0 0
1 1 0 0 0 0 0 0 0 0 0 0 0 0 0 0 0 0 0 0
1 1 0 0 0 0 1 1 1 0 0 0 0 0 0 0 0 0 0 0
1 1 0 0 0 0 1 1 1 0 0 0 0 0 0 0 0 0 0 0
1 1 0 0 0 0 1 1 1 0 0 0 0 0 0 0 0 0 0 0
1 1 0 0 0 0 1 1 1 0 0 0 0 0 0 0 0 0 0 0
1 1 0 0 0 0 1 1 1 0 0 0 0 0 0 0 0 0 0 0
1 1 0 0 0 0 1 1 1 0 0 0 0 0 0 0 0 0 0 0
1 1 0 0 0 0 1 1 1 0 0 0 0 0 0 0 0 0 0 0
1 1 0 0 0 0 1 1 1 0 0 0 0 0 0 0 0 0 0 0
1 1 0 0 0 0 1 1 1 0 0 0 0 0 0 0 0 0 0 0
1 1 0 0 0 0 1 1 1 0 0 0 0 0 0 0 0 0 0 0
1 1 0 0 0 0 1 1 1 0 0 0 0 0 0 0 0 0 0 1
1 1 0 0 0 0 1 1 1 0 0 0 0 0 0 0 0 0 0 1
SNV placement
0,0,-1	1,0,8	2,9,-1	3,9,-1	4,9,-1	5,10,-1	6,0,2	7,1,-1	8,1,-1	9,11,11	10,12,-1	11,12,-1	12,12,-1	13,12,-1	14,5,9	15,4,-1	16,7,-1	17,9,9	18,10,10	19,14,-1	
((:0.28[&&NHX::S=+15|:N=4],((13|10|11|:0.12[&&NHX::S=+10|12|11|13|:N=12],35|36|37|12|:0.1[&&NHX::S=+9|-9|:N=11]):0.13[&&NHX::N=6],((15|16|17|18|19|20|21|22|23|24|25|26|27|28|29|30|31|32|33|34|14|:0.15[&&NHX::S=+5|18|-18|:N=10],9|8|1|3|4|5|6|2|7|0|:0.21[&&NHX::S=+2|4|3|17|-14|17|:N=9]):0.19[&&NHX::S=-1|:N=8],:0.13[&&NHX::S=+16|:N=7]):0.19[&&NHX::S=+14|:N=5]):0.21[&&NHX::N=3]):0.13[&&NHX::S=-6|:N=2],(48|49|:0.22[&&NHX::S=+19|:N=14],38|39|40|41|42|43|44|45|46|47|:0.11[&&NHX::N=13]):0.19[&&NHX::S=+7|8|:N=1]):0.05[&&NHX:S=0|6|1|:N=0];
restart: 9
Iteration 97540
Current probability is -1372.4000855296415
Restart	Tree_ID	initialFP	initalFN	initGamma	initialSigma	imputedFP	imputedFN	imputedMiss	estimatedFP	estimatedFN	estimatedMiss	estimatedSigma	Prob	P_DG	P_MG	P_MC	P_alpha	P_beta	P_gamma	P_sigma	P_G
9	97540	97540	0.01	0.2	0.2	0.05	0.01	0.2	0.2	0.039211430602606956	0.05277327900155671	0.1927379460284976	0.13068691372895644	-1372.4000855296415	-676.0582670884734	14.3186238020015	-667.5247641754069	-11.35717121823947	-9.864380098325883	-9.68828453231893	-10.735502850558753	-1.4903393683195636
1 0 1 1 1 0 0 0 0 0 0 0 0 0 0 0 0 0 0 0
1 0 1 1 1 0 0 0 0 0 0 0 0 0 0 0 0 0 0 0
1 0 1 1 1 0 0 0 0 0 0 0 0 0 0 0 0 0 0 0
1 0 1 1 1 0 0 0 0 0 0 0 0 0 0 0 0 0 0 0
1 0 1 1 1 0 0 0 0 0 0 0 0 0 0 0 0 0 0 0
1 0 1 1 1 0 0 0 0 0 0 0 0 0 0 0 0 0 0 0
1 0 1 1 1 0 0 0 0 0 0 0 0 0 0 0 0 0 0 0
1 0 1 1 1 0 0 0 0 0 0 0 0 0 0 0 0 0 0 0
1 0 1 1 1 0 0 0 0 0 0 0 0 0 0 0 0 0 0 0
1 0 1 1 1 0 0 0 0 0 0 0 0 0 0 0 0 0 0 0
1 1 0 0 0 0 0 0 0 0 1 1 1 1 0 0 0 0 0 0
1 1 0 0 0 0 0 0 0 0 1 1 1 1 0 0 0 0 0 0
1 1 0 0 0 0 0 0 0 0 0 0 0 0 0 0 0 0 0 0
1 1 0 0 0 0 0 0 0 0 1 1 1 1 0 0 0 0 0 0
1 0 0 0 0 1 0 0 0 0 0 0 0 0 1 0 0 0 0 0
1 0 0 0 0 1 0 0 0 0 0 0 0 0 1 0 0 0 0 0
1 0 0 0 0 1 0 0 0 0 0 0 0 0 1 0 0 0 0 0
1 0 0 0 0 1 0 0 0 0 0 0 0 0 1 0 0 0 0 0
1 0 0 0 0 1 0 0 0 0 0 0 0 0 1 0 0 0 0 0
1 0 0 0 0 1 0 0 0 0 0 0 0 0 1 0 0 0 0 0
1 0 0 0 0 1 0 0 0 0 0 0 0 0 1 0 0 0 0 0
1 0 0 0 0 1 0 0 0 0 0 0 0 0 1 0 0 0 0 0
1 0 0 0 0 1 0 0 0 0 0 0 0 0 1 0 0 0 0 0
1 0 0 0 0 1 0 0 0 0 0 0 0 0 1 0 0 0 0 0
1 0 0 0 0 1 0 0 0 0 0 0 0 0 1 0 0 0 0 0
1 0 0 0 0 1 0 0 0 0 0 0 0 0 1 0 0 0 0 0
1 0 0 0 0 1 0 0 0 0 0 0 0 0 1 0 0 0 0 0
1 0 0 0 0 1 0 0 0 0 0 0 0 0 1 0 0 0 0 0
1 0 0 0 0 1 0 0 0 0 0 0 0 0 1 0 0 0 0 0
1 0 0 0 0 1 0 0 0 0 0 0 0 0 1 0 0 0 0 0
1 0 0 0 0 1 0 0 0 0 0 0 0 0 1 0 0 0 0 0
1 0 0 0 0 1 0 0 0 0 0 0 0 0 1 0 0 0 0 0
1 0 0 0 0 1 0 0 0 0 0 0 0 0 1 0 0 0 0 0
1 0 0 0 0 1 0 0 0 0 0 0 0 0 1 0 0 0 0 0
1 0 0 0 0 1 0 0 0 0 0 0 0 0 1 0 0 0 0 0
1 1 0 0 0 0 0 0 0 0 0 0 0 0 0 0 0 0 0 0
1 1 0 0 0 0 0 0 0 0 0 0 0 0 0 0 0 0 0 0
1 1 0 0 0 0 0 0 0 0 0 0 0 0 0 0 0 0 0 0
1 1 0 0 0 0 1 1 1 1 0 0 0 0 0 0 0 0 0 0
1 1 0 0 0 0 1 1 1 1 0 0 0 0 0 0 0 0 0 0
1 1 0 0 0 0 1 1 1 1 0 0 0 0 0 0 0 0 0 0
1 1 0 0 0 0 1 1 1 1 0 0 0 0 0 0 0 0 0 0
1 1 0 0 0 0 1 1 1 1 0 0 0 0 0 0 0 0 0 0
1 1 0 0 0 0 1 1 1 1 0 0 0 0 0 0 0 0 0 0
1 1 0 0 0 0 1 1 1 1 0 0 0 0 0 0 0 0 0 0
1 1 0 0 0 0 1 1 1 1 0 0 0 0 0 0 0 0 0 0
1 1 0 0 0 0 1 1 1 1 0 0 0 0 0 0 0 0 0 0
1 1 0 0 0 0 1 1 1 1 0 0 0 0 0 0 0 0 0 0
1 1 0 0 0 0 1 1 1 0 0 0 0 0 0 0 0 0 0 1
1 1 0 0 0 0 1 1 1 0 0 0 0 0 0 0 0 0 0 1
SNV placement
0,0,-1	1,0,8	2,9,-1	3,9,-1	4,9,-1	5,10,-1	6,0,2	7,1,-1	8,1,-1	9,13,-1	10,12,-1	11,12,-1	12,12,-1	13,12,-1	14,5,9	15,13,13	16,7,-1	17,9,9	18,10,10	19,14,-1	
((:0.28[&&NHX::N=4],((10|11|13|:0.12[&&NHX::S=+12|13|10|11|:N=12],35|36|37|12|:0.1[&&NHX::N=11]):0.13[&&NHX::N=6],((14|15|17|18|19|20|21|22|23|24|25|26|27|28|29|30|31|32|33|34|16|:0.15[&&NHX::S=+5|18|-18|:N=10],1|3|4|6|8|9|5|2|7|0|:0.21[&&NHX::S=+3|2|4|17|-14|17|:N=9]):0.19[&&NHX::S=-1|:N=8],:0.13[&&NHX::S=+16|:N=7]):0.19[&&NHX::S=+14|:N=5]):0.21[&&NHX::N=3]):0.13[&&NHX::S=-6|:N=2],(48|49|:0.22[&&NHX::S=+19|:N=14],38|39|40|41|42|43|44|45|46|47|:0.11[&&NHX::S=+15|9|-15|:N=13]):0.19[&&NHX::S=+7|8|:N=1]):0.05[&&NHX:S=0|1|6|:N=0];
